2025-04-02 13:00:27,636 - INFO - Finished the delete lineup config process.
2025-04-02 13:00:27,637 - INFO - Finished the delete lineup folders process.
2025-04-02 13:00:27,638 - INFO - Finished the delete pool process.
2025-04-02 13:00:27,639 - INFO - Finished the delete lineup process.
2025-04-02 13:00:27,642 - INFO - Finished the get lineup configs process.
2025-04-02 13:00:27,643 - INFO - Finished the get_lineup_folders process.
2025-04-02 13:00:27,644 - INFO - Finished the get_lineups process.
2025-04-02 13:00:27,645 - INFO - Finished the get_logs process.
2025-04-02 13:00:27,646 - INFO - Finished the pools process.
2025-04-02 13:00:27,647 - INFO - Finished the get_resources process.
2025-04-02 13:00:27,648 - INFO - Finished the get_sources process.
2025-04-02 13:00:27,649 - INFO - Finished the post_lineup_config process.
2025-04-02 13:00:27,650 - INFO - Finished the post_lineup_folders process.
2025-04-02 13:00:27,651 - INFO - Finished the post_lineups process.
2025-04-02 13:00:27,652 - INFO - Finished the post_pools process.
2025-04-02 13:00:27,653 - INFO - Finished the put_lineups process.
2025-04-02 13:00:27,653 - INFO - Finished the put_lineup_config process.
2025-04-02 13:00:27,654 - INFO - Finished the put_lineup_folders process.
2025-04-02 13:00:27,656 - INFO - Finished the put_pools process.
2025-04-02 13:00:27,687 - WARNING -  * Debugger is active!
2025-04-02 13:00:27,689 - INFO -  * Debugger PIN: 627-281-010
2025-04-02 14:17:15,995 - INFO -  * Detected change in 'C:\\Users\\nkalyani\\PycharmProjects\\FlaskBackend\\scripts\\get_config_id.py', reloading
