2025-05-30 19:07:18,754 - INFO - Finished the delete lineup config process.
2025-05-30 19:07:18,755 - INFO - Finished the delete lineup folders process.
2025-05-30 19:07:18,757 - INFO - Finished the delete pool process.
2025-05-30 19:07:18,758 - INFO - Finished the delete lineup process.
2025-05-30 19:07:18,762 - INFO - Finished the get lineup configs process.
2025-05-30 19:07:18,764 - INFO - Finished the get lineup configs process.
2025-05-30 19:07:18,765 - INFO - Finished the get_lineup_folders process.
2025-05-30 19:07:18,767 - INFO - Finished the get_lineups process.
2025-05-30 19:07:18,768 - INFO - Finished the get_logs process.
2025-05-30 19:07:18,770 - INFO - Finished the pools process.
2025-05-30 19:07:18,771 - INFO - Finished the get_resources process.
2025-05-30 19:07:18,773 - INFO - Finished the get_sources process.
2025-05-30 19:07:18,774 - INFO - Finished the post_lineup_config process.
2025-05-30 19:07:18,776 - INFO - Finished the post_lineup_folders process.
2025-05-30 19:07:18,778 - INFO - Finished the post_lineups process.
2025-05-30 19:07:18,779 - INFO - Finished the post_pools process.
2025-05-30 19:07:18,780 - INFO - Finished the put_lineups process.
2025-05-30 19:07:18,782 - INFO - Finished the put_lineup_config process.
2025-05-30 19:07:18,783 - INFO - Finished the put_lineup_folders process.
2025-05-30 19:07:18,784 - INFO - Finished the put_pools process.
2025-05-30 19:07:18,855 - INFO - [31m[1mWARNING: This is a development server. Do not use it in a production deployment. Use a production WSGI server instead.[0m
 * Running on http://127.0.0.1:5000
2025-05-30 19:07:18,855 - INFO - [33mPress CTRL+C to quit[0m
2025-05-30 19:07:18,857 - INFO -  * Restarting with stat
