2025-04-01 18:41:07,806 - INFO - Finished the delete lineup config process.
2025-04-01 18:41:07,807 - INFO - Finished the delete lineup folders process.
2025-04-01 18:41:07,808 - INFO - Finished the delete pool process.
2025-04-01 18:41:07,809 - INFO - Finished the delete lineup process.
2025-04-01 18:41:07,815 - INFO - Finished the get lineup configs process.
2025-04-01 18:41:07,816 - INFO - Finished the get_lineup_folders process.
2025-04-01 18:41:07,817 - INFO - Finished the get_lineups process.
2025-04-01 18:41:07,817 - INFO - Finished the get_logs process.
2025-04-01 18:41:07,818 - INFO - Finished the pools process.
2025-04-01 18:41:07,818 - INFO - Finished the get_resources process.
2025-04-01 18:41:07,819 - INFO - Finished the get_sources process.
2025-04-01 18:41:07,819 - INFO - Finished the post_lineup_config process.
2025-04-01 18:41:07,820 - INFO - Finished the post_lineup_folders process.
2025-04-01 18:41:07,820 - INFO - Finished the post_lineups process.
2025-04-01 18:41:07,821 - INFO - Finished the post_pools process.
2025-04-01 18:41:07,821 - INFO - Finished the put_lineups process.
2025-04-01 18:41:07,822 - INFO - Finished the put_lineup_config process.
2025-04-01 18:41:07,822 - INFO - Finished the put_lineup_folders process.
2025-04-01 18:41:07,823 - INFO - Finished the put_pools process.
2025-04-01 18:41:07,845 - WARNING -  * Debugger is active!
2025-04-01 18:41:07,847 - INFO -  * Debugger PIN: 627-281-010
2025-04-01 18:41:17,021 - INFO -  * Detected change in 'C:\\Users\\nkalyani\\PycharmProjects\\FlaskBackend\\app.py', reloading
