2025-04-02 14:17:16,719 - INFO - Finished the delete lineup config process.
2025-04-02 14:17:16,719 - INFO - Finished the delete lineup folders process.
2025-04-02 14:17:16,720 - INFO - Finished the delete pool process.
2025-04-02 14:17:16,721 - INFO - Finished the delete lineup process.
2025-04-02 14:17:16,727 - INFO - Finished the get lineup configs process.
2025-04-02 14:17:16,728 - INFO - Finished the get_lineup_folders process.
2025-04-02 14:17:16,729 - INFO - Finished the get_lineups process.
2025-04-02 14:17:16,730 - INFO - Finished the get_logs process.
2025-04-02 14:17:16,730 - INFO - Finished the pools process.
2025-04-02 14:17:16,731 - INFO - Finished the get_resources process.
2025-04-02 14:17:16,732 - INFO - Finished the get_sources process.
2025-04-02 14:17:16,733 - INFO - Finished the post_lineup_config process.
2025-04-02 14:17:16,733 - INFO - Finished the post_lineup_folders process.
2025-04-02 14:17:16,734 - INFO - Finished the post_lineups process.
2025-04-02 14:17:16,734 - INFO - Finished the post_pools process.
2025-04-02 14:17:16,735 - INFO - Finished the put_lineups process.
2025-04-02 14:17:16,735 - INFO - Finished the put_lineup_config process.
2025-04-02 14:17:16,736 - INFO - Finished the put_lineup_folders process.
2025-04-02 14:17:16,736 - INFO - Finished the put_pools process.
2025-04-02 14:17:16,770 - WARNING -  * Debugger is active!
2025-04-02 14:17:16,775 - INFO -  * Debugger PIN: 627-281-010
2025-04-02 14:17:35,252 - INFO -  * Detected change in 'C:\\Users\\nkalyani\\PycharmProjects\\FlaskBackend\\app.py', reloading
