2025-03-28 18:37:05,312 - INFO - Finished the delete lineup folders process.
2025-03-28 18:37:05,312 - INFO - Finished the delete pool process.
2025-03-28 18:37:05,313 - INFO - Finished the delete lineup process.
2025-03-28 18:37:05,314 - INFO - Finished the get lineup configs process.
2025-03-28 18:37:05,320 - INFO - Finished the get_lineup_folders process.
2025-03-28 18:37:05,320 - INFO - Finished the get_lineups process.
2025-03-28 18:37:05,321 - INFO - Finished the get_logs process.
2025-03-28 18:37:05,322 - INFO - Finished the pools process.
2025-03-28 18:37:05,322 - INFO - Finished the get_resources process.
2025-03-28 18:37:05,323 - INFO - Finished the get_sources process.
2025-03-28 18:37:05,324 - INFO - Finished the post_lineup_config process.
2025-03-28 18:37:05,325 - INFO - Finished the post_lineup_folders process.
2025-03-28 18:37:05,325 - INFO - Finished the post_lineups process.
2025-03-28 18:37:05,326 - INFO - Finished the post_pools process.
2025-03-28 18:37:05,327 - INFO - Finished the put_lineups process.
2025-03-28 18:37:05,328 - INFO - Finished the put_lineup_folders process.
2025-03-28 18:37:05,328 - INFO - Finished the put_pools process.
2025-03-28 18:37:05,349 - WARNING -  * Debugger is active!
2025-03-28 18:37:05,350 - INFO -  * Debugger PIN: 627-281-010
2025-03-28 18:37:42,686 - INFO -  * Detected change in 'C:\\Users\\nkalyani\\PycharmProjects\\FlaskBackend\\app.py', reloading
