2025-04-01 15:14:46,678 - INFO - Finished the delete lineup folders process.
2025-04-01 15:14:46,679 - INFO - Finished the delete pool process.
2025-04-01 15:14:46,680 - INFO - Finished the delete lineup process.
2025-04-01 15:14:46,681 - INFO - Finished the get lineup configs process.
2025-04-01 15:14:46,683 - INFO - Finished the get_lineup_folders process.
2025-04-01 15:14:46,683 - INFO - Finished the get_lineups process.
2025-04-01 15:14:46,684 - INFO - Finished the get_logs process.
2025-04-01 15:14:46,685 - INFO - Finished the pools process.
2025-04-01 15:14:46,685 - INFO - Finished the get_resources process.
2025-04-01 15:14:46,686 - INFO - Finished the get_sources process.
2025-04-01 15:14:46,687 - INFO - Finished the post_lineup_config process.
2025-04-01 15:14:46,688 - INFO - Finished the post_lineup_folders process.
2025-04-01 15:14:46,688 - INFO - Finished the post_lineups process.
2025-04-01 15:14:46,689 - INFO - Finished the post_pools process.
2025-04-01 15:14:46,689 - INFO - Finished the put_lineups process.
2025-04-01 15:14:46,689 - INFO - Finished the put_lineup_config process.
2025-04-01 15:14:46,690 - INFO - Finished the put_lineup_folders process.
2025-04-01 15:14:46,690 - INFO - Finished the put_pools process.
2025-04-01 15:14:46,712 - WARNING -  * Debugger is active!
2025-04-01 15:14:46,714 - INFO -  * Debugger PIN: 627-281-010
2025-04-01 15:15:14,135 - INFO -  * Detected change in 'C:\\Users\\nkalyani\\PycharmProjects\\FlaskBackend\\app.py', reloading
