2025-04-02 14:52:13,584 - INFO - Finished the delete lineup config process.
2025-04-02 14:52:13,585 - INFO - Finished the delete lineup folders process.
2025-04-02 14:52:13,586 - INFO - Finished the delete pool process.
2025-04-02 14:52:13,586 - INFO - Finished the delete lineup process.
2025-04-02 14:52:13,589 - INFO - Finished the get lineup configs process.
2025-04-02 14:52:13,590 - INFO - Finished the get lineup configs process.
2025-04-02 14:52:13,591 - INFO - Finished the get_lineup_folders process.
2025-04-02 14:52:13,591 - INFO - Finished the get_lineups process.
2025-04-02 14:52:13,592 - INFO - Finished the get_logs process.
2025-04-02 14:52:13,593 - INFO - Finished the pools process.
2025-04-02 14:52:13,593 - INFO - Finished the get_resources process.
2025-04-02 14:52:13,594 - INFO - Finished the get_sources process.
2025-04-02 14:52:13,594 - INFO - Finished the post_lineup_config process.
2025-04-02 14:52:13,595 - INFO - Finished the post_lineup_folders process.
2025-04-02 14:52:13,595 - INFO - Finished the post_lineups process.
2025-04-02 14:52:13,596 - INFO - Finished the post_pools process.
2025-04-02 14:52:13,596 - INFO - Finished the put_lineups process.
2025-04-02 14:52:13,599 - INFO - Finished the put_lineup_config process.
2025-04-02 14:52:13,599 - INFO - Finished the put_lineup_folders process.
2025-04-02 14:52:13,600 - INFO - Finished the put_pools process.
2025-04-02 14:52:13,629 - INFO - [31m[1mWARNING: This is a development server. Do not use it in a production deployment. Use a production WSGI server instead.[0m
 * Running on http://127.0.0.1:5000
2025-04-02 14:52:13,629 - INFO - [33mPress CTRL+C to quit[0m
2025-04-02 14:52:13,630 - INFO -  * Restarting with stat
2025-04-02 14:55:15,631 - INFO -  * Restarting with stat
