2025-04-01 15:13:10,833 - INFO - Finished the delete lineup folders process.
2025-04-01 15:13:10,833 - INFO - Finished the delete pool process.
2025-04-01 15:13:10,834 - INFO - Finished the delete lineup process.
2025-04-01 15:13:10,836 - INFO - Finished the get lineup configs process.
2025-04-01 15:13:10,842 - INFO - Finished the get_lineup_folders process.
2025-04-01 15:13:10,843 - INFO - Finished the get_lineups process.
2025-04-01 15:13:10,844 - INFO - Finished the get_logs process.
2025-04-01 15:13:10,844 - INFO - Finished the pools process.
2025-04-01 15:13:10,845 - INFO - Finished the get_resources process.
2025-04-01 15:13:10,846 - INFO - Finished the get_sources process.
2025-04-01 15:13:10,847 - INFO - Finished the post_lineup_config process.
2025-04-01 15:13:10,848 - INFO - Finished the post_lineup_folders process.
2025-04-01 15:13:10,848 - INFO - Finished the post_lineups process.
2025-04-01 15:13:10,849 - INFO - Finished the post_pools process.
2025-04-01 15:13:10,850 - INFO - Finished the put_lineups process.
2025-04-01 15:13:10,850 - INFO - Finished the put_lineup_config process.
2025-04-01 15:13:10,851 - INFO - Finished the put_lineup_folders process.
2025-04-01 15:13:10,851 - INFO - Finished the put_pools process.
2025-04-01 15:13:10,872 - WARNING -  * Debugger is active!
2025-04-01 15:13:10,874 - INFO -  * Debugger PIN: 627-281-010
2025-04-01 15:14:38,261 - INFO -  * Detected change in 'C:\\Users\\nkalyani\\PycharmProjects\\FlaskBackend\\scripts\\delete_lineup_config.py', reloading
