2025-04-01 15:14:38,897 - INFO - Finished the delete lineup folders process.
2025-04-01 15:14:38,898 - INFO - Finished the delete pool process.
2025-04-01 15:14:38,899 - INFO - Finished the delete lineup process.
2025-04-01 15:14:38,900 - INFO - Finished the get lineup configs process.
2025-04-01 15:14:38,906 - INFO - Finished the get_lineup_folders process.
2025-04-01 15:14:38,907 - INFO - Finished the get_lineups process.
2025-04-01 15:14:38,908 - INFO - Finished the get_logs process.
2025-04-01 15:14:38,908 - INFO - Finished the pools process.
2025-04-01 15:14:38,909 - INFO - Finished the get_resources process.
2025-04-01 15:14:38,909 - INFO - Finished the get_sources process.
2025-04-01 15:14:38,910 - INFO - Finished the post_lineup_config process.
2025-04-01 15:14:38,910 - INFO - Finished the post_lineup_folders process.
2025-04-01 15:14:38,911 - INFO - Finished the post_lineups process.
2025-04-01 15:14:38,911 - INFO - Finished the post_pools process.
2025-04-01 15:14:38,912 - INFO - Finished the put_lineups process.
2025-04-01 15:14:38,912 - INFO - Finished the put_lineup_config process.
2025-04-01 15:14:38,913 - INFO - Finished the put_lineup_folders process.
2025-04-01 15:14:38,913 - INFO - Finished the put_pools process.
2025-04-01 15:14:38,934 - WARNING -  * Debugger is active!
2025-04-01 15:14:38,936 - INFO -  * Debugger PIN: 627-281-010
2025-04-01 15:14:46,066 - INFO -  * Detected change in 'C:\\Users\\nkalyani\\PycharmProjects\\FlaskBackend\\scripts\\delete_lineup_config.py', reloading
