2025-04-01 18:55:20,898 - INFO - Finished the delete lineup config process.
2025-04-01 18:55:20,899 - INFO - Finished the delete lineup folders process.
2025-04-01 18:55:20,900 - INFO - Finished the delete pool process.
2025-04-01 18:55:20,902 - INFO - Finished the delete lineup process.
2025-04-01 18:55:20,906 - INFO - Finished the get lineup configs process.
2025-04-01 18:55:20,908 - INFO - Finished the get_lineup_folders process.
2025-04-01 18:55:20,909 - INFO - Finished the get_lineups process.
2025-04-01 18:55:20,911 - INFO - Finished the get_logs process.
2025-04-01 18:55:20,912 - INFO - Finished the pools process.
2025-04-01 18:55:20,913 - INFO - Finished the get_resources process.
2025-04-01 18:55:20,914 - INFO - Finished the get_sources process.
2025-04-01 18:55:20,915 - INFO - Finished the post_lineup_config process.
2025-04-01 18:55:20,917 - INFO - Finished the post_lineup_folders process.
2025-04-01 18:55:20,918 - INFO - Finished the post_lineups process.
2025-04-01 18:55:20,919 - INFO - Finished the post_pools process.
2025-04-01 18:55:20,920 - INFO - Finished the put_lineups process.
2025-04-01 18:55:20,922 - INFO - Finished the put_lineup_config process.
2025-04-01 18:55:20,923 - INFO - Finished the put_lineup_folders process.
2025-04-01 18:55:20,924 - INFO - Finished the put_pools process.
2025-04-01 18:55:20,968 - WARNING -  * Debugger is active!
2025-04-01 18:55:20,971 - INFO -  * Debugger PIN: 627-281-010
2025-04-01 18:55:36,421 - INFO -  * Detected change in 'C:\\Users\\nkalyani\\PycharmProjects\\FlaskBackend\\app.py', reloading
