2025-03-27 11:25:50,073 - INFO - Finished the delete lineup folders process.
2025-03-27 11:25:50,075 - INFO - Finished the delete pool process.
2025-03-27 11:25:50,077 - INFO - Finished the delete lineup process.
2025-03-27 11:25:50,082 - INFO - Finished the get lineup configs process.
2025-03-27 11:25:50,085 - INFO - Finished the get_lineup_folders process.
2025-03-27 11:25:50,087 - INFO - Finished the get_lineups process.
2025-03-27 11:25:50,089 - INFO - Finished the get_logs process.
2025-03-27 11:25:50,091 - INFO - Finished the pools process.
2025-03-27 11:25:50,094 - INFO - Finished the post_lineup_config process.
2025-03-27 11:25:50,096 - INFO - Finished the post_lineup_folders process.
2025-03-27 11:25:50,098 - INFO - Finished the post_lineups process.
2025-03-27 11:25:50,100 - INFO - Finished the post_pools process.
2025-03-27 11:25:50,101 - INFO - Finished the put_lineups process.
2025-03-27 11:25:50,103 - INFO - Finished the put_lineup_folders process.
2025-03-27 11:25:50,106 - INFO - Finished the put_pools process.
2025-03-27 11:25:50,220 - INFO - [31m[1mWARNING: This is a development server. Do not use it in a production deployment. Use a production WSGI server instead.[0m
 * Running on http://127.0.0.1:5000
2025-03-27 11:25:50,221 - INFO - [33mPress CTRL+C to quit[0m
2025-03-27 11:25:50,224 - INFO -  * Restarting with stat
2025-03-27 12:53:16,828 - INFO -  * Restarting with stat
2025-03-27 12:53:50,608 - INFO -  * Restarting with stat
2025-03-27 13:01:38,381 - INFO -  * Restarting with stat
2025-03-27 13:03:58,719 - INFO -  * Restarting with stat
