2025-03-28 11:19:41,571 - INFO - Finished the delete lineup folders process.
2025-03-28 11:19:41,573 - INFO - Finished the delete pool process.
2025-03-28 11:19:41,575 - INFO - Finished the delete lineup process.
2025-03-28 11:19:41,584 - INFO - Finished the get lineup configs process.
2025-03-28 11:19:41,587 - INFO - Finished the get_lineup_folders process.
2025-03-28 11:19:41,589 - INFO - Finished the get_lineups process.
2025-03-28 11:19:41,591 - INFO - Finished the get_logs process.
2025-03-28 11:19:41,594 - INFO - Finished the pools process.
2025-03-28 11:19:41,601 - INFO - Finished the post_lineup_config process.
2025-03-28 11:19:41,604 - INFO - Finished the post_lineup_folders process.
2025-03-28 11:19:41,607 - INFO - Finished the post_lineups process.
2025-03-28 11:19:41,609 - INFO - Finished the post_pools process.
2025-03-28 11:19:41,612 - INFO - Finished the put_lineups process.
2025-03-28 11:19:41,614 - INFO - Finished the put_lineup_folders process.
2025-03-28 11:19:41,616 - INFO - Finished the put_pools process.
2025-03-28 11:19:41,754 - INFO - [31m[1mWARNING: This is a development server. Do not use it in a production deployment. Use a production WSGI server instead.[0m
 * Running on http://127.0.0.1:5000
2025-03-28 11:19:41,754 - INFO - [33mPress CTRL+C to quit[0m
2025-03-28 11:19:41,758 - INFO -  * Restarting with stat
2025-03-28 12:43:49,858 - INFO -  * Restarting with stat
