2025-04-01 19:17:30,697 - INFO - Finished the delete lineup config process.
2025-04-01 19:17:30,699 - INFO - Finished the delete lineup folders process.
2025-04-01 19:17:30,700 - INFO - Finished the delete pool process.
2025-04-01 19:17:30,702 - INFO - Finished the delete lineup process.
2025-04-01 19:17:30,709 - INFO - Finished the get lineup configs process.
2025-04-01 19:17:30,711 - INFO - Finished the get_lineup_folders process.
2025-04-01 19:17:30,712 - INFO - Finished the get_lineups process.
2025-04-01 19:17:30,713 - INFO - Finished the get_logs process.
2025-04-01 19:17:30,715 - INFO - Finished the pools process.
2025-04-01 19:17:30,716 - INFO - Finished the get_resources process.
2025-04-01 19:17:30,718 - INFO - Finished the get_sources process.
2025-04-01 19:17:30,719 - INFO - Finished the post_lineup_config process.
2025-04-01 19:17:30,720 - INFO - Finished the post_lineup_folders process.
2025-04-01 19:17:30,722 - INFO - Finished the post_lineups process.
2025-04-01 19:17:30,723 - INFO - Finished the post_pools process.
2025-04-01 19:17:30,724 - INFO - Finished the put_lineups process.
2025-04-01 19:17:30,726 - INFO - Finished the put_lineup_config process.
2025-04-01 19:17:30,727 - INFO - Finished the put_lineup_folders process.
2025-04-01 19:17:30,728 - INFO - Finished the put_pools process.
2025-04-01 19:17:30,789 - WARNING -  * Debugger is active!
2025-04-01 19:17:30,792 - INFO -  * Debugger PIN: 627-281-010
2025-04-01 19:20:31,134 - INFO - 127.0.0.1 - - [01/Apr/2025 19:20:31] "[31m[1mGET /configs HTTP/1.1[0m" 405 -
2025-04-01 19:20:31,185 - INFO - 127.0.0.1 - - [01/Apr/2025 19:20:31] "[33mGET /favicon.ico HTTP/1.1[0m" 404 -
2025-04-01 19:21:51,400 - INFO - 127.0.0.1 - - [01/Apr/2025 19:21:51] "[33mGET /configs/d857c496-04f8-4249-8e13-99e2faa4f014 HTTP/1.1[0m" 404 -
2025-04-01 19:23:02,567 - INFO - 127.0.0.1 - - [01/Apr/2025 19:23:02] "OPTIONS /del-lineup-config/d857c496-04f8-4249-8e13-99e2faa4f014 HTTP/1.1" 200 -
2025-04-01 19:23:02,570 - INFO - Starting delete process for config ID: d857c496-04f8-4249-8e13-99e2faa4f014
2025-04-01 19:23:02,572 - INFO - Sending DELETE request to URL: https://10.169.22.17:8443/vsm/configs/d857c496-04f8-4249-8e13-99e2faa4f014
2025-04-01 19:23:04,440 - INFO - Config deleted successfully
2025-04-01 19:23:04,442 - INFO - 127.0.0.1 - - [01/Apr/2025 19:23:04] "DELETE /del-lineup-config/d857c496-04f8-4249-8e13-99e2faa4f014 HTTP/1.1" 200 -
2025-04-01 19:23:04,449 - INFO - Starting the get_lineup_folders process.
2025-04-01 19:23:04,450 - INFO - Sending GET request to URL: https://10.169.22.17:8443/vsm/lineups/folders
2025-04-01 19:23:05,834 - INFO - Request successful. Response status: 200
2025-04-01 19:23:05,835 - INFO - Response JSON: 
[
    {
        "id": "584d838d-a397-4323-a70a-62d40ad782d9",
        "name": "Main2"
    },
    {
        "id": "7f8f1ef6-3503-4923-89c7-be65e81c6aaf",
        "name": "Bloomberg"
    },
    {
        "id": "22bb7545-55b6-4c7b-bac9-bc20e9673973",
        "name": "Main"
    },
    {
        "parentFolderId": "22bb7545-55b6-4c7b-bac9-bc20e9673973",
        "id": "feb489ab-bdd4-4e0a-a2f5-15d0e3b57e8f",
        "name": "Try_del"
    }
]
2025-04-01 19:23:05,836 - INFO - 127.0.0.1 - - [01/Apr/2025 19:23:05] "GET /list-lineup-folders HTTP/1.1" 200 -
2025-04-01 19:23:05,845 - INFO - Starting the get_lineups process.
2025-04-01 19:23:05,846 - INFO - Sending GET request to URL: https://10.169.22.17:8443/vsm/lineups
2025-04-01 19:23:07,285 - INFO - Request successful. Response status: 200
2025-04-01 19:23:07,286 - INFO - Response JSON: 
[
    {
        "lineup": "DCON",
        "lineupId": "352bd50c-7231-45c7-a81e-b06cd9177c81",
        "lineupType": "VDCM_ABR",
        "configurations": [
            {
                "configuration": "DCON",
                "configurationId": "5a4c2549-452c-42fd-a6c0-cd2453b157ec",
                "configState": "INACTIVE",
                "configValidity": "VALID"
            }
        ]
    },
    {
        "lineup": "Video_lineup",
        "lineupId": "13bcd157-11e4-439e-972b-8d56a0a28f89",
        "parentFolderId": "22bb7545-55b6-4c7b-bac9-bc20e9673973",
        "lineupType": "VDCM_ABR",
        "configurations": []
    },
    {
        "lineup": "Live_lineup",
        "lineupId": "df584fe1-9b75-4520-a671-7e90158c6830",
        "parentFolderId": "22bb7545-55b6-4c7b-bac9-bc20e9673973",
        "lineupType": "VDCM_ABR",
        "configurations": []
    },
    {
        "lineup": "Ingress Lineup",
        "lineupId": "6f64bc65-b61e-45e3-9638-3cec2f0ee3c6",
        "parentFolderId": "7f8f1ef6-3503-4923-89c7-be65e81c6aaf",
        "lineupType": "SINGLE_STAGE_REST",
        "configurations": []
    },
    {
        "lineup": "Egress Lineup",
        "lineupId": "2b7439ce-d39b-4231-b588-2d64e20c6b91",
        "parentFolderId": "7f8f1ef6-3503-4923-89c7-be65e81c6aaf",
        "lineupType": "SINGLE_STAGE_REST",
        "configurations": [
            {
                "configuration": "Egress Config2",
                "configurationId": "c715871d-4cfc-4b27-8aeb-3a7af0bd1c61",
                "configState": "INACTIVE",
                "configValidity": "VALID"
            }
        ]
    }
]
2025-04-01 19:23:07,287 - INFO - 127.0.0.1 - - [01/Apr/2025 19:23:07] "GET /list-lineups HTTP/1.1" 200 -
2025-04-01 19:23:07,293 - INFO - Starting the get_resources process.
2025-04-01 19:23:07,294 - INFO - Sending GET request to URL: https://10.169.22.17:8443/vsm/resources
2025-04-01 19:23:08,747 - INFO - Request successful. Response status: 200
2025-04-01 19:23:08,748 - INFO - Response JSON: 
[
    {
        "name": "vDCM_Ex",
        "type": "DCM",
        "swVersion": "23.3.1",
        "restApiHost": "10.169.17.86",
        "id": "8a299691-93b6-fcb3-0194-2aace4a76041",
        "uiURL": "http://10.169.17.86:80",
        "subType": "SOFTWARE",
        "properties": [
            {
                "property": "URCSmxUDPPort",
                "value": "Not Applicable"
            },
            {
                "property": "ScsProxyMonitoringEnabled",
                "value": "true"
            },
            {
                "property": "UIPort",
                "value": "80"
            },
            {
                "property": "HTTPSPort",
                "value": "8443"
            },
            {
                "property": "AutoReApplyConfiguration",
                "value": "false"
            },
            {
                "property": "UIProtocol",
                "value": "http"
            },
            {
                "property": "SetUdpBoundary",
                "value": "0"
            },
            {
                "property": "SetUrcSmxUdpPort",
                "value": "0"
            },
            {
                "property": "HostID",
                "value": "0000FLM2051RMN3"
            },
            {
                "property": "MessageMonitoringEnabled",
                "value": "true"
            },
            {
                "property": "ConfigureURC2",
                "value": "NotManaged"
            },
            {
                "property": "REST_Communication",
                "value": "true"
            },
            {
                "property": "EISProxyPortNumber",
                "value": "9000"
            },
            {
                "property": "VMFP_ABR_Present",
                "value": "true"
            },
            {
                "property": "URCSmxIPAddress",
                "value": "Not Applicable"
            },
            {
                "property": "PathSimFile",
                "value": ""
            },
            {
                "property": "IGMP_Mode",
                "value": "Manual"
            },
            {
                "property": "HTTPTimeout",
                "value": "500"
            },
            {
                "property": "IIOPAccountName",
                "value": "admin"
            },
            {
                "property": "URCSmxCommunityName",
                "value": "Not Applicable"
            },
            {
                "property": "SubType",
                "value": "4"
            },
            {
                "property": "SimulationMode",
                "value": "Off"
            },
            {
                "property": "CollectMetrics",
                "value": "NotManaged"
            },
            {
                "property": "IIOP_Communication",
                "value": "false"
            },
            {
                "property": "RestAPIProtocol",
                "value": "https"
            },
            {
                "property": "RestAPIHost",
                "value": "10.169.17.86"
            },
            {
                "property": "SetSystemName",
                "value": "Disabled"
            },
            {
                "property": "UIHost",
                "value": "10.169.17.86"
            },
            {
                "property": "EISProxyHost",
                "value": "10.169.17.86"
            },
            {
                "property": "IpStreamCreationMode",
                "value": "IP_UDP"
            },
            {
                "property": "PSIGProxyHost",
                "value": "10.169.17.86"
            },
            {
                "property": "PollRetryCount",
                "value": "2"
            },
            {
                "property": "CandidateForCleanup",
                "value": "false"
            },
            {
                "property": "HTTPRetryCount",
                "value": "1"
            },
            {
                "property": "UdpBoundary",
                "value": "0"
            },
            {
                "property": "PSIGProxyPortNumber",
                "value": "8502"
            }
        ]
    },
    {
        "name": "vDCM2",
        "type": "DCM",
        "restApiHost": "10.169.17.23",
        "id": "8a299691-93b6-fcb3-0194-72eb08f375dd",
        "uiURL": "http://10.169.17.23:80",
        "subType": "NOT_APPLICABLE",
        "properties": [
            {
                "property": "URCSmxUDPPort",
                "value": ""
            },
            {
                "property": "ScsProxyMonitoringEnabled",
                "value": "false"
            },
            {
                "property": "UIPort",
                "value": "80"
            },
            {
                "property": "HTTPSPort",
                "value": "8443"
            },
            {
                "property": "AutoReApplyConfiguration",
                "value": "false"
            },
            {
                "property": "UIProtocol",
                "value": "http"
            },
            {
                "property": "SetUdpBoundary",
                "value": "0"
            },
            {
                "property": "SetUrcSmxUdpPort",
                "value": "0"
            },
            {
                "property": "HostID",
                "value": ""
            },
            {
                "property": "MessageMonitoringEnabled",
                "value": "true"
            },
            {
                "property": "ConfigureURC2",
                "value": "NotManaged"
            },
            {
                "property": "REST_Communication",
                "value": "true"
            },
            {
                "property": "EISProxyPortNumber",
                "value": "9000"
            },
            {
                "property": "VMFP_ABR_Present",
                "value": "false"
            },
            {
                "property": "URCSmxIPAddress",
                "value": ""
            },
            {
                "property": "PathSimFile",
                "value": ""
            },
            {
                "property": "IGMP_Mode",
                "value": "Unknown"
            },
            {
                "property": "HTTPTimeout",
                "value": "500"
            },
            {
                "property": "IIOPAccountName",
                "value": "guest"
            },
            {
                "property": "URCSmxCommunityName",
                "value": ""
            },
            {
                "property": "SubType",
                "value": "-1"
            },
            {
                "property": "SimulationMode",
                "value": "Off"
            },
            {
                "property": "CollectMetrics",
                "value": "NotManaged"
            },
            {
                "property": "IIOP_Communication",
                "value": "false"
            },
            {
                "property": "RestAPIProtocol",
                "value": "https"
            },
            {
                "property": "RestAPIHost",
                "value": "10.169.17.23"
            },
            {
                "property": "SetSystemName",
                "value": "Disabled"
            },
            {
                "property": "UIHost",
                "value": "10.169.17.23"
            },
            {
                "property": "EISProxyHost",
                "value": "10.169.17.23"
            },
            {
                "property": "IpStreamCreationMode",
                "value": "IP_UDP"
            },
            {
                "property": "PSIGProxyHost",
                "value": "10.169.17.23"
            },
            {
                "property": "PollRetryCount",
                "value": "2"
            },
            {
                "property": "CandidateForCleanup",
                "value": "false"
            },
            {
                "property": "HTTPRetryCount",
                "value": "1"
            },
            {
                "property": "UdpBoundary",
                "value": ""
            },
            {
                "property": "PSIGProxyPortNumber",
                "value": "8502"
            }
        ]
    },
    {
        "name": "vDCM3",
        "type": "DCM",
        "iiopHost": "string",
        "restApiHost": "10.169.17.25",
        "id": "8a299691-951d-e4fb-0195-223dd0e8626a",
        "uiURL": "http://string:80",
        "subType": "NOT_APPLICABLE",
        "properties": [
            {
                "property": "URCSmxUDPPort",
                "value": ""
            },
            {
                "property": "ScsProxyMonitoringEnabled",
                "value": "false"
            },
            {
                "property": "UIPort",
                "value": "80"
            },
            {
                "property": "HTTPSPort",
                "value": "8443"
            },
            {
                "property": "AutoReApplyConfiguration",
                "value": "false"
            },
            {
                "property": "UIProtocol",
                "value": "http"
            },
            {
                "property": "SetUdpBoundary",
                "value": "0"
            },
            {
                "property": "SetUrcSmxUdpPort",
                "value": "0"
            },
            {
                "property": "HostID",
                "value": ""
            },
            {
                "property": "MaxVSEperPool",
                "value": "0"
            },
            {
                "property": "MessageMonitoringEnabled",
                "value": "true"
            },
            {
                "property": "ConfigureURC2",
                "value": "NotManaged"
            },
            {
                "property": "REST_Communication",
                "value": "true"
            },
            {
                "property": "EISProxyPortNumber",
                "value": "9000"
            },
            {
                "property": "VMFP_ABR_Present",
                "value": "false"
            },
            {
                "property": "URCSmxIPAddress",
                "value": ""
            },
            {
                "property": "PollPort",
                "value": "80"
            },
            {
                "property": "PathSimFile",
                "value": " "
            },
            {
                "property": "IIOPPort",
                "value": "5003"
            },
            {
                "property": "IGMP_Mode",
                "value": "Unknown"
            },
            {
                "property": "HTTPTimeout",
                "value": "500"
            },
            {
                "property": "MaxNumberOfPools",
                "value": "0"
            },
            {
                "property": "IIOPAccountName",
                "value": "guest"
            },
            {
                "property": "URCSmxCommunityName",
                "value": ""
            },
            {
                "property": "SubType",
                "value": "-1"
            },
            {
                "property": "SimulationMode",
                "value": "Off"
            },
            {
                "property": "CollectMetrics",
                "value": "NotManaged"
            },
            {
                "property": "MaxNumberOfVSEs",
                "value": "0"
            },
            {
                "property": "IIOP_Communication",
                "value": "true"
            },
            {
                "property": "RestAPIProtocol",
                "value": "https"
            },
            {
                "property": "RestAPIHost",
                "value": "10.169.17.25"
            },
            {
                "property": "SetSystemName",
                "value": "Disabled"
            },
            {
                "property": "UIHost",
                "value": "string"
            },
            {
                "property": "EISProxyHost",
                "value": "string"
            },
            {
                "property": "IpStreamCreationMode",
                "value": "IP_UDP"
            },
            {
                "property": "PollTimeOut",
                "value": "500"
            },
            {
                "property": "PSIGProxyHost",
                "value": "string"
            },
            {
                "property": "PollRetryCount",
                "value": "2"
            },
            {
                "property": "CandidateForCleanup",
                "value": "false"
            },
            {
                "property": "HTTPRetryCount",
                "value": "1"
            },
            {
                "property": "IIOPHost",
                "value": "string"
            },
            {
                "property": "UdpBoundary",
                "value": ""
            },
            {
                "property": "PSIGProxyPortNumber",
                "value": "8502"
            }
        ]
    }
]
2025-04-01 19:23:08,750 - INFO - 127.0.0.1 - - [01/Apr/2025 19:23:08] "GET /list-resources HTTP/1.1" 200 -
2025-04-01 19:23:08,759 - INFO - Starting the get_sources process.
2025-04-01 19:23:08,759 - INFO - Sending GET request to URL: https://10.169.22.17:8443/vsm/sources
2025-04-01 19:23:10,143 - INFO - Request successful. Response status: 200
2025-04-01 19:23:10,143 - INFO - Response JSON: 
[
    {
        "sourceType": "SRT",
        "id": "b939f67b-a0a5-4a8c-8068-c7ad32de0da6",
        "name": "Video HD",
        "sid": 1,
        "tsType": "SERVICE",
        "tsStandard": "DVB",
        "channelId": "",
        "components": [
            {
                "componentType": "video",
                "pid": 2136,
                "streamType": 27,
                "frameRate": "23.98",
                "scanType": "INTERLACED",
                "includeInServiceProtectionPidList": false
            },
            {
                "componentType": "audio",
                "pid": 3156,
                "streamType": 4,
                "language": "ben",
                "sampleRate": "48",
                "includeInServiceProtectionPidList": false
            },
            {
                "componentType": "data",
                "pid": 2945,
                "streamType": 6,
                "descriptorTag": 89,
                "language": "ara",
                "includeInServiceProtectionPidList": false
            }
        ],
        "bandwidthLimit": {
            "mode": "Disabled"
        },
        "mode": "Listener",
        "receiveMode": "On",
        "ipSourceParams": {
            "receptionPort": 5000
        },
        "latency": 200,
        "timeBaseSelection": {
            "mode": "AutoRefPCR"
        },
        "securityParams": {
            "keyLength": "Disabled"
        },
        "defaultItfOrdinal": 0
    },
    {
        "sourceType": "SRT",
        "id": "242fc2e4-5c25-4fe6-8835-dba4ed131b04",
        "name": "EuropeHD",
        "sid": 1,
        "tsType": "SERVICE",
        "tsStandard": "DVB",
        "channelId": "",
        "components": [
            {
                "componentType": "video",
                "pid": 2934,
                "streamType": 27,
                "frameRate": "24",
                "scanType": "INTERLACED",
                "includeInServiceProtectionPidList": false
            }
        ],
        "bandwidthLimit": {
            "mode": "Disabled"
        },
        "mode": "Listener",
        "receiveMode": "On",
        "ipSourceParams": {
            "receptionPort": 5000
        },
        "latency": 200,
        "timeBaseSelection": {
            "mode": "AutoRefPCR"
        },
        "securityParams": {
            "keyLength": "Disabled"
        },
        "defaultItfOrdinal": 0
    }
]
2025-04-01 19:23:10,143 - INFO - 127.0.0.1 - - [01/Apr/2025 19:23:10] "GET /list-sources HTTP/1.1" 200 -
2025-04-01 19:26:31,090 - INFO - Starting the get_lineup_folders process.
2025-04-01 19:26:31,091 - INFO - Sending GET request to URL: https://10.169.22.17:8443/vsm/lineups/folders
2025-04-01 19:26:32,488 - INFO - Request successful. Response status: 200
2025-04-01 19:26:32,489 - INFO - Response JSON: 
[
    {
        "id": "584d838d-a397-4323-a70a-62d40ad782d9",
        "name": "Main2"
    },
    {
        "id": "7f8f1ef6-3503-4923-89c7-be65e81c6aaf",
        "name": "Bloomberg"
    },
    {
        "id": "22bb7545-55b6-4c7b-bac9-bc20e9673973",
        "name": "Main"
    },
    {
        "parentFolderId": "22bb7545-55b6-4c7b-bac9-bc20e9673973",
        "id": "feb489ab-bdd4-4e0a-a2f5-15d0e3b57e8f",
        "name": "Try_del"
    }
]
2025-04-01 19:26:32,489 - INFO - 127.0.0.1 - - [01/Apr/2025 19:26:32] "GET /list-lineup-folders HTTP/1.1" 200 -
2025-04-01 19:26:32,494 - INFO - Starting the get_lineups process.
2025-04-01 19:26:32,494 - INFO - Sending GET request to URL: https://10.169.22.17:8443/vsm/lineups
2025-04-01 19:26:33,925 - INFO - Request successful. Response status: 200
2025-04-01 19:26:33,926 - INFO - Response JSON: 
[
    {
        "lineup": "DCON",
        "lineupId": "352bd50c-7231-45c7-a81e-b06cd9177c81",
        "lineupType": "VDCM_ABR",
        "configurations": [
            {
                "configuration": "DCON",
                "configurationId": "5a4c2549-452c-42fd-a6c0-cd2453b157ec",
                "configState": "INACTIVE",
                "configValidity": "VALID"
            }
        ]
    },
    {
        "lineup": "Video_lineup",
        "lineupId": "13bcd157-11e4-439e-972b-8d56a0a28f89",
        "parentFolderId": "22bb7545-55b6-4c7b-bac9-bc20e9673973",
        "lineupType": "VDCM_ABR",
        "configurations": []
    },
    {
        "lineup": "Live_lineup",
        "lineupId": "df584fe1-9b75-4520-a671-7e90158c6830",
        "parentFolderId": "22bb7545-55b6-4c7b-bac9-bc20e9673973",
        "lineupType": "VDCM_ABR",
        "configurations": []
    },
    {
        "lineup": "Ingress Lineup",
        "lineupId": "6f64bc65-b61e-45e3-9638-3cec2f0ee3c6",
        "parentFolderId": "7f8f1ef6-3503-4923-89c7-be65e81c6aaf",
        "lineupType": "SINGLE_STAGE_REST",
        "configurations": []
    },
    {
        "lineup": "Egress Lineup",
        "lineupId": "2b7439ce-d39b-4231-b588-2d64e20c6b91",
        "parentFolderId": "7f8f1ef6-3503-4923-89c7-be65e81c6aaf",
        "lineupType": "SINGLE_STAGE_REST",
        "configurations": [
            {
                "configuration": "Egress Config2",
                "configurationId": "c715871d-4cfc-4b27-8aeb-3a7af0bd1c61",
                "configState": "INACTIVE",
                "configValidity": "VALID"
            }
        ]
    }
]
2025-04-01 19:26:33,926 - INFO - 127.0.0.1 - - [01/Apr/2025 19:26:33] "GET /list-lineups HTTP/1.1" 200 -
2025-04-01 19:26:33,930 - INFO - Starting the get_resources process.
2025-04-01 19:26:33,930 - INFO - Sending GET request to URL: https://10.169.22.17:8443/vsm/resources
2025-04-01 19:26:35,336 - INFO - Request successful. Response status: 200
2025-04-01 19:26:35,336 - INFO - Response JSON: 
[
    {
        "name": "vDCM_Ex",
        "type": "DCM",
        "swVersion": "23.3.1",
        "restApiHost": "10.169.17.86",
        "id": "8a299691-93b6-fcb3-0194-2aace4a76041",
        "uiURL": "http://10.169.17.86:80",
        "subType": "SOFTWARE",
        "properties": [
            {
                "property": "URCSmxUDPPort",
                "value": "Not Applicable"
            },
            {
                "property": "ScsProxyMonitoringEnabled",
                "value": "true"
            },
            {
                "property": "UIPort",
                "value": "80"
            },
            {
                "property": "HTTPSPort",
                "value": "8443"
            },
            {
                "property": "AutoReApplyConfiguration",
                "value": "false"
            },
            {
                "property": "UIProtocol",
                "value": "http"
            },
            {
                "property": "SetUdpBoundary",
                "value": "0"
            },
            {
                "property": "SetUrcSmxUdpPort",
                "value": "0"
            },
            {
                "property": "HostID",
                "value": "0000FLM2051RMN3"
            },
            {
                "property": "MessageMonitoringEnabled",
                "value": "true"
            },
            {
                "property": "ConfigureURC2",
                "value": "NotManaged"
            },
            {
                "property": "REST_Communication",
                "value": "true"
            },
            {
                "property": "EISProxyPortNumber",
                "value": "9000"
            },
            {
                "property": "VMFP_ABR_Present",
                "value": "true"
            },
            {
                "property": "URCSmxIPAddress",
                "value": "Not Applicable"
            },
            {
                "property": "PathSimFile",
                "value": ""
            },
            {
                "property": "IGMP_Mode",
                "value": "Manual"
            },
            {
                "property": "HTTPTimeout",
                "value": "500"
            },
            {
                "property": "IIOPAccountName",
                "value": "admin"
            },
            {
                "property": "URCSmxCommunityName",
                "value": "Not Applicable"
            },
            {
                "property": "SubType",
                "value": "4"
            },
            {
                "property": "SimulationMode",
                "value": "Off"
            },
            {
                "property": "CollectMetrics",
                "value": "NotManaged"
            },
            {
                "property": "IIOP_Communication",
                "value": "false"
            },
            {
                "property": "RestAPIProtocol",
                "value": "https"
            },
            {
                "property": "RestAPIHost",
                "value": "10.169.17.86"
            },
            {
                "property": "SetSystemName",
                "value": "Disabled"
            },
            {
                "property": "UIHost",
                "value": "10.169.17.86"
            },
            {
                "property": "EISProxyHost",
                "value": "10.169.17.86"
            },
            {
                "property": "IpStreamCreationMode",
                "value": "IP_UDP"
            },
            {
                "property": "PSIGProxyHost",
                "value": "10.169.17.86"
            },
            {
                "property": "PollRetryCount",
                "value": "2"
            },
            {
                "property": "CandidateForCleanup",
                "value": "false"
            },
            {
                "property": "HTTPRetryCount",
                "value": "1"
            },
            {
                "property": "UdpBoundary",
                "value": "0"
            },
            {
                "property": "PSIGProxyPortNumber",
                "value": "8502"
            }
        ]
    },
    {
        "name": "vDCM2",
        "type": "DCM",
        "restApiHost": "10.169.17.23",
        "id": "8a299691-93b6-fcb3-0194-72eb08f375dd",
        "uiURL": "http://10.169.17.23:80",
        "subType": "NOT_APPLICABLE",
        "properties": [
            {
                "property": "URCSmxUDPPort",
                "value": ""
            },
            {
                "property": "ScsProxyMonitoringEnabled",
                "value": "false"
            },
            {
                "property": "UIPort",
                "value": "80"
            },
            {
                "property": "HTTPSPort",
                "value": "8443"
            },
            {
                "property": "AutoReApplyConfiguration",
                "value": "false"
            },
            {
                "property": "UIProtocol",
                "value": "http"
            },
            {
                "property": "SetUdpBoundary",
                "value": "0"
            },
            {
                "property": "SetUrcSmxUdpPort",
                "value": "0"
            },
            {
                "property": "HostID",
                "value": ""
            },
            {
                "property": "MessageMonitoringEnabled",
                "value": "true"
            },
            {
                "property": "ConfigureURC2",
                "value": "NotManaged"
            },
            {
                "property": "REST_Communication",
                "value": "true"
            },
            {
                "property": "EISProxyPortNumber",
                "value": "9000"
            },
            {
                "property": "VMFP_ABR_Present",
                "value": "false"
            },
            {
                "property": "URCSmxIPAddress",
                "value": ""
            },
            {
                "property": "PathSimFile",
                "value": ""
            },
            {
                "property": "IGMP_Mode",
                "value": "Unknown"
            },
            {
                "property": "HTTPTimeout",
                "value": "500"
            },
            {
                "property": "IIOPAccountName",
                "value": "guest"
            },
            {
                "property": "URCSmxCommunityName",
                "value": ""
            },
            {
                "property": "SubType",
                "value": "-1"
            },
            {
                "property": "SimulationMode",
                "value": "Off"
            },
            {
                "property": "CollectMetrics",
                "value": "NotManaged"
            },
            {
                "property": "IIOP_Communication",
                "value": "false"
            },
            {
                "property": "RestAPIProtocol",
                "value": "https"
            },
            {
                "property": "RestAPIHost",
                "value": "10.169.17.23"
            },
            {
                "property": "SetSystemName",
                "value": "Disabled"
            },
            {
                "property": "UIHost",
                "value": "10.169.17.23"
            },
            {
                "property": "EISProxyHost",
                "value": "10.169.17.23"
            },
            {
                "property": "IpStreamCreationMode",
                "value": "IP_UDP"
            },
            {
                "property": "PSIGProxyHost",
                "value": "10.169.17.23"
            },
            {
                "property": "PollRetryCount",
                "value": "2"
            },
            {
                "property": "CandidateForCleanup",
                "value": "false"
            },
            {
                "property": "HTTPRetryCount",
                "value": "1"
            },
            {
                "property": "UdpBoundary",
                "value": ""
            },
            {
                "property": "PSIGProxyPortNumber",
                "value": "8502"
            }
        ]
    },
    {
        "name": "vDCM3",
        "type": "DCM",
        "iiopHost": "string",
        "restApiHost": "10.169.17.25",
        "id": "8a299691-951d-e4fb-0195-223dd0e8626a",
        "uiURL": "http://string:80",
        "subType": "NOT_APPLICABLE",
        "properties": [
            {
                "property": "URCSmxUDPPort",
                "value": ""
            },
            {
                "property": "ScsProxyMonitoringEnabled",
                "value": "false"
            },
            {
                "property": "UIPort",
                "value": "80"
            },
            {
                "property": "HTTPSPort",
                "value": "8443"
            },
            {
                "property": "AutoReApplyConfiguration",
                "value": "false"
            },
            {
                "property": "UIProtocol",
                "value": "http"
            },
            {
                "property": "SetUdpBoundary",
                "value": "0"
            },
            {
                "property": "SetUrcSmxUdpPort",
                "value": "0"
            },
            {
                "property": "HostID",
                "value": ""
            },
            {
                "property": "MaxVSEperPool",
                "value": "0"
            },
            {
                "property": "MessageMonitoringEnabled",
                "value": "true"
            },
            {
                "property": "ConfigureURC2",
                "value": "NotManaged"
            },
            {
                "property": "REST_Communication",
                "value": "true"
            },
            {
                "property": "EISProxyPortNumber",
                "value": "9000"
            },
            {
                "property": "VMFP_ABR_Present",
                "value": "false"
            },
            {
                "property": "URCSmxIPAddress",
                "value": ""
            },
            {
                "property": "PollPort",
                "value": "80"
            },
            {
                "property": "PathSimFile",
                "value": " "
            },
            {
                "property": "IIOPPort",
                "value": "5003"
            },
            {
                "property": "IGMP_Mode",
                "value": "Unknown"
            },
            {
                "property": "HTTPTimeout",
                "value": "500"
            },
            {
                "property": "MaxNumberOfPools",
                "value": "0"
            },
            {
                "property": "IIOPAccountName",
                "value": "guest"
            },
            {
                "property": "URCSmxCommunityName",
                "value": ""
            },
            {
                "property": "SubType",
                "value": "-1"
            },
            {
                "property": "SimulationMode",
                "value": "Off"
            },
            {
                "property": "CollectMetrics",
                "value": "NotManaged"
            },
            {
                "property": "MaxNumberOfVSEs",
                "value": "0"
            },
            {
                "property": "IIOP_Communication",
                "value": "true"
            },
            {
                "property": "RestAPIProtocol",
                "value": "https"
            },
            {
                "property": "RestAPIHost",
                "value": "10.169.17.25"
            },
            {
                "property": "SetSystemName",
                "value": "Disabled"
            },
            {
                "property": "UIHost",
                "value": "string"
            },
            {
                "property": "EISProxyHost",
                "value": "string"
            },
            {
                "property": "IpStreamCreationMode",
                "value": "IP_UDP"
            },
            {
                "property": "PollTimeOut",
                "value": "500"
            },
            {
                "property": "PSIGProxyHost",
                "value": "string"
            },
            {
                "property": "PollRetryCount",
                "value": "2"
            },
            {
                "property": "CandidateForCleanup",
                "value": "false"
            },
            {
                "property": "HTTPRetryCount",
                "value": "1"
            },
            {
                "property": "IIOPHost",
                "value": "string"
            },
            {
                "property": "UdpBoundary",
                "value": ""
            },
            {
                "property": "PSIGProxyPortNumber",
                "value": "8502"
            }
        ]
    }
]
2025-04-01 19:26:35,338 - INFO - 127.0.0.1 - - [01/Apr/2025 19:26:35] "GET /list-resources HTTP/1.1" 200 -
2025-04-01 19:26:35,350 - INFO - Starting the get_sources process.
2025-04-01 19:26:35,351 - INFO - Sending GET request to URL: https://10.169.22.17:8443/vsm/sources
2025-04-01 19:26:36,769 - INFO - Request successful. Response status: 200
2025-04-01 19:26:36,769 - INFO - Response JSON: 
[
    {
        "sourceType": "SRT",
        "id": "b939f67b-a0a5-4a8c-8068-c7ad32de0da6",
        "name": "Video HD",
        "sid": 1,
        "tsType": "SERVICE",
        "tsStandard": "DVB",
        "channelId": "",
        "components": [
            {
                "componentType": "video",
                "pid": 2136,
                "streamType": 27,
                "frameRate": "23.98",
                "scanType": "INTERLACED",
                "includeInServiceProtectionPidList": false
            },
            {
                "componentType": "audio",
                "pid": 3156,
                "streamType": 4,
                "language": "ben",
                "sampleRate": "48",
                "includeInServiceProtectionPidList": false
            },
            {
                "componentType": "data",
                "pid": 2945,
                "streamType": 6,
                "descriptorTag": 89,
                "language": "ara",
                "includeInServiceProtectionPidList": false
            }
        ],
        "bandwidthLimit": {
            "mode": "Disabled"
        },
        "mode": "Listener",
        "receiveMode": "On",
        "ipSourceParams": {
            "receptionPort": 5000
        },
        "latency": 200,
        "timeBaseSelection": {
            "mode": "AutoRefPCR"
        },
        "securityParams": {
            "keyLength": "Disabled"
        },
        "defaultItfOrdinal": 0
    },
    {
        "sourceType": "SRT",
        "id": "242fc2e4-5c25-4fe6-8835-dba4ed131b04",
        "name": "EuropeHD",
        "sid": 1,
        "tsType": "SERVICE",
        "tsStandard": "DVB",
        "channelId": "",
        "components": [
            {
                "componentType": "video",
                "pid": 2934,
                "streamType": 27,
                "frameRate": "24",
                "scanType": "INTERLACED",
                "includeInServiceProtectionPidList": false
            }
        ],
        "bandwidthLimit": {
            "mode": "Disabled"
        },
        "mode": "Listener",
        "receiveMode": "On",
        "ipSourceParams": {
            "receptionPort": 5000
        },
        "latency": 200,
        "timeBaseSelection": {
            "mode": "AutoRefPCR"
        },
        "securityParams": {
            "keyLength": "Disabled"
        },
        "defaultItfOrdinal": 0
    }
]
2025-04-01 19:26:36,771 - INFO - 127.0.0.1 - - [01/Apr/2025 19:26:36] "GET /list-sources HTTP/1.1" 200 -
2025-04-01 19:28:21,021 - INFO -  * Detected change in 'C:\\Users\\nkalyani\\PycharmProjects\\FlaskBackend\\app.py', reloading
