2025-04-02 12:28:52,123 - INFO - Finished the delete lineup config process.
2025-04-02 12:28:52,123 - INFO - Finished the delete lineup folders process.
2025-04-02 12:28:52,124 - INFO - Finished the delete pool process.
2025-04-02 12:28:52,125 - INFO - Finished the delete lineup process.
2025-04-02 12:28:52,131 - INFO - Finished the get lineup configs process.
2025-04-02 12:28:52,132 - INFO - Finished the get_lineup_folders process.
2025-04-02 12:28:52,133 - INFO - Finished the get_lineups process.
2025-04-02 12:28:52,134 - INFO - Finished the get_logs process.
2025-04-02 12:28:52,135 - INFO - Finished the pools process.
2025-04-02 12:28:52,136 - INFO - Finished the get_resources process.
2025-04-02 12:28:52,137 - INFO - Finished the get_sources process.
2025-04-02 12:28:52,138 - INFO - Finished the post_lineup_config process.
2025-04-02 12:28:52,139 - INFO - Finished the post_lineup_folders process.
2025-04-02 12:28:52,140 - INFO - Finished the post_lineups process.
2025-04-02 12:28:52,140 - INFO - Finished the post_pools process.
2025-04-02 12:28:52,141 - INFO - Finished the put_lineups process.
2025-04-02 12:28:52,143 - INFO - Finished the put_lineup_config process.
2025-04-02 12:28:52,144 - INFO - Finished the put_lineup_folders process.
2025-04-02 12:28:52,144 - INFO - Finished the put_pools process.
2025-04-02 12:28:52,171 - WARNING -  * Debugger is active!
2025-04-02 12:28:52,173 - INFO -  * Debugger PIN: 627-281-010
2025-04-02 12:30:37,144 - INFO -  * Detected change in 'C:\\Users\\nkalyani\\PycharmProjects\\FlaskBackend\\scripts\\put_lineup_config.py', reloading
