2025-05-16 15:39:25,315 - INFO - Finished the delete lineup config process.
2025-05-16 15:39:25,317 - INFO - Finished the delete lineup folders process.
2025-05-16 15:39:25,319 - INFO - Finished the delete pool process.
2025-05-16 15:39:25,321 - INFO - Finished the delete lineup process.
2025-05-16 15:39:25,327 - INFO - Finished the get lineup configs process.
2025-05-16 15:39:25,331 - INFO - Finished the get lineup configs process.
2025-05-16 15:39:25,333 - INFO - Finished the get_lineup_folders process.
2025-05-16 15:39:25,335 - INFO - Finished the get_lineups process.
2025-05-16 15:39:25,337 - INFO - Finished the get_logs process.
2025-05-16 15:39:25,339 - INFO - Finished the pools process.
2025-05-16 15:39:25,340 - INFO - Finished the get_resources process.
2025-05-16 15:39:25,342 - INFO - Finished the get_sources process.
2025-05-16 15:39:25,344 - INFO - Finished the post_lineup_config process.
2025-05-16 15:39:25,347 - INFO - Finished the post_lineup_folders process.
2025-05-16 15:39:25,349 - INFO - Finished the post_lineups process.
2025-05-16 15:39:25,351 - INFO - Finished the post_pools process.
2025-05-16 15:39:25,352 - INFO - Finished the put_lineups process.
2025-05-16 15:39:25,354 - INFO - Finished the put_lineup_config process.
2025-05-16 15:39:25,356 - INFO - Finished the put_lineup_folders process.
2025-05-16 15:39:25,358 - INFO - Finished the put_pools process.
2025-05-16 15:39:25,429 - WARNING -  * Debugger is active!
2025-05-16 15:39:25,435 - INFO -  * Debugger PIN: 627-281-010
2025-05-16 15:40:02,652 - INFO - 127.0.0.1 - - [16/May/2025 15:40:02] "OPTIONS /generate-token HTTP/1.1" 200 -
2025-05-16 15:40:05,710 - INFO - 127.0.0.1 - - [16/May/2025 15:40:05] "POST /generate-token HTTP/1.1" 200 -
2025-05-16 15:40:31,779 - INFO - Starting the get_lineups process.
2025-05-16 15:40:31,780 - INFO - Sending GET request to URL: https://10.169.22.17:8443/vsm/lineups
2025-05-16 15:40:33,380 - INFO - Request successful. Response status: 200
2025-05-16 15:40:33,380 - INFO - Response JSON: 
[
    {
        "lineup": "DCON",
        "lineupId": "352bd50c-7231-45c7-a81e-b06cd9177c81",
        "lineupType": "VDCM_ABR",
        "configurations": [
            {
                "configuration": "DCON",
                "configurationId": "5a4c2549-452c-42fd-a6c0-cd2453b157ec",
                "configState": "INACTIVE",
                "configValidity": "VALID"
            }
        ]
    },
    {
        "lineup": "Ingress Lineup",
        "lineupId": "3f10aee2-0316-474c-afce-00f545c39d35",
        "parentFolderId": "7f8f1ef6-3503-4923-89c7-be65e81c6aaf",
        "lineupType": "SINGLE_STAGE_REST",
        "configurations": [
            {
                "configuration": "Ingress Config2",
                "configurationId": "5aa2591d-86fa-4661-b5f0-9db9b9d0ea18",
                "configState": "INACTIVE",
                "configValidity": "VALID",
                "configDescription": "Updated at 2025-04-02 15:08:16"
            }
        ]
    },
    {
        "lineup": "Video_lineup",
        "lineupId": "13bcd157-11e4-439e-972b-8d56a0a28f89",
        "parentFolderId": "22bb7545-55b6-4c7b-bac9-bc20e9673973",
        "lineupType": "VDCM_ABR",
        "configurations": []
    },
    {
        "lineup": "Live_lineup",
        "lineupId": "df584fe1-9b75-4520-a671-7e90158c6830",
        "parentFolderId": "22bb7545-55b6-4c7b-bac9-bc20e9673973",
        "lineupType": "VDCM_ABR",
        "configurations": []
    },
    {
        "lineup": "Egress Lineup",
        "lineupId": "2b7439ce-d39b-4231-b588-2d64e20c6b91",
        "parentFolderId": "7f8f1ef6-3503-4923-89c7-be65e81c6aaf",
        "lineupType": "SINGLE_STAGE_REST",
        "configurations": [
            {
                "configuration": "Egress Config2",
                "configurationId": "80136252-d23f-49f6-8cad-460130081e68",
                "configState": "INACTIVE",
                "configValidity": "VALID",
                "configDescription": "Updated at 2025-04-02 15:17:07"
            }
        ]
    }
]
2025-05-16 15:40:33,382 - INFO - 127.0.0.1 - - [16/May/2025 15:40:33] "GET /list-lineups HTTP/1.1" 200 -
