2025-04-08 14:44:13,264 - INFO - Finished the delete lineup config process.
2025-04-08 14:44:13,265 - INFO - Finished the delete lineup folders process.
2025-04-08 14:44:13,266 - INFO - Finished the delete pool process.
2025-04-08 14:44:13,266 - INFO - Finished the delete lineup process.
2025-04-08 14:44:13,269 - INFO - Finished the get lineup configs process.
2025-04-08 14:44:13,270 - INFO - Finished the get lineup configs process.
2025-04-08 14:44:13,270 - INFO - Finished the get_lineup_folders process.
2025-04-08 14:44:13,271 - INFO - Finished the get_lineups process.
2025-04-08 14:44:13,272 - INFO - Finished the get_logs process.
2025-04-08 14:44:13,272 - INFO - Finished the pools process.
2025-04-08 14:44:13,273 - INFO - Finished the get_resources process.
2025-04-08 14:44:13,273 - INFO - Finished the get_sources process.
2025-04-08 14:44:13,274 - INFO - Finished the post_lineup_config process.
2025-04-08 14:44:13,274 - INFO - Finished the post_lineup_folders process.
2025-04-08 14:44:13,275 - INFO - Finished the post_lineups process.
2025-04-08 14:44:13,275 - INFO - Finished the post_pools process.
2025-04-08 14:44:13,275 - INFO - Finished the put_lineups process.
2025-04-08 14:44:13,276 - INFO - Finished the put_lineup_config process.
2025-04-08 14:44:13,276 - INFO - Finished the put_lineup_folders process.
2025-04-08 14:44:13,277 - INFO - Finished the put_pools process.
2025-04-08 14:44:13,300 - WARNING -  * Debugger is active!
2025-04-08 14:44:13,303 - INFO -  * Debugger PIN: 627-281-010
2025-04-08 14:44:50,974 - INFO - 127.0.0.1 - - [08/Apr/2025 14:44:50] "POST /generate-token HTTP/1.1" 200 -
2025-04-08 14:45:12,583 - INFO - 127.0.0.1 - - [08/Apr/2025 14:45:12] "GET /list-dashboards HTTP/1.1" 200 -
2025-04-08 14:46:31,875 - INFO - Starting the get_pools process.
2025-04-08 14:46:31,876 - INFO - Sending GET request to URL: https://10.169.22.17:8443/vsm/pools
2025-04-08 14:46:53,010 - INFO - 127.0.0.1 - - [08/Apr/2025 14:46:53] "[35m[1mGET /list-pools HTTP/1.1[0m" 500 -
2025-04-08 14:59:24,820 - INFO - 127.0.0.1 - - [08/Apr/2025 14:59:24] "GET /list-dashboards HTTP/1.1" 200 -
