2025-04-02 12:27:42,614 - INFO - Finished the delete lineup config process.
2025-04-02 12:27:42,616 - INFO - Finished the delete lineup folders process.
2025-04-02 12:27:42,618 - INFO - Finished the delete pool process.
2025-04-02 12:27:42,619 - INFO - Finished the delete lineup process.
2025-04-02 12:27:42,628 - INFO - Finished the get lineup configs process.
2025-04-02 12:27:42,629 - INFO - Finished the get_lineup_folders process.
2025-04-02 12:27:42,631 - INFO - Finished the get_lineups process.
2025-04-02 12:27:42,632 - INFO - Finished the get_logs process.
2025-04-02 12:27:42,633 - INFO - Finished the pools process.
2025-04-02 12:27:42,635 - INFO - Finished the get_resources process.
2025-04-02 12:27:42,636 - INFO - Finished the get_sources process.
2025-04-02 12:27:42,638 - INFO - Finished the post_lineup_config process.
2025-04-02 12:27:42,639 - INFO - Finished the post_lineup_folders process.
2025-04-02 12:27:42,641 - INFO - Finished the post_lineups process.
2025-04-02 12:27:42,643 - INFO - Finished the post_pools process.
2025-04-02 12:27:42,645 - INFO - Finished the put_lineups process.
2025-04-02 12:27:42,650 - INFO - Finished the put_lineup_config process.
2025-04-02 12:27:42,651 - INFO - Finished the put_lineup_folders process.
2025-04-02 12:27:42,653 - INFO - Finished the put_pools process.
2025-04-02 12:27:42,701 - WARNING -  * Debugger is active!
2025-04-02 12:27:42,706 - INFO -  * Debugger PIN: 627-281-010
2025-04-02 12:28:51,314 - INFO -  * Detected change in 'C:\\Users\\nkalyani\\PycharmProjects\\FlaskBackend\\scripts\\put_lineup_config.py', reloading
