2025-06-05 17:11:15,120 - INFO - Starting the get_dashboards process.
2025-06-05 17:11:15,121 - INFO - Sending GET request to URL: https://10.169.22.17:8443/vsm/preferences
2025-06-05 17:11:16,748 - INFO - Request successful. Response status: 200
2025-06-05 17:11:16,748 - INFO - Response JSON: 
{
    "messagePreferences": {
        "enableMessageMonitoring": true,
        "enablePeriodicCleanup": true,
        "startTime": "03:00:00",
        "cleanupThresholdDays": 10
    },
    "deviceSettingsBackupPreferences": {
        "enableScheduledBackup": false,
        "retainNBackups": 3,
        "restoreExcludeSettings": {
            "excludePortSettings": false,
            "excludeBackupSettings": false,
            "excludeScramblerSettings": false,
            "excludeRestoreExclusionFlags": false,
            "excludeNameSettings": false,
            "excludeNTPDriftSettings": false,
            "excludeIPSecSettings": false,
            "excludeStaticRoutesSettings": false,
            "excludeIGMPSettings": false,
            "excludeBasicPortSettings": false,
            "excludeSecuritySettings": false,
            "excludeOriginServerSettings": false,
            "excludeNmosUuidSettings": false,
            "excludeIdentitySettings": true
        }
    },
    "dcmGuiIndicationSettings": {
        "enableDcmGuiIndication": false
    },
    "lineupReactivationUponResourcePropertyChange": {
        "enabled": true
    },
    "resourceCleanupSettings": {
        "enablePeriodicCleanup": false
    },
    "dashboardPreferences": {
        "dashboards": [
            {
                "name": "vDCM-Ex",
                "url": "https://10.169.17.86"
            }
        ]
    },
    "vsmBackupSettings": {
        "enablePeriodicBackup": true,
        "startTime": "04:00:00"
    },
    "serviceFlowPreferences": {
        "fallbackOnTopology": false
    },
    "snmpAgentPreferences": {
        "snmpState": "Disabled",
        "snmpServerInfo": {
            "name": "vsmserver-arahman/VSM-17.01.00",
            "location": "",
            "contactInformation": ""
        },
        "snmpCommunities": [],
        "snmpTrapDestinations": []
    }
}
2025-06-05 17:11:16,750 - INFO - Finished the get_dashboards process.
