2025-04-01 18:53:36,932 - INFO - Finished the delete lineup config process.
2025-04-01 18:53:36,934 - INFO - Finished the delete lineup folders process.
2025-04-01 18:53:36,934 - INFO - Finished the delete pool process.
2025-04-01 18:53:36,935 - INFO - Finished the delete lineup process.
2025-04-01 18:53:36,942 - INFO - Finished the get lineup configs process.
2025-04-01 18:53:36,943 - INFO - Finished the get_lineup_folders process.
2025-04-01 18:53:36,944 - INFO - Finished the get_lineups process.
2025-04-01 18:53:36,945 - INFO - Finished the get_logs process.
2025-04-01 18:53:36,945 - INFO - Finished the pools process.
2025-04-01 18:53:36,946 - INFO - Finished the get_resources process.
2025-04-01 18:53:36,947 - INFO - Finished the get_sources process.
2025-04-01 18:53:36,948 - INFO - Finished the post_lineup_config process.
2025-04-01 18:53:36,948 - INFO - Finished the post_lineup_folders process.
2025-04-01 18:53:36,949 - INFO - Finished the post_lineups process.
2025-04-01 18:53:36,950 - INFO - Finished the post_pools process.
2025-04-01 18:53:36,951 - INFO - Finished the put_lineups process.
2025-04-01 18:53:36,952 - INFO - Finished the put_lineup_config process.
2025-04-01 18:53:36,953 - INFO - Finished the put_lineup_folders process.
2025-04-01 18:53:36,954 - INFO - Finished the put_pools process.
2025-04-01 18:53:36,976 - WARNING -  * Debugger is active!
2025-04-01 18:53:36,977 - INFO -  * Debugger PIN: 627-281-010
2025-04-01 18:55:19,856 - INFO -  * Detected change in 'C:\\Users\\nkalyani\\PycharmProjects\\FlaskBackend\\app.py', reloading
