2025-04-01 18:41:18,021 - INFO - Finished the delete lineup config process.
2025-04-01 18:41:18,023 - INFO - Finished the delete lineup folders process.
2025-04-01 18:41:18,024 - INFO - Finished the delete pool process.
2025-04-01 18:41:18,026 - INFO - Finished the delete lineup process.
2025-04-01 18:41:18,029 - INFO - Finished the get lineup configs process.
2025-04-01 18:41:18,031 - INFO - Finished the get_lineup_folders process.
2025-04-01 18:41:18,032 - INFO - Finished the get_lineups process.
2025-04-01 18:41:18,033 - INFO - Finished the get_logs process.
2025-04-01 18:41:18,034 - INFO - Finished the pools process.
2025-04-01 18:41:18,036 - INFO - Finished the get_resources process.
2025-04-01 18:41:18,037 - INFO - Finished the get_sources process.
2025-04-01 18:41:18,039 - INFO - Finished the post_lineup_config process.
2025-04-01 18:41:18,040 - INFO - Finished the post_lineup_folders process.
2025-04-01 18:41:18,041 - INFO - Finished the post_lineups process.
2025-04-01 18:41:18,043 - INFO - Finished the post_pools process.
2025-04-01 18:41:18,044 - INFO - Finished the put_lineups process.
2025-04-01 18:41:18,045 - INFO - Finished the put_lineup_config process.
2025-04-01 18:41:18,046 - INFO - Finished the put_lineup_folders process.
2025-04-01 18:41:18,048 - INFO - Finished the put_pools process.
2025-04-01 18:41:18,088 - WARNING -  * Debugger is active!
2025-04-01 18:41:18,091 - INFO -  * Debugger PIN: 627-281-010
2025-04-01 18:45:09,931 - INFO -  * Detected change in 'C:\\Users\\nkalyani\\PycharmProjects\\FlaskBackend\\scripts\\stored_configs.py', reloading
