2025-04-02 12:30:38,013 - INFO - Finished the delete lineup config process.
2025-04-02 12:30:38,014 - INFO - Finished the delete lineup folders process.
2025-04-02 12:30:38,014 - INFO - Finished the delete pool process.
2025-04-02 12:30:38,015 - INFO - Finished the delete lineup process.
2025-04-02 12:30:38,016 - INFO - Finished the get lineup configs process.
2025-04-02 12:30:38,017 - INFO - Finished the get_lineup_folders process.
2025-04-02 12:30:38,017 - INFO - Finished the get_lineups process.
2025-04-02 12:30:38,018 - INFO - Finished the get_logs process.
2025-04-02 12:30:38,019 - INFO - Finished the pools process.
2025-04-02 12:30:38,019 - INFO - Finished the get_resources process.
2025-04-02 12:30:38,020 - INFO - Finished the get_sources process.
2025-04-02 12:30:38,021 - INFO - Finished the post_lineup_config process.
2025-04-02 12:30:38,022 - INFO - Finished the post_lineup_folders process.
2025-04-02 12:30:38,023 - INFO - Finished the post_lineups process.
2025-04-02 12:30:38,024 - INFO - Finished the post_pools process.
2025-04-02 12:30:38,024 - INFO - Finished the put_lineups process.
2025-04-02 12:30:38,027 - INFO - Finished the put_lineup_config process.
2025-04-02 12:30:38,028 - INFO - Finished the put_lineup_folders process.
2025-04-02 12:30:38,029 - INFO - Finished the put_pools process.
2025-04-02 12:30:38,056 - WARNING -  * Debugger is active!
2025-04-02 12:30:38,059 - INFO -  * Debugger PIN: 627-281-010
2025-04-02 12:31:13,897 - INFO - 127.0.0.1 - - [02/Apr/2025 12:31:13] "OPTIONS /del-lineup-config/ce640113-8bff-49df-b4fa-0b3a6e023ed7 HTTP/1.1" 200 -
2025-04-02 12:31:13,900 - INFO - Starting delete process for config ID: ce640113-8bff-49df-b4fa-0b3a6e023ed7
2025-04-02 12:31:13,901 - INFO - Sending DELETE request to URL: https://10.169.22.17:8443/vsm/configs/ce640113-8bff-49df-b4fa-0b3a6e023ed7
2025-04-02 12:31:15,498 - INFO - Config deleted successfully
2025-04-02 12:31:15,500 - INFO - 127.0.0.1 - - [02/Apr/2025 12:31:15] "DELETE /del-lineup-config/ce640113-8bff-49df-b4fa-0b3a6e023ed7 HTTP/1.1" 200 -
2025-04-02 12:31:15,506 - INFO - Starting the get_lineup_folders process.
2025-04-02 12:31:15,506 - INFO - Sending GET request to URL: https://10.169.22.17:8443/vsm/lineups/folders
2025-04-02 12:31:16,915 - INFO - Request successful. Response status: 200
2025-04-02 12:31:16,916 - INFO - Response JSON: 
[
    {
        "id": "584d838d-a397-4323-a70a-62d40ad782d9",
        "name": "Main2"
    },
    {
        "id": "7f8f1ef6-3503-4923-89c7-be65e81c6aaf",
        "name": "Bloomberg"
    },
    {
        "id": "22bb7545-55b6-4c7b-bac9-bc20e9673973",
        "name": "Main"
    },
    {
        "parentFolderId": "22bb7545-55b6-4c7b-bac9-bc20e9673973",
        "id": "feb489ab-bdd4-4e0a-a2f5-15d0e3b57e8f",
        "name": "Try_del"
    }
]
2025-04-02 12:31:16,917 - INFO - 127.0.0.1 - - [02/Apr/2025 12:31:16] "GET /list-lineup-folders HTTP/1.1" 200 -
2025-04-02 12:31:16,922 - INFO - Starting the get_lineups process.
2025-04-02 12:31:16,923 - INFO - Sending GET request to URL: https://10.169.22.17:8443/vsm/lineups
2025-04-02 12:31:18,401 - INFO - Request successful. Response status: 200
2025-04-02 12:31:18,401 - INFO - Response JSON: 
[
    {
        "lineup": "DCON",
        "lineupId": "352bd50c-7231-45c7-a81e-b06cd9177c81",
        "lineupType": "VDCM_ABR",
        "configurations": [
            {
                "configuration": "DCON",
                "configurationId": "5a4c2549-452c-42fd-a6c0-cd2453b157ec",
                "configState": "INACTIVE",
                "configValidity": "VALID"
            }
        ]
    },
    {
        "lineup": "Video_lineup",
        "lineupId": "13bcd157-11e4-439e-972b-8d56a0a28f89",
        "parentFolderId": "22bb7545-55b6-4c7b-bac9-bc20e9673973",
        "lineupType": "VDCM_ABR",
        "configurations": []
    },
    {
        "lineup": "Live_lineup",
        "lineupId": "df584fe1-9b75-4520-a671-7e90158c6830",
        "parentFolderId": "22bb7545-55b6-4c7b-bac9-bc20e9673973",
        "lineupType": "VDCM_ABR",
        "configurations": []
    },
    {
        "lineup": "Ingress Lineup",
        "lineupId": "6f64bc65-b61e-45e3-9638-3cec2f0ee3c6",
        "parentFolderId": "7f8f1ef6-3503-4923-89c7-be65e81c6aaf",
        "lineupType": "SINGLE_STAGE_REST",
        "configurations": [
            {
                "configuration": "Ingress config",
                "configurationId": "dd5c9507-59e5-4cc6-ac5c-a60d81e835c5",
                "configState": "INACTIVE",
                "configValidity": "ERRORS",
                "configDescription": "Created at 2025-04-02 12:05:46"
            },
            {
                "configuration": "Ingress config2",
                "configurationId": "73868200-fafe-4c66-b557-86fed01ecaf4",
                "configState": "INACTIVE",
                "configValidity": "ERRORS",
                "configDescription": "Created at 2025-04-02 12:06:27"
            }
        ]
    },
    {
        "lineup": "Egress Lineup",
        "lineupId": "2b7439ce-d39b-4231-b588-2d64e20c6b91",
        "parentFolderId": "7f8f1ef6-3503-4923-89c7-be65e81c6aaf",
        "lineupType": "SINGLE_STAGE_REST",
        "configurations": [
            {
                "configuration": "Egress Config2",
                "configurationId": "c715871d-4cfc-4b27-8aeb-3a7af0bd1c61",
                "configState": "INACTIVE",
                "configValidity": "VALID"
            }
        ]
    }
]
2025-04-02 12:31:18,403 - INFO - 127.0.0.1 - - [02/Apr/2025 12:31:18] "GET /list-lineups HTTP/1.1" 200 -
2025-04-02 12:31:18,409 - INFO - Starting the get_resources process.
2025-04-02 12:31:18,410 - INFO - Sending GET request to URL: https://10.169.22.17:8443/vsm/resources
2025-04-02 12:31:19,834 - INFO - Request successful. Response status: 200
2025-04-02 12:31:19,835 - INFO - Response JSON: 
[
    {
        "name": "vDCM_Ex",
        "type": "DCM",
        "swVersion": "23.3.1",
        "restApiHost": "10.169.17.86",
        "id": "8a299691-93b6-fcb3-0194-2aace4a76041",
        "uiURL": "http://10.169.17.86:80",
        "subType": "SOFTWARE",
        "properties": [
            {
                "property": "URCSmxUDPPort",
                "value": "Not Applicable"
            },
            {
                "property": "ScsProxyMonitoringEnabled",
                "value": "true"
            },
            {
                "property": "UIPort",
                "value": "80"
            },
            {
                "property": "HTTPSPort",
                "value": "8443"
            },
            {
                "property": "AutoReApplyConfiguration",
                "value": "false"
            },
            {
                "property": "UIProtocol",
                "value": "http"
            },
            {
                "property": "SetUdpBoundary",
                "value": "0"
            },
            {
                "property": "SetUrcSmxUdpPort",
                "value": "0"
            },
            {
                "property": "HostID",
                "value": "0000FLM2051RMN3"
            },
            {
                "property": "MessageMonitoringEnabled",
                "value": "true"
            },
            {
                "property": "ConfigureURC2",
                "value": "NotManaged"
            },
            {
                "property": "REST_Communication",
                "value": "true"
            },
            {
                "property": "EISProxyPortNumber",
                "value": "9000"
            },
            {
                "property": "VMFP_ABR_Present",
                "value": "true"
            },
            {
                "property": "URCSmxIPAddress",
                "value": "Not Applicable"
            },
            {
                "property": "PathSimFile",
                "value": ""
            },
            {
                "property": "IGMP_Mode",
                "value": "Manual"
            },
            {
                "property": "HTTPTimeout",
                "value": "500"
            },
            {
                "property": "IIOPAccountName",
                "value": "admin"
            },
            {
                "property": "URCSmxCommunityName",
                "value": "Not Applicable"
            },
            {
                "property": "SubType",
                "value": "4"
            },
            {
                "property": "SimulationMode",
                "value": "Off"
            },
            {
                "property": "CollectMetrics",
                "value": "NotManaged"
            },
            {
                "property": "IIOP_Communication",
                "value": "false"
            },
            {
                "property": "RestAPIProtocol",
                "value": "https"
            },
            {
                "property": "RestAPIHost",
                "value": "10.169.17.86"
            },
            {
                "property": "SetSystemName",
                "value": "Disabled"
            },
            {
                "property": "UIHost",
                "value": "10.169.17.86"
            },
            {
                "property": "EISProxyHost",
                "value": "10.169.17.86"
            },
            {
                "property": "IpStreamCreationMode",
                "value": "IP_UDP"
            },
            {
                "property": "PSIGProxyHost",
                "value": "10.169.17.86"
            },
            {
                "property": "PollRetryCount",
                "value": "2"
            },
            {
                "property": "CandidateForCleanup",
                "value": "false"
            },
            {
                "property": "HTTPRetryCount",
                "value": "1"
            },
            {
                "property": "UdpBoundary",
                "value": "0"
            },
            {
                "property": "PSIGProxyPortNumber",
                "value": "8502"
            }
        ]
    },
    {
        "name": "vDCM2",
        "type": "DCM",
        "restApiHost": "10.169.17.23",
        "id": "8a299691-93b6-fcb3-0194-72eb08f375dd",
        "uiURL": "http://10.169.17.23:80",
        "subType": "NOT_APPLICABLE",
        "properties": [
            {
                "property": "URCSmxUDPPort",
                "value": ""
            },
            {
                "property": "ScsProxyMonitoringEnabled",
                "value": "false"
            },
            {
                "property": "UIPort",
                "value": "80"
            },
            {
                "property": "HTTPSPort",
                "value": "8443"
            },
            {
                "property": "AutoReApplyConfiguration",
                "value": "false"
            },
            {
                "property": "UIProtocol",
                "value": "http"
            },
            {
                "property": "SetUdpBoundary",
                "value": "0"
            },
            {
                "property": "SetUrcSmxUdpPort",
                "value": "0"
            },
            {
                "property": "HostID",
                "value": ""
            },
            {
                "property": "MessageMonitoringEnabled",
                "value": "true"
            },
            {
                "property": "ConfigureURC2",
                "value": "NotManaged"
            },
            {
                "property": "REST_Communication",
                "value": "true"
            },
            {
                "property": "EISProxyPortNumber",
                "value": "9000"
            },
            {
                "property": "VMFP_ABR_Present",
                "value": "false"
            },
            {
                "property": "URCSmxIPAddress",
                "value": ""
            },
            {
                "property": "PathSimFile",
                "value": ""
            },
            {
                "property": "IGMP_Mode",
                "value": "Unknown"
            },
            {
                "property": "HTTPTimeout",
                "value": "500"
            },
            {
                "property": "IIOPAccountName",
                "value": "guest"
            },
            {
                "property": "URCSmxCommunityName",
                "value": ""
            },
            {
                "property": "SubType",
                "value": "-1"
            },
            {
                "property": "SimulationMode",
                "value": "Off"
            },
            {
                "property": "CollectMetrics",
                "value": "NotManaged"
            },
            {
                "property": "IIOP_Communication",
                "value": "false"
            },
            {
                "property": "RestAPIProtocol",
                "value": "https"
            },
            {
                "property": "RestAPIHost",
                "value": "10.169.17.23"
            },
            {
                "property": "SetSystemName",
                "value": "Disabled"
            },
            {
                "property": "UIHost",
                "value": "10.169.17.23"
            },
            {
                "property": "EISProxyHost",
                "value": "10.169.17.23"
            },
            {
                "property": "IpStreamCreationMode",
                "value": "IP_UDP"
            },
            {
                "property": "PSIGProxyHost",
                "value": "10.169.17.23"
            },
            {
                "property": "PollRetryCount",
                "value": "2"
            },
            {
                "property": "CandidateForCleanup",
                "value": "false"
            },
            {
                "property": "HTTPRetryCount",
                "value": "1"
            },
            {
                "property": "UdpBoundary",
                "value": ""
            },
            {
                "property": "PSIGProxyPortNumber",
                "value": "8502"
            }
        ]
    },
    {
        "name": "vDCM3",
        "type": "DCM",
        "iiopHost": "string",
        "restApiHost": "10.169.17.25",
        "id": "8a299691-951d-e4fb-0195-223dd0e8626a",
        "uiURL": "http://string:80",
        "subType": "NOT_APPLICABLE",
        "properties": [
            {
                "property": "URCSmxUDPPort",
                "value": ""
            },
            {
                "property": "ScsProxyMonitoringEnabled",
                "value": "false"
            },
            {
                "property": "UIPort",
                "value": "80"
            },
            {
                "property": "HTTPSPort",
                "value": "8443"
            },
            {
                "property": "AutoReApplyConfiguration",
                "value": "false"
            },
            {
                "property": "UIProtocol",
                "value": "http"
            },
            {
                "property": "SetUdpBoundary",
                "value": "0"
            },
            {
                "property": "SetUrcSmxUdpPort",
                "value": "0"
            },
            {
                "property": "HostID",
                "value": ""
            },
            {
                "property": "MaxVSEperPool",
                "value": "0"
            },
            {
                "property": "MessageMonitoringEnabled",
                "value": "true"
            },
            {
                "property": "ConfigureURC2",
                "value": "NotManaged"
            },
            {
                "property": "REST_Communication",
                "value": "true"
            },
            {
                "property": "EISProxyPortNumber",
                "value": "9000"
            },
            {
                "property": "VMFP_ABR_Present",
                "value": "false"
            },
            {
                "property": "URCSmxIPAddress",
                "value": ""
            },
            {
                "property": "PollPort",
                "value": "80"
            },
            {
                "property": "PathSimFile",
                "value": " "
            },
            {
                "property": "IIOPPort",
                "value": "5003"
            },
            {
                "property": "IGMP_Mode",
                "value": "Unknown"
            },
            {
                "property": "HTTPTimeout",
                "value": "500"
            },
            {
                "property": "MaxNumberOfPools",
                "value": "0"
            },
            {
                "property": "IIOPAccountName",
                "value": "guest"
            },
            {
                "property": "URCSmxCommunityName",
                "value": ""
            },
            {
                "property": "SubType",
                "value": "-1"
            },
            {
                "property": "SimulationMode",
                "value": "Off"
            },
            {
                "property": "CollectMetrics",
                "value": "NotManaged"
            },
            {
                "property": "MaxNumberOfVSEs",
                "value": "0"
            },
            {
                "property": "IIOP_Communication",
                "value": "true"
            },
            {
                "property": "RestAPIProtocol",
                "value": "https"
            },
            {
                "property": "RestAPIHost",
                "value": "10.169.17.25"
            },
            {
                "property": "SetSystemName",
                "value": "Disabled"
            },
            {
                "property": "UIHost",
                "value": "string"
            },
            {
                "property": "EISProxyHost",
                "value": "string"
            },
            {
                "property": "IpStreamCreationMode",
                "value": "IP_UDP"
            },
            {
                "property": "PollTimeOut",
                "value": "500"
            },
            {
                "property": "PSIGProxyHost",
                "value": "string"
            },
            {
                "property": "PollRetryCount",
                "value": "2"
            },
            {
                "property": "CandidateForCleanup",
                "value": "false"
            },
            {
                "property": "HTTPRetryCount",
                "value": "1"
            },
            {
                "property": "IIOPHost",
                "value": "string"
            },
            {
                "property": "UdpBoundary",
                "value": ""
            },
            {
                "property": "PSIGProxyPortNumber",
                "value": "8502"
            }
        ]
    }
]
2025-04-02 12:31:19,836 - INFO - 127.0.0.1 - - [02/Apr/2025 12:31:19] "GET /list-resources HTTP/1.1" 200 -
2025-04-02 12:31:19,843 - INFO - Starting the get_sources process.
2025-04-02 12:31:19,844 - INFO - Sending GET request to URL: https://10.169.22.17:8443/vsm/sources
2025-04-02 12:31:21,259 - INFO - Request successful. Response status: 200
2025-04-02 12:31:21,260 - INFO - Response JSON: 
[
    {
        "sourceType": "SRT",
        "id": "b939f67b-a0a5-4a8c-8068-c7ad32de0da6",
        "name": "Video HD",
        "sid": 1,
        "tsType": "SERVICE",
        "tsStandard": "DVB",
        "channelId": "",
        "components": [
            {
                "componentType": "video",
                "pid": 2136,
                "streamType": 27,
                "frameRate": "23.98",
                "scanType": "INTERLACED",
                "includeInServiceProtectionPidList": false
            },
            {
                "componentType": "audio",
                "pid": 3156,
                "streamType": 4,
                "language": "ben",
                "sampleRate": "48",
                "includeInServiceProtectionPidList": false
            },
            {
                "componentType": "data",
                "pid": 2945,
                "streamType": 6,
                "descriptorTag": 89,
                "language": "ara",
                "includeInServiceProtectionPidList": false
            }
        ],
        "bandwidthLimit": {
            "mode": "Disabled"
        },
        "mode": "Listener",
        "receiveMode": "On",
        "ipSourceParams": {
            "receptionPort": 5000
        },
        "latency": 200,
        "timeBaseSelection": {
            "mode": "AutoRefPCR"
        },
        "securityParams": {
            "keyLength": "Disabled"
        },
        "defaultItfOrdinal": 0
    },
    {
        "sourceType": "SRT",
        "id": "242fc2e4-5c25-4fe6-8835-dba4ed131b04",
        "name": "EuropeHD",
        "sid": 1,
        "tsType": "SERVICE",
        "tsStandard": "DVB",
        "channelId": "",
        "components": [
            {
                "componentType": "video",
                "pid": 2934,
                "streamType": 27,
                "frameRate": "24",
                "scanType": "INTERLACED",
                "includeInServiceProtectionPidList": false
            }
        ],
        "bandwidthLimit": {
            "mode": "Disabled"
        },
        "mode": "Listener",
        "receiveMode": "On",
        "ipSourceParams": {
            "receptionPort": 5000
        },
        "latency": 200,
        "timeBaseSelection": {
            "mode": "AutoRefPCR"
        },
        "securityParams": {
            "keyLength": "Disabled"
        },
        "defaultItfOrdinal": 0
    }
]
2025-04-02 12:31:21,262 - INFO - 127.0.0.1 - - [02/Apr/2025 12:31:21] "GET /list-sources HTTP/1.1" 200 -
2025-04-02 12:31:23,876 - INFO - 127.0.0.1 - - [02/Apr/2025 12:31:23] "OPTIONS /del-lineup-config/dd5c9507-59e5-4cc6-ac5c-a60d81e835c5 HTTP/1.1" 200 -
2025-04-02 12:31:23,880 - INFO - Starting delete process for config ID: dd5c9507-59e5-4cc6-ac5c-a60d81e835c5
2025-04-02 12:31:23,882 - INFO - Sending DELETE request to URL: https://10.169.22.17:8443/vsm/configs/dd5c9507-59e5-4cc6-ac5c-a60d81e835c5
2025-04-02 12:31:25,686 - INFO - Config deleted successfully
2025-04-02 12:31:25,687 - INFO - 127.0.0.1 - - [02/Apr/2025 12:31:25] "DELETE /del-lineup-config/dd5c9507-59e5-4cc6-ac5c-a60d81e835c5 HTTP/1.1" 200 -
2025-04-02 12:31:25,693 - INFO - Starting the get_lineup_folders process.
2025-04-02 12:31:25,694 - INFO - Sending GET request to URL: https://10.169.22.17:8443/vsm/lineups/folders
2025-04-02 12:31:27,168 - INFO - Request successful. Response status: 200
2025-04-02 12:31:27,168 - INFO - Response JSON: 
[
    {
        "id": "584d838d-a397-4323-a70a-62d40ad782d9",
        "name": "Main2"
    },
    {
        "id": "7f8f1ef6-3503-4923-89c7-be65e81c6aaf",
        "name": "Bloomberg"
    },
    {
        "id": "22bb7545-55b6-4c7b-bac9-bc20e9673973",
        "name": "Main"
    },
    {
        "parentFolderId": "22bb7545-55b6-4c7b-bac9-bc20e9673973",
        "id": "feb489ab-bdd4-4e0a-a2f5-15d0e3b57e8f",
        "name": "Try_del"
    }
]
2025-04-02 12:31:27,170 - INFO - 127.0.0.1 - - [02/Apr/2025 12:31:27] "GET /list-lineup-folders HTTP/1.1" 200 -
2025-04-02 12:31:27,210 - INFO - Starting the get_lineups process.
2025-04-02 12:31:27,212 - INFO - Sending GET request to URL: https://10.169.22.17:8443/vsm/lineups
2025-04-02 12:31:28,746 - INFO - Request successful. Response status: 200
2025-04-02 12:31:28,746 - INFO - Response JSON: 
[
    {
        "lineup": "DCON",
        "lineupId": "352bd50c-7231-45c7-a81e-b06cd9177c81",
        "lineupType": "VDCM_ABR",
        "configurations": [
            {
                "configuration": "DCON",
                "configurationId": "5a4c2549-452c-42fd-a6c0-cd2453b157ec",
                "configState": "INACTIVE",
                "configValidity": "VALID"
            }
        ]
    },
    {
        "lineup": "Video_lineup",
        "lineupId": "13bcd157-11e4-439e-972b-8d56a0a28f89",
        "parentFolderId": "22bb7545-55b6-4c7b-bac9-bc20e9673973",
        "lineupType": "VDCM_ABR",
        "configurations": []
    },
    {
        "lineup": "Live_lineup",
        "lineupId": "df584fe1-9b75-4520-a671-7e90158c6830",
        "parentFolderId": "22bb7545-55b6-4c7b-bac9-bc20e9673973",
        "lineupType": "VDCM_ABR",
        "configurations": []
    },
    {
        "lineup": "Ingress Lineup",
        "lineupId": "6f64bc65-b61e-45e3-9638-3cec2f0ee3c6",
        "parentFolderId": "7f8f1ef6-3503-4923-89c7-be65e81c6aaf",
        "lineupType": "SINGLE_STAGE_REST",
        "configurations": [
            {
                "configuration": "Ingress config2",
                "configurationId": "73868200-fafe-4c66-b557-86fed01ecaf4",
                "configState": "INACTIVE",
                "configValidity": "ERRORS",
                "configDescription": "Created at 2025-04-02 12:06:27"
            }
        ]
    },
    {
        "lineup": "Egress Lineup",
        "lineupId": "2b7439ce-d39b-4231-b588-2d64e20c6b91",
        "parentFolderId": "7f8f1ef6-3503-4923-89c7-be65e81c6aaf",
        "lineupType": "SINGLE_STAGE_REST",
        "configurations": [
            {
                "configuration": "Egress Config2",
                "configurationId": "c715871d-4cfc-4b27-8aeb-3a7af0bd1c61",
                "configState": "INACTIVE",
                "configValidity": "VALID"
            }
        ]
    }
]
2025-04-02 12:31:28,747 - INFO - 127.0.0.1 - - [02/Apr/2025 12:31:28] "GET /list-lineups HTTP/1.1" 200 -
2025-04-02 12:31:28,754 - INFO - Starting the get_resources process.
2025-04-02 12:31:28,755 - INFO - Sending GET request to URL: https://10.169.22.17:8443/vsm/resources
2025-04-02 12:31:30,221 - INFO - Request successful. Response status: 200
2025-04-02 12:31:30,222 - INFO - Response JSON: 
[
    {
        "name": "vDCM_Ex",
        "type": "DCM",
        "swVersion": "23.3.1",
        "restApiHost": "10.169.17.86",
        "id": "8a299691-93b6-fcb3-0194-2aace4a76041",
        "uiURL": "http://10.169.17.86:80",
        "subType": "SOFTWARE",
        "properties": [
            {
                "property": "URCSmxUDPPort",
                "value": "Not Applicable"
            },
            {
                "property": "ScsProxyMonitoringEnabled",
                "value": "true"
            },
            {
                "property": "UIPort",
                "value": "80"
            },
            {
                "property": "HTTPSPort",
                "value": "8443"
            },
            {
                "property": "AutoReApplyConfiguration",
                "value": "false"
            },
            {
                "property": "UIProtocol",
                "value": "http"
            },
            {
                "property": "SetUdpBoundary",
                "value": "0"
            },
            {
                "property": "SetUrcSmxUdpPort",
                "value": "0"
            },
            {
                "property": "HostID",
                "value": "0000FLM2051RMN3"
            },
            {
                "property": "MessageMonitoringEnabled",
                "value": "true"
            },
            {
                "property": "ConfigureURC2",
                "value": "NotManaged"
            },
            {
                "property": "REST_Communication",
                "value": "true"
            },
            {
                "property": "EISProxyPortNumber",
                "value": "9000"
            },
            {
                "property": "VMFP_ABR_Present",
                "value": "true"
            },
            {
                "property": "URCSmxIPAddress",
                "value": "Not Applicable"
            },
            {
                "property": "PathSimFile",
                "value": ""
            },
            {
                "property": "IGMP_Mode",
                "value": "Manual"
            },
            {
                "property": "HTTPTimeout",
                "value": "500"
            },
            {
                "property": "IIOPAccountName",
                "value": "admin"
            },
            {
                "property": "URCSmxCommunityName",
                "value": "Not Applicable"
            },
            {
                "property": "SubType",
                "value": "4"
            },
            {
                "property": "SimulationMode",
                "value": "Off"
            },
            {
                "property": "CollectMetrics",
                "value": "NotManaged"
            },
            {
                "property": "IIOP_Communication",
                "value": "false"
            },
            {
                "property": "RestAPIProtocol",
                "value": "https"
            },
            {
                "property": "RestAPIHost",
                "value": "10.169.17.86"
            },
            {
                "property": "SetSystemName",
                "value": "Disabled"
            },
            {
                "property": "UIHost",
                "value": "10.169.17.86"
            },
            {
                "property": "EISProxyHost",
                "value": "10.169.17.86"
            },
            {
                "property": "IpStreamCreationMode",
                "value": "IP_UDP"
            },
            {
                "property": "PSIGProxyHost",
                "value": "10.169.17.86"
            },
            {
                "property": "PollRetryCount",
                "value": "2"
            },
            {
                "property": "CandidateForCleanup",
                "value": "false"
            },
            {
                "property": "HTTPRetryCount",
                "value": "1"
            },
            {
                "property": "UdpBoundary",
                "value": "0"
            },
            {
                "property": "PSIGProxyPortNumber",
                "value": "8502"
            }
        ]
    },
    {
        "name": "vDCM2",
        "type": "DCM",
        "restApiHost": "10.169.17.23",
        "id": "8a299691-93b6-fcb3-0194-72eb08f375dd",
        "uiURL": "http://10.169.17.23:80",
        "subType": "NOT_APPLICABLE",
        "properties": [
            {
                "property": "URCSmxUDPPort",
                "value": ""
            },
            {
                "property": "ScsProxyMonitoringEnabled",
                "value": "false"
            },
            {
                "property": "UIPort",
                "value": "80"
            },
            {
                "property": "HTTPSPort",
                "value": "8443"
            },
            {
                "property": "AutoReApplyConfiguration",
                "value": "false"
            },
            {
                "property": "UIProtocol",
                "value": "http"
            },
            {
                "property": "SetUdpBoundary",
                "value": "0"
            },
            {
                "property": "SetUrcSmxUdpPort",
                "value": "0"
            },
            {
                "property": "HostID",
                "value": ""
            },
            {
                "property": "MessageMonitoringEnabled",
                "value": "true"
            },
            {
                "property": "ConfigureURC2",
                "value": "NotManaged"
            },
            {
                "property": "REST_Communication",
                "value": "true"
            },
            {
                "property": "EISProxyPortNumber",
                "value": "9000"
            },
            {
                "property": "VMFP_ABR_Present",
                "value": "false"
            },
            {
                "property": "URCSmxIPAddress",
                "value": ""
            },
            {
                "property": "PathSimFile",
                "value": ""
            },
            {
                "property": "IGMP_Mode",
                "value": "Unknown"
            },
            {
                "property": "HTTPTimeout",
                "value": "500"
            },
            {
                "property": "IIOPAccountName",
                "value": "guest"
            },
            {
                "property": "URCSmxCommunityName",
                "value": ""
            },
            {
                "property": "SubType",
                "value": "-1"
            },
            {
                "property": "SimulationMode",
                "value": "Off"
            },
            {
                "property": "CollectMetrics",
                "value": "NotManaged"
            },
            {
                "property": "IIOP_Communication",
                "value": "false"
            },
            {
                "property": "RestAPIProtocol",
                "value": "https"
            },
            {
                "property": "RestAPIHost",
                "value": "10.169.17.23"
            },
            {
                "property": "SetSystemName",
                "value": "Disabled"
            },
            {
                "property": "UIHost",
                "value": "10.169.17.23"
            },
            {
                "property": "EISProxyHost",
                "value": "10.169.17.23"
            },
            {
                "property": "IpStreamCreationMode",
                "value": "IP_UDP"
            },
            {
                "property": "PSIGProxyHost",
                "value": "10.169.17.23"
            },
            {
                "property": "PollRetryCount",
                "value": "2"
            },
            {
                "property": "CandidateForCleanup",
                "value": "false"
            },
            {
                "property": "HTTPRetryCount",
                "value": "1"
            },
            {
                "property": "UdpBoundary",
                "value": ""
            },
            {
                "property": "PSIGProxyPortNumber",
                "value": "8502"
            }
        ]
    },
    {
        "name": "vDCM3",
        "type": "DCM",
        "iiopHost": "string",
        "restApiHost": "10.169.17.25",
        "id": "8a299691-951d-e4fb-0195-223dd0e8626a",
        "uiURL": "http://string:80",
        "subType": "NOT_APPLICABLE",
        "properties": [
            {
                "property": "URCSmxUDPPort",
                "value": ""
            },
            {
                "property": "ScsProxyMonitoringEnabled",
                "value": "false"
            },
            {
                "property": "UIPort",
                "value": "80"
            },
            {
                "property": "HTTPSPort",
                "value": "8443"
            },
            {
                "property": "AutoReApplyConfiguration",
                "value": "false"
            },
            {
                "property": "UIProtocol",
                "value": "http"
            },
            {
                "property": "SetUdpBoundary",
                "value": "0"
            },
            {
                "property": "SetUrcSmxUdpPort",
                "value": "0"
            },
            {
                "property": "HostID",
                "value": ""
            },
            {
                "property": "MaxVSEperPool",
                "value": "0"
            },
            {
                "property": "MessageMonitoringEnabled",
                "value": "true"
            },
            {
                "property": "ConfigureURC2",
                "value": "NotManaged"
            },
            {
                "property": "REST_Communication",
                "value": "true"
            },
            {
                "property": "EISProxyPortNumber",
                "value": "9000"
            },
            {
                "property": "VMFP_ABR_Present",
                "value": "false"
            },
            {
                "property": "URCSmxIPAddress",
                "value": ""
            },
            {
                "property": "PollPort",
                "value": "80"
            },
            {
                "property": "PathSimFile",
                "value": " "
            },
            {
                "property": "IIOPPort",
                "value": "5003"
            },
            {
                "property": "IGMP_Mode",
                "value": "Unknown"
            },
            {
                "property": "HTTPTimeout",
                "value": "500"
            },
            {
                "property": "MaxNumberOfPools",
                "value": "0"
            },
            {
                "property": "IIOPAccountName",
                "value": "guest"
            },
            {
                "property": "URCSmxCommunityName",
                "value": ""
            },
            {
                "property": "SubType",
                "value": "-1"
            },
            {
                "property": "SimulationMode",
                "value": "Off"
            },
            {
                "property": "CollectMetrics",
                "value": "NotManaged"
            },
            {
                "property": "MaxNumberOfVSEs",
                "value": "0"
            },
            {
                "property": "IIOP_Communication",
                "value": "true"
            },
            {
                "property": "RestAPIProtocol",
                "value": "https"
            },
            {
                "property": "RestAPIHost",
                "value": "10.169.17.25"
            },
            {
                "property": "SetSystemName",
                "value": "Disabled"
            },
            {
                "property": "UIHost",
                "value": "string"
            },
            {
                "property": "EISProxyHost",
                "value": "string"
            },
            {
                "property": "IpStreamCreationMode",
                "value": "IP_UDP"
            },
            {
                "property": "PollTimeOut",
                "value": "500"
            },
            {
                "property": "PSIGProxyHost",
                "value": "string"
            },
            {
                "property": "PollRetryCount",
                "value": "2"
            },
            {
                "property": "CandidateForCleanup",
                "value": "false"
            },
            {
                "property": "HTTPRetryCount",
                "value": "1"
            },
            {
                "property": "IIOPHost",
                "value": "string"
            },
            {
                "property": "UdpBoundary",
                "value": ""
            },
            {
                "property": "PSIGProxyPortNumber",
                "value": "8502"
            }
        ]
    }
]
2025-04-02 12:31:30,225 - INFO - 127.0.0.1 - - [02/Apr/2025 12:31:30] "GET /list-resources HTTP/1.1" 200 -
2025-04-02 12:31:30,232 - INFO - Starting the get_sources process.
2025-04-02 12:31:30,232 - INFO - Sending GET request to URL: https://10.169.22.17:8443/vsm/sources
2025-04-02 12:31:31,713 - INFO - Request successful. Response status: 200
2025-04-02 12:31:31,714 - INFO - Response JSON: 
[
    {
        "sourceType": "SRT",
        "id": "b939f67b-a0a5-4a8c-8068-c7ad32de0da6",
        "name": "Video HD",
        "sid": 1,
        "tsType": "SERVICE",
        "tsStandard": "DVB",
        "channelId": "",
        "components": [
            {
                "componentType": "video",
                "pid": 2136,
                "streamType": 27,
                "frameRate": "23.98",
                "scanType": "INTERLACED",
                "includeInServiceProtectionPidList": false
            },
            {
                "componentType": "audio",
                "pid": 3156,
                "streamType": 4,
                "language": "ben",
                "sampleRate": "48",
                "includeInServiceProtectionPidList": false
            },
            {
                "componentType": "data",
                "pid": 2945,
                "streamType": 6,
                "descriptorTag": 89,
                "language": "ara",
                "includeInServiceProtectionPidList": false
            }
        ],
        "bandwidthLimit": {
            "mode": "Disabled"
        },
        "mode": "Listener",
        "receiveMode": "On",
        "ipSourceParams": {
            "receptionPort": 5000
        },
        "latency": 200,
        "timeBaseSelection": {
            "mode": "AutoRefPCR"
        },
        "securityParams": {
            "keyLength": "Disabled"
        },
        "defaultItfOrdinal": 0
    },
    {
        "sourceType": "SRT",
        "id": "242fc2e4-5c25-4fe6-8835-dba4ed131b04",
        "name": "EuropeHD",
        "sid": 1,
        "tsType": "SERVICE",
        "tsStandard": "DVB",
        "channelId": "",
        "components": [
            {
                "componentType": "video",
                "pid": 2934,
                "streamType": 27,
                "frameRate": "24",
                "scanType": "INTERLACED",
                "includeInServiceProtectionPidList": false
            }
        ],
        "bandwidthLimit": {
            "mode": "Disabled"
        },
        "mode": "Listener",
        "receiveMode": "On",
        "ipSourceParams": {
            "receptionPort": 5000
        },
        "latency": 200,
        "timeBaseSelection": {
            "mode": "AutoRefPCR"
        },
        "securityParams": {
            "keyLength": "Disabled"
        },
        "defaultItfOrdinal": 0
    }
]
2025-04-02 12:31:31,715 - INFO - 127.0.0.1 - - [02/Apr/2025 12:31:31] "GET /list-sources HTTP/1.1" 200 -
2025-04-02 12:31:36,528 - INFO - 127.0.0.1 - - [02/Apr/2025 12:31:36] "OPTIONS /update-lineup-config/73868200-fafe-4c66-b557-86fed01ecaf4 HTTP/1.1" 200 -
2025-04-02 12:31:36,537 - INFO - 127.0.0.1 - - [02/Apr/2025 12:31:36] "[31m[1mPUT /update-lineup-config/73868200-fafe-4c66-b557-86fed01ecaf4 HTTP/1.1[0m" 405 -
2025-04-02 12:32:07,904 - INFO -  * Detected change in 'C:\\Users\\nkalyani\\PycharmProjects\\FlaskBackend\\app.py', reloading
