2025-04-07 16:37:10,656 - INFO - Finished the delete lineup config process.
2025-04-07 16:37:10,659 - INFO - Finished the delete lineup folders process.
2025-04-07 16:37:10,668 - INFO - Finished the delete pool process.
2025-04-07 16:37:10,672 - INFO - Finished the delete lineup process.
2025-04-07 16:37:10,678 - INFO - Finished the get lineup configs process.
2025-04-07 16:37:10,691 - INFO - Finished the get lineup configs process.
2025-04-07 16:37:10,694 - INFO - Finished the get_lineup_folders process.
2025-04-07 16:37:10,696 - INFO - Finished the get_lineups process.
2025-04-07 16:37:10,699 - INFO - Finished the get_logs process.
2025-04-07 16:37:10,701 - INFO - Finished the pools process.
2025-04-07 16:37:10,704 - INFO - Finished the get_resources process.
2025-04-07 16:37:10,706 - INFO - Finished the get_sources process.
2025-04-07 16:37:10,708 - INFO - Finished the post_lineup_config process.
2025-04-07 16:37:10,712 - INFO - Finished the post_lineup_folders process.
2025-04-07 16:37:10,714 - INFO - Finished the post_lineups process.
2025-04-07 16:37:10,717 - INFO - Finished the post_pools process.
2025-04-07 16:37:10,719 - INFO - Finished the put_lineups process.
2025-04-07 16:37:10,721 - INFO - Finished the put_lineup_config process.
2025-04-07 16:37:10,724 - INFO - Finished the put_lineup_folders process.
2025-04-07 16:37:10,726 - INFO - Finished the put_pools process.
2025-04-07 16:37:10,925 - INFO - [31m[1mWARNING: This is a development server. Do not use it in a production deployment. Use a production WSGI server instead.[0m
 * Running on http://127.0.0.1:5000
2025-04-07 16:37:10,926 - INFO - [33mPress CTRL+C to quit[0m
2025-04-07 16:37:10,936 - INFO -  * Restarting with stat
