2025-04-01 18:58:29,029 - INFO - Finished the delete lineup config process.
2025-04-01 18:58:29,031 - INFO - Finished the delete lineup folders process.
2025-04-01 18:58:29,032 - INFO - Finished the delete pool process.
2025-04-01 18:58:29,034 - INFO - Finished the delete lineup process.
2025-04-01 18:58:29,042 - INFO - Finished the get lineup configs process.
2025-04-01 18:58:29,043 - INFO - Finished the get_lineup_folders process.
2025-04-01 18:58:29,045 - INFO - Finished the get_lineups process.
2025-04-01 18:58:29,046 - INFO - Finished the get_logs process.
2025-04-01 18:58:29,048 - INFO - Finished the pools process.
2025-04-01 18:58:29,049 - INFO - Finished the get_resources process.
2025-04-01 18:58:29,050 - INFO - Finished the get_sources process.
2025-04-01 18:58:29,052 - INFO - Finished the post_lineup_config process.
2025-04-01 18:58:29,053 - INFO - Finished the post_lineup_folders process.
2025-04-01 18:58:29,056 - INFO - Finished the post_lineups process.
2025-04-01 18:58:29,057 - INFO - Finished the post_pools process.
2025-04-01 18:58:29,059 - INFO - Finished the put_lineups process.
2025-04-01 18:58:29,060 - INFO - Finished the put_lineup_config process.
2025-04-01 18:58:29,062 - INFO - Finished the put_lineup_folders process.
2025-04-01 18:58:29,063 - INFO - Finished the put_pools process.
2025-04-01 18:58:29,118 - WARNING -  * Debugger is active!
2025-04-01 18:58:29,123 - INFO -  * Debugger PIN: 627-281-010
2025-04-01 19:07:20,914 - INFO -  * Detected change in 'C:\\Users\\nkalyani\\PycharmProjects\\FlaskBackend\\app.py', reloading
