2025-04-02 14:52:14,202 - INFO - Finished the delete lineup config process.
2025-04-02 14:52:14,203 - INFO - Finished the delete lineup folders process.
2025-04-02 14:52:14,204 - INFO - Finished the delete pool process.
2025-04-02 14:52:14,204 - INFO - Finished the delete lineup process.
2025-04-02 14:52:14,207 - INFO - Finished the get lineup configs process.
2025-04-02 14:52:14,208 - INFO - Finished the get lineup configs process.
2025-04-02 14:52:14,209 - INFO - Finished the get_lineup_folders process.
2025-04-02 14:52:14,210 - INFO - Finished the get_lineups process.
2025-04-02 14:52:14,210 - INFO - Finished the get_logs process.
2025-04-02 14:52:14,211 - INFO - Finished the pools process.
2025-04-02 14:52:14,212 - INFO - Finished the get_resources process.
2025-04-02 14:52:14,212 - INFO - Finished the get_sources process.
2025-04-02 14:52:14,213 - INFO - Finished the post_lineup_config process.
2025-04-02 14:52:14,214 - INFO - Finished the post_lineup_folders process.
2025-04-02 14:52:14,215 - INFO - Finished the post_lineups process.
2025-04-02 14:52:14,215 - INFO - Finished the post_pools process.
2025-04-02 14:52:14,216 - INFO - Finished the put_lineups process.
2025-04-02 14:52:14,217 - INFO - Finished the put_lineup_config process.
2025-04-02 14:52:14,217 - INFO - Finished the put_lineup_folders process.
2025-04-02 14:52:14,218 - INFO - Finished the put_pools process.
2025-04-02 14:52:14,238 - WARNING -  * Debugger is active!
2025-04-02 14:52:14,240 - INFO -  * Debugger PIN: 627-281-010
2025-04-02 14:52:27,214 - INFO - 127.0.0.1 - - [02/Apr/2025 14:52:27] "POST /generate-token HTTP/1.1" 200 -
2025-04-02 14:52:29,317 - INFO - 127.0.0.1 - - [02/Apr/2025 14:52:29] "GET /list-dashboards HTTP/1.1" 200 -
2025-04-02 14:52:32,872 - INFO - Starting the get_lineup_folders process.
2025-04-02 14:52:32,873 - INFO - Sending GET request to URL: https://10.169.22.17:8443/vsm/lineups/folders
2025-04-02 14:52:34,401 - INFO - Request successful. Response status: 200
2025-04-02 14:52:34,401 - INFO - Response JSON: 
[
    {
        "id": "584d838d-a397-4323-a70a-62d40ad782d9",
        "name": "Main2"
    },
    {
        "id": "7f8f1ef6-3503-4923-89c7-be65e81c6aaf",
        "name": "Bloomberg"
    },
    {
        "id": "22bb7545-55b6-4c7b-bac9-bc20e9673973",
        "name": "Main"
    },
    {
        "parentFolderId": "22bb7545-55b6-4c7b-bac9-bc20e9673973",
        "id": "feb489ab-bdd4-4e0a-a2f5-15d0e3b57e8f",
        "name": "Try_del"
    }
]
2025-04-02 14:52:34,402 - INFO - 127.0.0.1 - - [02/Apr/2025 14:52:34] "GET /list-lineup-folders HTTP/1.1" 200 -
2025-04-02 14:52:34,406 - INFO - Starting the get_lineups process.
2025-04-02 14:52:34,407 - INFO - Sending GET request to URL: https://10.169.22.17:8443/vsm/lineups
2025-04-02 14:52:35,863 - INFO - Request successful. Response status: 200
2025-04-02 14:52:35,864 - INFO - Response JSON: 
[
    {
        "lineup": "DCON",
        "lineupId": "352bd50c-7231-45c7-a81e-b06cd9177c81",
        "lineupType": "VDCM_ABR",
        "configurations": [
            {
                "configuration": "DCON",
                "configurationId": "5a4c2549-452c-42fd-a6c0-cd2453b157ec",
                "configState": "INACTIVE",
                "configValidity": "VALID"
            }
        ]
    },
    {
        "lineup": "Video_lineup",
        "lineupId": "13bcd157-11e4-439e-972b-8d56a0a28f89",
        "parentFolderId": "22bb7545-55b6-4c7b-bac9-bc20e9673973",
        "lineupType": "VDCM_ABR",
        "configurations": []
    },
    {
        "lineup": "Live_lineup",
        "lineupId": "df584fe1-9b75-4520-a671-7e90158c6830",
        "parentFolderId": "22bb7545-55b6-4c7b-bac9-bc20e9673973",
        "lineupType": "VDCM_ABR",
        "configurations": []
    },
    {
        "lineup": "Egress Lineup",
        "lineupId": "2b7439ce-d39b-4231-b588-2d64e20c6b91",
        "parentFolderId": "7f8f1ef6-3503-4923-89c7-be65e81c6aaf",
        "lineupType": "SINGLE_STAGE_REST",
        "configurations": [
            {
                "configuration": "Egress Config2",
                "configurationId": "c715871d-4cfc-4b27-8aeb-3a7af0bd1c61",
                "configState": "INACTIVE",
                "configValidity": "VALID"
            }
        ]
    }
]
2025-04-02 14:52:35,865 - INFO - 127.0.0.1 - - [02/Apr/2025 14:52:35] "GET /list-lineups HTTP/1.1" 200 -
2025-04-02 14:52:35,869 - INFO - Starting the get_resources process.
2025-04-02 14:52:35,870 - INFO - Sending GET request to URL: https://10.169.22.17:8443/vsm/resources
2025-04-02 14:52:37,404 - INFO - Request successful. Response status: 200
2025-04-02 14:52:37,404 - INFO - Response JSON: 
[
    {
        "name": "vDCM_Ex",
        "type": "DCM",
        "swVersion": "23.3.1",
        "restApiHost": "10.169.17.86",
        "id": "8a299691-93b6-fcb3-0194-2aace4a76041",
        "uiURL": "http://10.169.17.86:80",
        "subType": "SOFTWARE",
        "properties": [
            {
                "property": "URCSmxUDPPort",
                "value": "Not Applicable"
            },
            {
                "property": "ScsProxyMonitoringEnabled",
                "value": "true"
            },
            {
                "property": "UIPort",
                "value": "80"
            },
            {
                "property": "HTTPSPort",
                "value": "8443"
            },
            {
                "property": "AutoReApplyConfiguration",
                "value": "false"
            },
            {
                "property": "UIProtocol",
                "value": "http"
            },
            {
                "property": "SetUdpBoundary",
                "value": "0"
            },
            {
                "property": "SetUrcSmxUdpPort",
                "value": "0"
            },
            {
                "property": "HostID",
                "value": "0000FLM2051RMN3"
            },
            {
                "property": "MessageMonitoringEnabled",
                "value": "true"
            },
            {
                "property": "ConfigureURC2",
                "value": "NotManaged"
            },
            {
                "property": "REST_Communication",
                "value": "true"
            },
            {
                "property": "EISProxyPortNumber",
                "value": "9000"
            },
            {
                "property": "VMFP_ABR_Present",
                "value": "true"
            },
            {
                "property": "URCSmxIPAddress",
                "value": "Not Applicable"
            },
            {
                "property": "PathSimFile",
                "value": ""
            },
            {
                "property": "IGMP_Mode",
                "value": "Manual"
            },
            {
                "property": "HTTPTimeout",
                "value": "500"
            },
            {
                "property": "IIOPAccountName",
                "value": "admin"
            },
            {
                "property": "URCSmxCommunityName",
                "value": "Not Applicable"
            },
            {
                "property": "SubType",
                "value": "4"
            },
            {
                "property": "SimulationMode",
                "value": "Off"
            },
            {
                "property": "CollectMetrics",
                "value": "NotManaged"
            },
            {
                "property": "IIOP_Communication",
                "value": "false"
            },
            {
                "property": "RestAPIProtocol",
                "value": "https"
            },
            {
                "property": "RestAPIHost",
                "value": "10.169.17.86"
            },
            {
                "property": "SetSystemName",
                "value": "Disabled"
            },
            {
                "property": "UIHost",
                "value": "10.169.17.86"
            },
            {
                "property": "EISProxyHost",
                "value": "10.169.17.86"
            },
            {
                "property": "IpStreamCreationMode",
                "value": "IP_UDP"
            },
            {
                "property": "PSIGProxyHost",
                "value": "10.169.17.86"
            },
            {
                "property": "PollRetryCount",
                "value": "2"
            },
            {
                "property": "CandidateForCleanup",
                "value": "false"
            },
            {
                "property": "HTTPRetryCount",
                "value": "1"
            },
            {
                "property": "UdpBoundary",
                "value": "0"
            },
            {
                "property": "PSIGProxyPortNumber",
                "value": "8502"
            }
        ]
    },
    {
        "name": "vDCM2",
        "type": "DCM",
        "restApiHost": "10.169.17.23",
        "id": "8a299691-93b6-fcb3-0194-72eb08f375dd",
        "uiURL": "http://10.169.17.23:80",
        "subType": "NOT_APPLICABLE",
        "properties": [
            {
                "property": "URCSmxUDPPort",
                "value": ""
            },
            {
                "property": "ScsProxyMonitoringEnabled",
                "value": "false"
            },
            {
                "property": "UIPort",
                "value": "80"
            },
            {
                "property": "HTTPSPort",
                "value": "8443"
            },
            {
                "property": "AutoReApplyConfiguration",
                "value": "false"
            },
            {
                "property": "UIProtocol",
                "value": "http"
            },
            {
                "property": "SetUdpBoundary",
                "value": "0"
            },
            {
                "property": "SetUrcSmxUdpPort",
                "value": "0"
            },
            {
                "property": "HostID",
                "value": ""
            },
            {
                "property": "MessageMonitoringEnabled",
                "value": "true"
            },
            {
                "property": "ConfigureURC2",
                "value": "NotManaged"
            },
            {
                "property": "REST_Communication",
                "value": "true"
            },
            {
                "property": "EISProxyPortNumber",
                "value": "9000"
            },
            {
                "property": "VMFP_ABR_Present",
                "value": "false"
            },
            {
                "property": "URCSmxIPAddress",
                "value": ""
            },
            {
                "property": "PathSimFile",
                "value": ""
            },
            {
                "property": "IGMP_Mode",
                "value": "Unknown"
            },
            {
                "property": "HTTPTimeout",
                "value": "500"
            },
            {
                "property": "IIOPAccountName",
                "value": "guest"
            },
            {
                "property": "URCSmxCommunityName",
                "value": ""
            },
            {
                "property": "SubType",
                "value": "-1"
            },
            {
                "property": "SimulationMode",
                "value": "Off"
            },
            {
                "property": "CollectMetrics",
                "value": "NotManaged"
            },
            {
                "property": "IIOP_Communication",
                "value": "false"
            },
            {
                "property": "RestAPIProtocol",
                "value": "https"
            },
            {
                "property": "RestAPIHost",
                "value": "10.169.17.23"
            },
            {
                "property": "SetSystemName",
                "value": "Disabled"
            },
            {
                "property": "UIHost",
                "value": "10.169.17.23"
            },
            {
                "property": "EISProxyHost",
                "value": "10.169.17.23"
            },
            {
                "property": "IpStreamCreationMode",
                "value": "IP_UDP"
            },
            {
                "property": "PSIGProxyHost",
                "value": "10.169.17.23"
            },
            {
                "property": "PollRetryCount",
                "value": "2"
            },
            {
                "property": "CandidateForCleanup",
                "value": "false"
            },
            {
                "property": "HTTPRetryCount",
                "value": "1"
            },
            {
                "property": "UdpBoundary",
                "value": ""
            },
            {
                "property": "PSIGProxyPortNumber",
                "value": "8502"
            }
        ]
    },
    {
        "name": "vDCM3",
        "type": "DCM",
        "iiopHost": "string",
        "restApiHost": "10.169.17.25",
        "id": "8a299691-951d-e4fb-0195-223dd0e8626a",
        "uiURL": "http://string:80",
        "subType": "NOT_APPLICABLE",
        "properties": [
            {
                "property": "URCSmxUDPPort",
                "value": ""
            },
            {
                "property": "ScsProxyMonitoringEnabled",
                "value": "false"
            },
            {
                "property": "UIPort",
                "value": "80"
            },
            {
                "property": "HTTPSPort",
                "value": "8443"
            },
            {
                "property": "AutoReApplyConfiguration",
                "value": "false"
            },
            {
                "property": "UIProtocol",
                "value": "http"
            },
            {
                "property": "SetUdpBoundary",
                "value": "0"
            },
            {
                "property": "SetUrcSmxUdpPort",
                "value": "0"
            },
            {
                "property": "HostID",
                "value": ""
            },
            {
                "property": "MaxVSEperPool",
                "value": "0"
            },
            {
                "property": "MessageMonitoringEnabled",
                "value": "true"
            },
            {
                "property": "ConfigureURC2",
                "value": "NotManaged"
            },
            {
                "property": "REST_Communication",
                "value": "true"
            },
            {
                "property": "EISProxyPortNumber",
                "value": "9000"
            },
            {
                "property": "VMFP_ABR_Present",
                "value": "false"
            },
            {
                "property": "URCSmxIPAddress",
                "value": ""
            },
            {
                "property": "PollPort",
                "value": "80"
            },
            {
                "property": "PathSimFile",
                "value": " "
            },
            {
                "property": "IIOPPort",
                "value": "5003"
            },
            {
                "property": "IGMP_Mode",
                "value": "Unknown"
            },
            {
                "property": "HTTPTimeout",
                "value": "500"
            },
            {
                "property": "MaxNumberOfPools",
                "value": "0"
            },
            {
                "property": "IIOPAccountName",
                "value": "guest"
            },
            {
                "property": "URCSmxCommunityName",
                "value": ""
            },
            {
                "property": "SubType",
                "value": "-1"
            },
            {
                "property": "SimulationMode",
                "value": "Off"
            },
            {
                "property": "CollectMetrics",
                "value": "NotManaged"
            },
            {
                "property": "MaxNumberOfVSEs",
                "value": "0"
            },
            {
                "property": "IIOP_Communication",
                "value": "true"
            },
            {
                "property": "RestAPIProtocol",
                "value": "https"
            },
            {
                "property": "RestAPIHost",
                "value": "10.169.17.25"
            },
            {
                "property": "SetSystemName",
                "value": "Disabled"
            },
            {
                "property": "UIHost",
                "value": "string"
            },
            {
                "property": "EISProxyHost",
                "value": "string"
            },
            {
                "property": "IpStreamCreationMode",
                "value": "IP_UDP"
            },
            {
                "property": "PollTimeOut",
                "value": "500"
            },
            {
                "property": "PSIGProxyHost",
                "value": "string"
            },
            {
                "property": "PollRetryCount",
                "value": "2"
            },
            {
                "property": "CandidateForCleanup",
                "value": "false"
            },
            {
                "property": "HTTPRetryCount",
                "value": "1"
            },
            {
                "property": "IIOPHost",
                "value": "string"
            },
            {
                "property": "UdpBoundary",
                "value": ""
            },
            {
                "property": "PSIGProxyPortNumber",
                "value": "8502"
            }
        ]
    }
]
2025-04-02 14:52:37,405 - INFO - 127.0.0.1 - - [02/Apr/2025 14:52:37] "GET /list-resources HTTP/1.1" 200 -
2025-04-02 14:52:37,410 - INFO - Starting the get_sources process.
2025-04-02 14:52:37,411 - INFO - Sending GET request to URL: https://10.169.22.17:8443/vsm/sources
2025-04-02 14:52:38,880 - INFO - Request successful. Response status: 200
2025-04-02 14:52:38,880 - INFO - Response JSON: 
[
    {
        "sourceType": "SRT",
        "id": "b939f67b-a0a5-4a8c-8068-c7ad32de0da6",
        "name": "Video HD",
        "sid": 1,
        "tsType": "SERVICE",
        "tsStandard": "DVB",
        "channelId": "",
        "components": [
            {
                "componentType": "video",
                "pid": 2136,
                "streamType": 27,
                "frameRate": "23.98",
                "scanType": "INTERLACED",
                "includeInServiceProtectionPidList": false
            },
            {
                "componentType": "audio",
                "pid": 3156,
                "streamType": 4,
                "language": "ben",
                "sampleRate": "48",
                "includeInServiceProtectionPidList": false
            },
            {
                "componentType": "data",
                "pid": 2945,
                "streamType": 6,
                "descriptorTag": 89,
                "language": "ara",
                "includeInServiceProtectionPidList": false
            }
        ],
        "bandwidthLimit": {
            "mode": "Disabled"
        },
        "mode": "Listener",
        "receiveMode": "On",
        "ipSourceParams": {
            "receptionPort": 5000
        },
        "latency": 200,
        "timeBaseSelection": {
            "mode": "AutoRefPCR"
        },
        "securityParams": {
            "keyLength": "Disabled"
        },
        "defaultItfOrdinal": 0
    },
    {
        "sourceType": "SRT",
        "id": "242fc2e4-5c25-4fe6-8835-dba4ed131b04",
        "name": "EuropeHD",
        "sid": 1,
        "tsType": "SERVICE",
        "tsStandard": "DVB",
        "channelId": "",
        "components": [
            {
                "componentType": "video",
                "pid": 2934,
                "streamType": 27,
                "frameRate": "24",
                "scanType": "INTERLACED",
                "includeInServiceProtectionPidList": false
            }
        ],
        "bandwidthLimit": {
            "mode": "Disabled"
        },
        "mode": "Listener",
        "receiveMode": "On",
        "ipSourceParams": {
            "receptionPort": 5000
        },
        "latency": 200,
        "timeBaseSelection": {
            "mode": "AutoRefPCR"
        },
        "securityParams": {
            "keyLength": "Disabled"
        },
        "defaultItfOrdinal": 0
    }
]
2025-04-02 14:52:38,881 - INFO - 127.0.0.1 - - [02/Apr/2025 14:52:38] "GET /list-sources HTTP/1.1" 200 -
2025-04-02 14:53:00,752 - INFO - 127.0.0.1 - - [02/Apr/2025 14:53:00] "OPTIONS /create-lineup HTTP/1.1" 200 -
2025-04-02 14:53:00,755 - INFO - Starting the post_lineups process.
2025-04-02 14:53:00,763 - INFO - Sending POST request to URL: https://10.169.22.17:8443/vsm/lineups
2025-04-02 14:53:02,799 - INFO - Request successful. Response status: 201
2025-04-02 14:53:02,799 - INFO - Response JSON: 
{
    "id": "3f10aee2-0316-474c-afce-00f545c39d35"
}
2025-04-02 14:53:02,800 - INFO - 127.0.0.1 - - [02/Apr/2025 14:53:02] "POST /create-lineup HTTP/1.1" 200 -
2025-04-02 14:53:02,807 - INFO - Starting the get_lineup_folders process.
2025-04-02 14:53:02,807 - INFO - Sending GET request to URL: https://10.169.22.17:8443/vsm/lineups/folders
2025-04-02 14:53:04,297 - INFO - Request successful. Response status: 200
2025-04-02 14:53:04,297 - INFO - Response JSON: 
[
    {
        "id": "584d838d-a397-4323-a70a-62d40ad782d9",
        "name": "Main2"
    },
    {
        "id": "7f8f1ef6-3503-4923-89c7-be65e81c6aaf",
        "name": "Bloomberg"
    },
    {
        "id": "22bb7545-55b6-4c7b-bac9-bc20e9673973",
        "name": "Main"
    },
    {
        "parentFolderId": "22bb7545-55b6-4c7b-bac9-bc20e9673973",
        "id": "feb489ab-bdd4-4e0a-a2f5-15d0e3b57e8f",
        "name": "Try_del"
    }
]
2025-04-02 14:53:04,298 - INFO - 127.0.0.1 - - [02/Apr/2025 14:53:04] "GET /list-lineup-folders HTTP/1.1" 200 -
2025-04-02 14:53:04,302 - INFO - Starting the get_lineups process.
2025-04-02 14:53:04,302 - INFO - Sending GET request to URL: https://10.169.22.17:8443/vsm/lineups
2025-04-02 14:53:05,777 - INFO - Request successful. Response status: 200
2025-04-02 14:53:05,778 - INFO - Response JSON: 
[
    {
        "lineup": "DCON",
        "lineupId": "352bd50c-7231-45c7-a81e-b06cd9177c81",
        "lineupType": "VDCM_ABR",
        "configurations": [
            {
                "configuration": "DCON",
                "configurationId": "5a4c2549-452c-42fd-a6c0-cd2453b157ec",
                "configState": "INACTIVE",
                "configValidity": "VALID"
            }
        ]
    },
    {
        "lineup": "Ingress Lineup",
        "lineupId": "3f10aee2-0316-474c-afce-00f545c39d35",
        "parentFolderId": "7f8f1ef6-3503-4923-89c7-be65e81c6aaf",
        "lineupType": "SINGLE_STAGE_REST",
        "configurations": []
    },
    {
        "lineup": "Video_lineup",
        "lineupId": "13bcd157-11e4-439e-972b-8d56a0a28f89",
        "parentFolderId": "22bb7545-55b6-4c7b-bac9-bc20e9673973",
        "lineupType": "VDCM_ABR",
        "configurations": []
    },
    {
        "lineup": "Live_lineup",
        "lineupId": "df584fe1-9b75-4520-a671-7e90158c6830",
        "parentFolderId": "22bb7545-55b6-4c7b-bac9-bc20e9673973",
        "lineupType": "VDCM_ABR",
        "configurations": []
    },
    {
        "lineup": "Egress Lineup",
        "lineupId": "2b7439ce-d39b-4231-b588-2d64e20c6b91",
        "parentFolderId": "7f8f1ef6-3503-4923-89c7-be65e81c6aaf",
        "lineupType": "SINGLE_STAGE_REST",
        "configurations": [
            {
                "configuration": "Egress Config2",
                "configurationId": "c715871d-4cfc-4b27-8aeb-3a7af0bd1c61",
                "configState": "INACTIVE",
                "configValidity": "VALID"
            }
        ]
    }
]
2025-04-02 14:53:05,779 - INFO - 127.0.0.1 - - [02/Apr/2025 14:53:05] "GET /list-lineups HTTP/1.1" 200 -
2025-04-02 14:53:05,787 - INFO - Starting the get_resources process.
2025-04-02 14:53:05,787 - INFO - Sending GET request to URL: https://10.169.22.17:8443/vsm/resources
2025-04-02 14:53:07,872 - INFO - Request successful. Response status: 200
2025-04-02 14:53:07,872 - INFO - Response JSON: 
[
    {
        "name": "vDCM_Ex",
        "type": "DCM",
        "swVersion": "23.3.1",
        "restApiHost": "10.169.17.86",
        "id": "8a299691-93b6-fcb3-0194-2aace4a76041",
        "uiURL": "http://10.169.17.86:80",
        "subType": "SOFTWARE",
        "properties": [
            {
                "property": "URCSmxUDPPort",
                "value": "Not Applicable"
            },
            {
                "property": "ScsProxyMonitoringEnabled",
                "value": "true"
            },
            {
                "property": "UIPort",
                "value": "80"
            },
            {
                "property": "HTTPSPort",
                "value": "8443"
            },
            {
                "property": "AutoReApplyConfiguration",
                "value": "false"
            },
            {
                "property": "UIProtocol",
                "value": "http"
            },
            {
                "property": "SetUdpBoundary",
                "value": "0"
            },
            {
                "property": "SetUrcSmxUdpPort",
                "value": "0"
            },
            {
                "property": "HostID",
                "value": "0000FLM2051RMN3"
            },
            {
                "property": "MessageMonitoringEnabled",
                "value": "true"
            },
            {
                "property": "ConfigureURC2",
                "value": "NotManaged"
            },
            {
                "property": "REST_Communication",
                "value": "true"
            },
            {
                "property": "EISProxyPortNumber",
                "value": "9000"
            },
            {
                "property": "VMFP_ABR_Present",
                "value": "true"
            },
            {
                "property": "URCSmxIPAddress",
                "value": "Not Applicable"
            },
            {
                "property": "PathSimFile",
                "value": ""
            },
            {
                "property": "IGMP_Mode",
                "value": "Manual"
            },
            {
                "property": "HTTPTimeout",
                "value": "500"
            },
            {
                "property": "IIOPAccountName",
                "value": "admin"
            },
            {
                "property": "URCSmxCommunityName",
                "value": "Not Applicable"
            },
            {
                "property": "SubType",
                "value": "4"
            },
            {
                "property": "SimulationMode",
                "value": "Off"
            },
            {
                "property": "CollectMetrics",
                "value": "NotManaged"
            },
            {
                "property": "IIOP_Communication",
                "value": "false"
            },
            {
                "property": "RestAPIProtocol",
                "value": "https"
            },
            {
                "property": "RestAPIHost",
                "value": "10.169.17.86"
            },
            {
                "property": "SetSystemName",
                "value": "Disabled"
            },
            {
                "property": "UIHost",
                "value": "10.169.17.86"
            },
            {
                "property": "EISProxyHost",
                "value": "10.169.17.86"
            },
            {
                "property": "IpStreamCreationMode",
                "value": "IP_UDP"
            },
            {
                "property": "PSIGProxyHost",
                "value": "10.169.17.86"
            },
            {
                "property": "PollRetryCount",
                "value": "2"
            },
            {
                "property": "CandidateForCleanup",
                "value": "false"
            },
            {
                "property": "HTTPRetryCount",
                "value": "1"
            },
            {
                "property": "UdpBoundary",
                "value": "0"
            },
            {
                "property": "PSIGProxyPortNumber",
                "value": "8502"
            }
        ]
    },
    {
        "name": "vDCM2",
        "type": "DCM",
        "restApiHost": "10.169.17.23",
        "id": "8a299691-93b6-fcb3-0194-72eb08f375dd",
        "uiURL": "http://10.169.17.23:80",
        "subType": "NOT_APPLICABLE",
        "properties": [
            {
                "property": "URCSmxUDPPort",
                "value": ""
            },
            {
                "property": "ScsProxyMonitoringEnabled",
                "value": "false"
            },
            {
                "property": "UIPort",
                "value": "80"
            },
            {
                "property": "HTTPSPort",
                "value": "8443"
            },
            {
                "property": "AutoReApplyConfiguration",
                "value": "false"
            },
            {
                "property": "UIProtocol",
                "value": "http"
            },
            {
                "property": "SetUdpBoundary",
                "value": "0"
            },
            {
                "property": "SetUrcSmxUdpPort",
                "value": "0"
            },
            {
                "property": "HostID",
                "value": ""
            },
            {
                "property": "MessageMonitoringEnabled",
                "value": "true"
            },
            {
                "property": "ConfigureURC2",
                "value": "NotManaged"
            },
            {
                "property": "REST_Communication",
                "value": "true"
            },
            {
                "property": "EISProxyPortNumber",
                "value": "9000"
            },
            {
                "property": "VMFP_ABR_Present",
                "value": "false"
            },
            {
                "property": "URCSmxIPAddress",
                "value": ""
            },
            {
                "property": "PathSimFile",
                "value": ""
            },
            {
                "property": "IGMP_Mode",
                "value": "Unknown"
            },
            {
                "property": "HTTPTimeout",
                "value": "500"
            },
            {
                "property": "IIOPAccountName",
                "value": "guest"
            },
            {
                "property": "URCSmxCommunityName",
                "value": ""
            },
            {
                "property": "SubType",
                "value": "-1"
            },
            {
                "property": "SimulationMode",
                "value": "Off"
            },
            {
                "property": "CollectMetrics",
                "value": "NotManaged"
            },
            {
                "property": "IIOP_Communication",
                "value": "false"
            },
            {
                "property": "RestAPIProtocol",
                "value": "https"
            },
            {
                "property": "RestAPIHost",
                "value": "10.169.17.23"
            },
            {
                "property": "SetSystemName",
                "value": "Disabled"
            },
            {
                "property": "UIHost",
                "value": "10.169.17.23"
            },
            {
                "property": "EISProxyHost",
                "value": "10.169.17.23"
            },
            {
                "property": "IpStreamCreationMode",
                "value": "IP_UDP"
            },
            {
                "property": "PSIGProxyHost",
                "value": "10.169.17.23"
            },
            {
                "property": "PollRetryCount",
                "value": "2"
            },
            {
                "property": "CandidateForCleanup",
                "value": "false"
            },
            {
                "property": "HTTPRetryCount",
                "value": "1"
            },
            {
                "property": "UdpBoundary",
                "value": ""
            },
            {
                "property": "PSIGProxyPortNumber",
                "value": "8502"
            }
        ]
    },
    {
        "name": "vDCM3",
        "type": "DCM",
        "iiopHost": "string",
        "restApiHost": "10.169.17.25",
        "id": "8a299691-951d-e4fb-0195-223dd0e8626a",
        "uiURL": "http://string:80",
        "subType": "NOT_APPLICABLE",
        "properties": [
            {
                "property": "URCSmxUDPPort",
                "value": ""
            },
            {
                "property": "ScsProxyMonitoringEnabled",
                "value": "false"
            },
            {
                "property": "UIPort",
                "value": "80"
            },
            {
                "property": "HTTPSPort",
                "value": "8443"
            },
            {
                "property": "AutoReApplyConfiguration",
                "value": "false"
            },
            {
                "property": "UIProtocol",
                "value": "http"
            },
            {
                "property": "SetUdpBoundary",
                "value": "0"
            },
            {
                "property": "SetUrcSmxUdpPort",
                "value": "0"
            },
            {
                "property": "HostID",
                "value": ""
            },
            {
                "property": "MaxVSEperPool",
                "value": "0"
            },
            {
                "property": "MessageMonitoringEnabled",
                "value": "true"
            },
            {
                "property": "ConfigureURC2",
                "value": "NotManaged"
            },
            {
                "property": "REST_Communication",
                "value": "true"
            },
            {
                "property": "EISProxyPortNumber",
                "value": "9000"
            },
            {
                "property": "VMFP_ABR_Present",
                "value": "false"
            },
            {
                "property": "URCSmxIPAddress",
                "value": ""
            },
            {
                "property": "PollPort",
                "value": "80"
            },
            {
                "property": "PathSimFile",
                "value": " "
            },
            {
                "property": "IIOPPort",
                "value": "5003"
            },
            {
                "property": "IGMP_Mode",
                "value": "Unknown"
            },
            {
                "property": "HTTPTimeout",
                "value": "500"
            },
            {
                "property": "MaxNumberOfPools",
                "value": "0"
            },
            {
                "property": "IIOPAccountName",
                "value": "guest"
            },
            {
                "property": "URCSmxCommunityName",
                "value": ""
            },
            {
                "property": "SubType",
                "value": "-1"
            },
            {
                "property": "SimulationMode",
                "value": "Off"
            },
            {
                "property": "CollectMetrics",
                "value": "NotManaged"
            },
            {
                "property": "MaxNumberOfVSEs",
                "value": "0"
            },
            {
                "property": "IIOP_Communication",
                "value": "true"
            },
            {
                "property": "RestAPIProtocol",
                "value": "https"
            },
            {
                "property": "RestAPIHost",
                "value": "10.169.17.25"
            },
            {
                "property": "SetSystemName",
                "value": "Disabled"
            },
            {
                "property": "UIHost",
                "value": "string"
            },
            {
                "property": "EISProxyHost",
                "value": "string"
            },
            {
                "property": "IpStreamCreationMode",
                "value": "IP_UDP"
            },
            {
                "property": "PollTimeOut",
                "value": "500"
            },
            {
                "property": "PSIGProxyHost",
                "value": "string"
            },
            {
                "property": "PollRetryCount",
                "value": "2"
            },
            {
                "property": "CandidateForCleanup",
                "value": "false"
            },
            {
                "property": "HTTPRetryCount",
                "value": "1"
            },
            {
                "property": "IIOPHost",
                "value": "string"
            },
            {
                "property": "UdpBoundary",
                "value": ""
            },
            {
                "property": "PSIGProxyPortNumber",
                "value": "8502"
            }
        ]
    }
]
2025-04-02 14:53:07,873 - INFO - 127.0.0.1 - - [02/Apr/2025 14:53:07] "GET /list-resources HTTP/1.1" 200 -
2025-04-02 14:53:07,877 - INFO - Starting the get_sources process.
2025-04-02 14:53:07,878 - INFO - Sending GET request to URL: https://10.169.22.17:8443/vsm/sources
2025-04-02 14:53:09,412 - INFO - Request successful. Response status: 200
2025-04-02 14:53:09,412 - INFO - Response JSON: 
[
    {
        "sourceType": "SRT",
        "id": "b939f67b-a0a5-4a8c-8068-c7ad32de0da6",
        "name": "Video HD",
        "sid": 1,
        "tsType": "SERVICE",
        "tsStandard": "DVB",
        "channelId": "",
        "components": [
            {
                "componentType": "video",
                "pid": 2136,
                "streamType": 27,
                "frameRate": "23.98",
                "scanType": "INTERLACED",
                "includeInServiceProtectionPidList": false
            },
            {
                "componentType": "audio",
                "pid": 3156,
                "streamType": 4,
                "language": "ben",
                "sampleRate": "48",
                "includeInServiceProtectionPidList": false
            },
            {
                "componentType": "data",
                "pid": 2945,
                "streamType": 6,
                "descriptorTag": 89,
                "language": "ara",
                "includeInServiceProtectionPidList": false
            }
        ],
        "bandwidthLimit": {
            "mode": "Disabled"
        },
        "mode": "Listener",
        "receiveMode": "On",
        "ipSourceParams": {
            "receptionPort": 5000
        },
        "latency": 200,
        "timeBaseSelection": {
            "mode": "AutoRefPCR"
        },
        "securityParams": {
            "keyLength": "Disabled"
        },
        "defaultItfOrdinal": 0
    },
    {
        "sourceType": "SRT",
        "id": "242fc2e4-5c25-4fe6-8835-dba4ed131b04",
        "name": "EuropeHD",
        "sid": 1,
        "tsType": "SERVICE",
        "tsStandard": "DVB",
        "channelId": "",
        "components": [
            {
                "componentType": "video",
                "pid": 2934,
                "streamType": 27,
                "frameRate": "24",
                "scanType": "INTERLACED",
                "includeInServiceProtectionPidList": false
            }
        ],
        "bandwidthLimit": {
            "mode": "Disabled"
        },
        "mode": "Listener",
        "receiveMode": "On",
        "ipSourceParams": {
            "receptionPort": 5000
        },
        "latency": 200,
        "timeBaseSelection": {
            "mode": "AutoRefPCR"
        },
        "securityParams": {
            "keyLength": "Disabled"
        },
        "defaultItfOrdinal": 0
    }
]
2025-04-02 14:53:09,413 - INFO - 127.0.0.1 - - [02/Apr/2025 14:53:09] "GET /list-sources HTTP/1.1" 200 -
2025-04-02 14:53:34,274 - INFO - 127.0.0.1 - - [02/Apr/2025 14:53:34] "OPTIONS /create-lineup-config/3f10aee2-0316-474c-afce-00f545c39d35 HTTP/1.1" 200 -
2025-04-02 14:53:34,277 - INFO - Starting the post_lineup_config process.
2025-04-02 14:53:34,279 - INFO - Sending POST request to URL: https://10.169.22.17:8443/vsm/lineups/3f10aee2-0316-474c-afce-00f545c39d35/configs
2025-04-02 14:53:39,184 - INFO - Request successful. Status: 201
2025-04-02 14:53:39,185 - INFO - 127.0.0.1 - - [02/Apr/2025 14:53:39] "POST /create-lineup-config/3f10aee2-0316-474c-afce-00f545c39d35 HTTP/1.1" 200 -
2025-04-02 14:53:39,193 - INFO - Starting the get_lineup_folders process.
2025-04-02 14:53:39,193 - INFO - Sending GET request to URL: https://10.169.22.17:8443/vsm/lineups/folders
2025-04-02 14:53:40,719 - INFO - Request successful. Response status: 200
2025-04-02 14:53:40,719 - INFO - Response JSON: 
[
    {
        "id": "584d838d-a397-4323-a70a-62d40ad782d9",
        "name": "Main2"
    },
    {
        "id": "7f8f1ef6-3503-4923-89c7-be65e81c6aaf",
        "name": "Bloomberg"
    },
    {
        "id": "22bb7545-55b6-4c7b-bac9-bc20e9673973",
        "name": "Main"
    },
    {
        "parentFolderId": "22bb7545-55b6-4c7b-bac9-bc20e9673973",
        "id": "feb489ab-bdd4-4e0a-a2f5-15d0e3b57e8f",
        "name": "Try_del"
    }
]
2025-04-02 14:53:40,720 - INFO - 127.0.0.1 - - [02/Apr/2025 14:53:40] "GET /list-lineup-folders HTTP/1.1" 200 -
2025-04-02 14:53:40,725 - INFO - Starting the get_lineups process.
2025-04-02 14:53:40,725 - INFO - Sending GET request to URL: https://10.169.22.17:8443/vsm/lineups
2025-04-02 14:53:42,195 - INFO - Request successful. Response status: 200
2025-04-02 14:53:42,196 - INFO - Response JSON: 
[
    {
        "lineup": "DCON",
        "lineupId": "352bd50c-7231-45c7-a81e-b06cd9177c81",
        "lineupType": "VDCM_ABR",
        "configurations": [
            {
                "configuration": "DCON",
                "configurationId": "5a4c2549-452c-42fd-a6c0-cd2453b157ec",
                "configState": "INACTIVE",
                "configValidity": "VALID"
            }
        ]
    },
    {
        "lineup": "Ingress Lineup",
        "lineupId": "3f10aee2-0316-474c-afce-00f545c39d35",
        "parentFolderId": "7f8f1ef6-3503-4923-89c7-be65e81c6aaf",
        "lineupType": "SINGLE_STAGE_REST",
        "configurations": [
            {
                "configuration": "Ingress Config",
                "configurationId": "5aa2591d-86fa-4661-b5f0-9db9b9d0ea18",
                "configState": "INACTIVE",
                "configValidity": "ERRORS",
                "configDescription": "Created at 2025-04-02 14:53:34"
            }
        ]
    },
    {
        "lineup": "Video_lineup",
        "lineupId": "13bcd157-11e4-439e-972b-8d56a0a28f89",
        "parentFolderId": "22bb7545-55b6-4c7b-bac9-bc20e9673973",
        "lineupType": "VDCM_ABR",
        "configurations": []
    },
    {
        "lineup": "Live_lineup",
        "lineupId": "df584fe1-9b75-4520-a671-7e90158c6830",
        "parentFolderId": "22bb7545-55b6-4c7b-bac9-bc20e9673973",
        "lineupType": "VDCM_ABR",
        "configurations": []
    },
    {
        "lineup": "Egress Lineup",
        "lineupId": "2b7439ce-d39b-4231-b588-2d64e20c6b91",
        "parentFolderId": "7f8f1ef6-3503-4923-89c7-be65e81c6aaf",
        "lineupType": "SINGLE_STAGE_REST",
        "configurations": [
            {
                "configuration": "Egress Config2",
                "configurationId": "c715871d-4cfc-4b27-8aeb-3a7af0bd1c61",
                "configState": "INACTIVE",
                "configValidity": "VALID"
            }
        ]
    }
]
2025-04-02 14:53:42,197 - INFO - 127.0.0.1 - - [02/Apr/2025 14:53:42] "GET /list-lineups HTTP/1.1" 200 -
2025-04-02 14:53:42,203 - INFO - Starting the get_resources process.
2025-04-02 14:53:42,204 - INFO - Sending GET request to URL: https://10.169.22.17:8443/vsm/resources
2025-04-02 14:53:43,679 - INFO - Request successful. Response status: 200
2025-04-02 14:53:43,679 - INFO - Response JSON: 
[
    {
        "name": "vDCM_Ex",
        "type": "DCM",
        "swVersion": "23.3.1",
        "restApiHost": "10.169.17.86",
        "id": "8a299691-93b6-fcb3-0194-2aace4a76041",
        "uiURL": "http://10.169.17.86:80",
        "subType": "SOFTWARE",
        "properties": [
            {
                "property": "URCSmxUDPPort",
                "value": "Not Applicable"
            },
            {
                "property": "ScsProxyMonitoringEnabled",
                "value": "true"
            },
            {
                "property": "UIPort",
                "value": "80"
            },
            {
                "property": "HTTPSPort",
                "value": "8443"
            },
            {
                "property": "AutoReApplyConfiguration",
                "value": "false"
            },
            {
                "property": "UIProtocol",
                "value": "http"
            },
            {
                "property": "SetUdpBoundary",
                "value": "0"
            },
            {
                "property": "SetUrcSmxUdpPort",
                "value": "0"
            },
            {
                "property": "HostID",
                "value": "0000FLM2051RMN3"
            },
            {
                "property": "MessageMonitoringEnabled",
                "value": "true"
            },
            {
                "property": "ConfigureURC2",
                "value": "NotManaged"
            },
            {
                "property": "REST_Communication",
                "value": "true"
            },
            {
                "property": "EISProxyPortNumber",
                "value": "9000"
            },
            {
                "property": "VMFP_ABR_Present",
                "value": "true"
            },
            {
                "property": "URCSmxIPAddress",
                "value": "Not Applicable"
            },
            {
                "property": "PathSimFile",
                "value": ""
            },
            {
                "property": "IGMP_Mode",
                "value": "Manual"
            },
            {
                "property": "HTTPTimeout",
                "value": "500"
            },
            {
                "property": "IIOPAccountName",
                "value": "admin"
            },
            {
                "property": "URCSmxCommunityName",
                "value": "Not Applicable"
            },
            {
                "property": "SubType",
                "value": "4"
            },
            {
                "property": "SimulationMode",
                "value": "Off"
            },
            {
                "property": "CollectMetrics",
                "value": "NotManaged"
            },
            {
                "property": "IIOP_Communication",
                "value": "false"
            },
            {
                "property": "RestAPIProtocol",
                "value": "https"
            },
            {
                "property": "RestAPIHost",
                "value": "10.169.17.86"
            },
            {
                "property": "SetSystemName",
                "value": "Disabled"
            },
            {
                "property": "UIHost",
                "value": "10.169.17.86"
            },
            {
                "property": "EISProxyHost",
                "value": "10.169.17.86"
            },
            {
                "property": "IpStreamCreationMode",
                "value": "IP_UDP"
            },
            {
                "property": "PSIGProxyHost",
                "value": "10.169.17.86"
            },
            {
                "property": "PollRetryCount",
                "value": "2"
            },
            {
                "property": "CandidateForCleanup",
                "value": "false"
            },
            {
                "property": "HTTPRetryCount",
                "value": "1"
            },
            {
                "property": "UdpBoundary",
                "value": "0"
            },
            {
                "property": "PSIGProxyPortNumber",
                "value": "8502"
            }
        ]
    },
    {
        "name": "vDCM2",
        "type": "DCM",
        "restApiHost": "10.169.17.23",
        "id": "8a299691-93b6-fcb3-0194-72eb08f375dd",
        "uiURL": "http://10.169.17.23:80",
        "subType": "NOT_APPLICABLE",
        "properties": [
            {
                "property": "URCSmxUDPPort",
                "value": ""
            },
            {
                "property": "ScsProxyMonitoringEnabled",
                "value": "false"
            },
            {
                "property": "UIPort",
                "value": "80"
            },
            {
                "property": "HTTPSPort",
                "value": "8443"
            },
            {
                "property": "AutoReApplyConfiguration",
                "value": "false"
            },
            {
                "property": "UIProtocol",
                "value": "http"
            },
            {
                "property": "SetUdpBoundary",
                "value": "0"
            },
            {
                "property": "SetUrcSmxUdpPort",
                "value": "0"
            },
            {
                "property": "HostID",
                "value": ""
            },
            {
                "property": "MessageMonitoringEnabled",
                "value": "true"
            },
            {
                "property": "ConfigureURC2",
                "value": "NotManaged"
            },
            {
                "property": "REST_Communication",
                "value": "true"
            },
            {
                "property": "EISProxyPortNumber",
                "value": "9000"
            },
            {
                "property": "VMFP_ABR_Present",
                "value": "false"
            },
            {
                "property": "URCSmxIPAddress",
                "value": ""
            },
            {
                "property": "PathSimFile",
                "value": ""
            },
            {
                "property": "IGMP_Mode",
                "value": "Unknown"
            },
            {
                "property": "HTTPTimeout",
                "value": "500"
            },
            {
                "property": "IIOPAccountName",
                "value": "guest"
            },
            {
                "property": "URCSmxCommunityName",
                "value": ""
            },
            {
                "property": "SubType",
                "value": "-1"
            },
            {
                "property": "SimulationMode",
                "value": "Off"
            },
            {
                "property": "CollectMetrics",
                "value": "NotManaged"
            },
            {
                "property": "IIOP_Communication",
                "value": "false"
            },
            {
                "property": "RestAPIProtocol",
                "value": "https"
            },
            {
                "property": "RestAPIHost",
                "value": "10.169.17.23"
            },
            {
                "property": "SetSystemName",
                "value": "Disabled"
            },
            {
                "property": "UIHost",
                "value": "10.169.17.23"
            },
            {
                "property": "EISProxyHost",
                "value": "10.169.17.23"
            },
            {
                "property": "IpStreamCreationMode",
                "value": "IP_UDP"
            },
            {
                "property": "PSIGProxyHost",
                "value": "10.169.17.23"
            },
            {
                "property": "PollRetryCount",
                "value": "2"
            },
            {
                "property": "CandidateForCleanup",
                "value": "false"
            },
            {
                "property": "HTTPRetryCount",
                "value": "1"
            },
            {
                "property": "UdpBoundary",
                "value": ""
            },
            {
                "property": "PSIGProxyPortNumber",
                "value": "8502"
            }
        ]
    },
    {
        "name": "vDCM3",
        "type": "DCM",
        "iiopHost": "string",
        "restApiHost": "10.169.17.25",
        "id": "8a299691-951d-e4fb-0195-223dd0e8626a",
        "uiURL": "http://string:80",
        "subType": "NOT_APPLICABLE",
        "properties": [
            {
                "property": "URCSmxUDPPort",
                "value": ""
            },
            {
                "property": "ScsProxyMonitoringEnabled",
                "value": "false"
            },
            {
                "property": "UIPort",
                "value": "80"
            },
            {
                "property": "HTTPSPort",
                "value": "8443"
            },
            {
                "property": "AutoReApplyConfiguration",
                "value": "false"
            },
            {
                "property": "UIProtocol",
                "value": "http"
            },
            {
                "property": "SetUdpBoundary",
                "value": "0"
            },
            {
                "property": "SetUrcSmxUdpPort",
                "value": "0"
            },
            {
                "property": "HostID",
                "value": ""
            },
            {
                "property": "MaxVSEperPool",
                "value": "0"
            },
            {
                "property": "MessageMonitoringEnabled",
                "value": "true"
            },
            {
                "property": "ConfigureURC2",
                "value": "NotManaged"
            },
            {
                "property": "REST_Communication",
                "value": "true"
            },
            {
                "property": "EISProxyPortNumber",
                "value": "9000"
            },
            {
                "property": "VMFP_ABR_Present",
                "value": "false"
            },
            {
                "property": "URCSmxIPAddress",
                "value": ""
            },
            {
                "property": "PollPort",
                "value": "80"
            },
            {
                "property": "PathSimFile",
                "value": " "
            },
            {
                "property": "IIOPPort",
                "value": "5003"
            },
            {
                "property": "IGMP_Mode",
                "value": "Unknown"
            },
            {
                "property": "HTTPTimeout",
                "value": "500"
            },
            {
                "property": "MaxNumberOfPools",
                "value": "0"
            },
            {
                "property": "IIOPAccountName",
                "value": "guest"
            },
            {
                "property": "URCSmxCommunityName",
                "value": ""
            },
            {
                "property": "SubType",
                "value": "-1"
            },
            {
                "property": "SimulationMode",
                "value": "Off"
            },
            {
                "property": "CollectMetrics",
                "value": "NotManaged"
            },
            {
                "property": "MaxNumberOfVSEs",
                "value": "0"
            },
            {
                "property": "IIOP_Communication",
                "value": "true"
            },
            {
                "property": "RestAPIProtocol",
                "value": "https"
            },
            {
                "property": "RestAPIHost",
                "value": "10.169.17.25"
            },
            {
                "property": "SetSystemName",
                "value": "Disabled"
            },
            {
                "property": "UIHost",
                "value": "string"
            },
            {
                "property": "EISProxyHost",
                "value": "string"
            },
            {
                "property": "IpStreamCreationMode",
                "value": "IP_UDP"
            },
            {
                "property": "PollTimeOut",
                "value": "500"
            },
            {
                "property": "PSIGProxyHost",
                "value": "string"
            },
            {
                "property": "PollRetryCount",
                "value": "2"
            },
            {
                "property": "CandidateForCleanup",
                "value": "false"
            },
            {
                "property": "HTTPRetryCount",
                "value": "1"
            },
            {
                "property": "IIOPHost",
                "value": "string"
            },
            {
                "property": "UdpBoundary",
                "value": ""
            },
            {
                "property": "PSIGProxyPortNumber",
                "value": "8502"
            }
        ]
    }
]
2025-04-02 14:53:43,680 - INFO - 127.0.0.1 - - [02/Apr/2025 14:53:43] "GET /list-resources HTTP/1.1" 200 -
2025-04-02 14:53:43,684 - INFO - Starting the get_sources process.
2025-04-02 14:53:43,684 - INFO - Sending GET request to URL: https://10.169.22.17:8443/vsm/sources
2025-04-02 14:53:45,164 - INFO - Request successful. Response status: 200
2025-04-02 14:53:45,165 - INFO - Response JSON: 
[
    {
        "sourceType": "SRT",
        "id": "b939f67b-a0a5-4a8c-8068-c7ad32de0da6",
        "name": "Video HD",
        "sid": 1,
        "tsType": "SERVICE",
        "tsStandard": "DVB",
        "channelId": "",
        "components": [
            {
                "componentType": "video",
                "pid": 2136,
                "streamType": 27,
                "frameRate": "23.98",
                "scanType": "INTERLACED",
                "includeInServiceProtectionPidList": false
            },
            {
                "componentType": "audio",
                "pid": 3156,
                "streamType": 4,
                "language": "ben",
                "sampleRate": "48",
                "includeInServiceProtectionPidList": false
            },
            {
                "componentType": "data",
                "pid": 2945,
                "streamType": 6,
                "descriptorTag": 89,
                "language": "ara",
                "includeInServiceProtectionPidList": false
            }
        ],
        "bandwidthLimit": {
            "mode": "Disabled"
        },
        "mode": "Listener",
        "receiveMode": "On",
        "ipSourceParams": {
            "receptionPort": 5000
        },
        "latency": 200,
        "timeBaseSelection": {
            "mode": "AutoRefPCR"
        },
        "securityParams": {
            "keyLength": "Disabled"
        },
        "defaultItfOrdinal": 0
    },
    {
        "sourceType": "SRT",
        "id": "242fc2e4-5c25-4fe6-8835-dba4ed131b04",
        "name": "EuropeHD",
        "sid": 1,
        "tsType": "SERVICE",
        "tsStandard": "DVB",
        "channelId": "",
        "components": [
            {
                "componentType": "video",
                "pid": 2934,
                "streamType": 27,
                "frameRate": "24",
                "scanType": "INTERLACED",
                "includeInServiceProtectionPidList": false
            }
        ],
        "bandwidthLimit": {
            "mode": "Disabled"
        },
        "mode": "Listener",
        "receiveMode": "On",
        "ipSourceParams": {
            "receptionPort": 5000
        },
        "latency": 200,
        "timeBaseSelection": {
            "mode": "AutoRefPCR"
        },
        "securityParams": {
            "keyLength": "Disabled"
        },
        "defaultItfOrdinal": 0
    }
]
2025-04-02 14:53:45,166 - INFO - 127.0.0.1 - - [02/Apr/2025 14:53:45] "GET /list-sources HTTP/1.1" 200 -
2025-04-02 14:53:49,884 - INFO - Fetching configs for Config ID: 5aa2591d-86fa-4661-b5f0-9db9b9d0ea18
2025-04-02 14:53:51,371 - INFO - Request successful. Response status: 200
2025-04-02 14:53:51,371 - INFO - Response JSON: 
{
    "type": "single-stage-rest",
    "id": "5aa2591d-86fa-4661-b5f0-9db9b9d0ea18",
    "name": "Ingress Config",
    "configDescription": "Created at 2025-04-02 14:53:34",
    "applyChangesIfActive": true,
    "allocationResource": {
        "id": "8a299691-93b6-fcb3-0194-72eb08f375dd",
        "type": "DEVICE",
        "name": "vDCM2"
    },
    "sources": [
        {
            "source": {
                "sourceType": "SRT",
                "id": "242fc2e4-5c25-4fe6-8835-dba4ed131b04",
                "name": "EuropeHD",
                "sid": 1,
                "tsType": "SERVICE",
                "tsStandard": "DVB",
                "channelId": "",
                "mode": "Listener",
                "receiveMode": "On",
                "ipSourceParams": {
                    "receptionPort": 5000
                },
                "latency": 200,
                "timeBaseSelection": {
                    "mode": "AutoRefPCR"
                },
                "securityParams": {
                    "keyLength": "Disabled"
                },
                "defaultItfOrdinal": 1
            }
        }
    ],
    "channels": [],
    "tltOutputs": [
        {
            "source": "242fc2e4-5c25-4fe6-8835-dba4ed131b04",
            "outputTLTStream": {
                "id": "e47ac8c2-9b78-4f30-99da-bd8771f48300",
                "type": "SRT",
                "outputPort": 2,
                "TOS": 0,
                "TTL": 64,
                "outputProtocol": "UDP",
                "udpSize": 7,
                "streamingMode": "On",
                "srtOutput": {
                    "mode": "Listener",
                    "streamId": "",
                    "receptionPort": 6000,
                    "bwOverhead": 25,
                    "srtSecurityParams": {
                        "keyLength": "Disabled"
                    },
                    "latency": 200,
                    "anyInterface": false,
                    "maxClients": 2
                }
            }
        }
    ]
}
2025-04-02 14:53:51,372 - INFO - 127.0.0.1 - - [02/Apr/2025 14:53:51] "GET /list-config/5aa2591d-86fa-4661-b5f0-9db9b9d0ea18 HTTP/1.1" 200 -
2025-04-02 14:54:01,671 - INFO - 127.0.0.1 - - [02/Apr/2025 14:54:01] "OPTIONS /update-lineup-config/5aa2591d-86fa-4661-b5f0-9db9b9d0ea18 HTTP/1.1" 200 -
2025-04-02 14:54:01,674 - INFO - Starting the put_lineup_config process.
2025-04-02 14:54:01,676 - INFO - Sending PUT request to URL: https://10.169.22.17:8443/vsm/configs/5aa2591d-86fa-4661-b5f0-9db9b9d0ea18
2025-04-02 14:54:06,118 - INFO - Successfully updated the lineup config name.
2025-04-02 14:54:06,119 - INFO - 127.0.0.1 - - [02/Apr/2025 14:54:06] "PUT /update-lineup-config/5aa2591d-86fa-4661-b5f0-9db9b9d0ea18 HTTP/1.1" 200 -
2025-04-02 14:54:06,126 - INFO - Starting the get_lineup_folders process.
2025-04-02 14:54:06,127 - INFO - Sending GET request to URL: https://10.169.22.17:8443/vsm/lineups/folders
2025-04-02 14:54:07,532 - INFO - Request successful. Response status: 200
2025-04-02 14:54:07,532 - INFO - Response JSON: 
[
    {
        "id": "584d838d-a397-4323-a70a-62d40ad782d9",
        "name": "Main2"
    },
    {
        "id": "7f8f1ef6-3503-4923-89c7-be65e81c6aaf",
        "name": "Bloomberg"
    },
    {
        "id": "22bb7545-55b6-4c7b-bac9-bc20e9673973",
        "name": "Main"
    },
    {
        "parentFolderId": "22bb7545-55b6-4c7b-bac9-bc20e9673973",
        "id": "feb489ab-bdd4-4e0a-a2f5-15d0e3b57e8f",
        "name": "Try_del"
    }
]
2025-04-02 14:54:07,533 - INFO - 127.0.0.1 - - [02/Apr/2025 14:54:07] "GET /list-lineup-folders HTTP/1.1" 200 -
2025-04-02 14:54:07,541 - INFO - Starting the get_lineups process.
2025-04-02 14:54:07,542 - INFO - Sending GET request to URL: https://10.169.22.17:8443/vsm/lineups
2025-04-02 14:54:09,017 - INFO - Request successful. Response status: 200
2025-04-02 14:54:09,017 - INFO - Response JSON: 
[
    {
        "lineup": "DCON",
        "lineupId": "352bd50c-7231-45c7-a81e-b06cd9177c81",
        "lineupType": "VDCM_ABR",
        "configurations": [
            {
                "configuration": "DCON",
                "configurationId": "5a4c2549-452c-42fd-a6c0-cd2453b157ec",
                "configState": "INACTIVE",
                "configValidity": "VALID"
            }
        ]
    },
    {
        "lineup": "Ingress Lineup",
        "lineupId": "3f10aee2-0316-474c-afce-00f545c39d35",
        "parentFolderId": "7f8f1ef6-3503-4923-89c7-be65e81c6aaf",
        "lineupType": "SINGLE_STAGE_REST",
        "configurations": [
            {
                "configuration": "Ingress Config2",
                "configurationId": "5aa2591d-86fa-4661-b5f0-9db9b9d0ea18",
                "configState": "INACTIVE",
                "configValidity": "VALID",
                "configDescription": "Updated at 2025-04-02 14:54:01"
            }
        ]
    },
    {
        "lineup": "Video_lineup",
        "lineupId": "13bcd157-11e4-439e-972b-8d56a0a28f89",
        "parentFolderId": "22bb7545-55b6-4c7b-bac9-bc20e9673973",
        "lineupType": "VDCM_ABR",
        "configurations": []
    },
    {
        "lineup": "Live_lineup",
        "lineupId": "df584fe1-9b75-4520-a671-7e90158c6830",
        "parentFolderId": "22bb7545-55b6-4c7b-bac9-bc20e9673973",
        "lineupType": "VDCM_ABR",
        "configurations": []
    },
    {
        "lineup": "Egress Lineup",
        "lineupId": "2b7439ce-d39b-4231-b588-2d64e20c6b91",
        "parentFolderId": "7f8f1ef6-3503-4923-89c7-be65e81c6aaf",
        "lineupType": "SINGLE_STAGE_REST",
        "configurations": [
            {
                "configuration": "Egress Config2",
                "configurationId": "c715871d-4cfc-4b27-8aeb-3a7af0bd1c61",
                "configState": "INACTIVE",
                "configValidity": "VALID"
            }
        ]
    }
]
2025-04-02 14:54:09,018 - INFO - 127.0.0.1 - - [02/Apr/2025 14:54:09] "GET /list-lineups HTTP/1.1" 200 -
2025-04-02 14:54:09,023 - INFO - Starting the get_resources process.
2025-04-02 14:54:09,023 - INFO - Sending GET request to URL: https://10.169.22.17:8443/vsm/resources
2025-04-02 14:54:10,564 - INFO - Request successful. Response status: 200
2025-04-02 14:54:10,565 - INFO - Response JSON: 
[
    {
        "name": "vDCM_Ex",
        "type": "DCM",
        "swVersion": "23.3.1",
        "restApiHost": "10.169.17.86",
        "id": "8a299691-93b6-fcb3-0194-2aace4a76041",
        "uiURL": "http://10.169.17.86:80",
        "subType": "SOFTWARE",
        "properties": [
            {
                "property": "URCSmxUDPPort",
                "value": "Not Applicable"
            },
            {
                "property": "ScsProxyMonitoringEnabled",
                "value": "true"
            },
            {
                "property": "UIPort",
                "value": "80"
            },
            {
                "property": "HTTPSPort",
                "value": "8443"
            },
            {
                "property": "AutoReApplyConfiguration",
                "value": "false"
            },
            {
                "property": "UIProtocol",
                "value": "http"
            },
            {
                "property": "SetUdpBoundary",
                "value": "0"
            },
            {
                "property": "SetUrcSmxUdpPort",
                "value": "0"
            },
            {
                "property": "HostID",
                "value": "0000FLM2051RMN3"
            },
            {
                "property": "MessageMonitoringEnabled",
                "value": "true"
            },
            {
                "property": "ConfigureURC2",
                "value": "NotManaged"
            },
            {
                "property": "REST_Communication",
                "value": "true"
            },
            {
                "property": "EISProxyPortNumber",
                "value": "9000"
            },
            {
                "property": "VMFP_ABR_Present",
                "value": "true"
            },
            {
                "property": "URCSmxIPAddress",
                "value": "Not Applicable"
            },
            {
                "property": "PathSimFile",
                "value": ""
            },
            {
                "property": "IGMP_Mode",
                "value": "Manual"
            },
            {
                "property": "HTTPTimeout",
                "value": "500"
            },
            {
                "property": "IIOPAccountName",
                "value": "admin"
            },
            {
                "property": "URCSmxCommunityName",
                "value": "Not Applicable"
            },
            {
                "property": "SubType",
                "value": "4"
            },
            {
                "property": "SimulationMode",
                "value": "Off"
            },
            {
                "property": "CollectMetrics",
                "value": "NotManaged"
            },
            {
                "property": "IIOP_Communication",
                "value": "false"
            },
            {
                "property": "RestAPIProtocol",
                "value": "https"
            },
            {
                "property": "RestAPIHost",
                "value": "10.169.17.86"
            },
            {
                "property": "SetSystemName",
                "value": "Disabled"
            },
            {
                "property": "UIHost",
                "value": "10.169.17.86"
            },
            {
                "property": "EISProxyHost",
                "value": "10.169.17.86"
            },
            {
                "property": "IpStreamCreationMode",
                "value": "IP_UDP"
            },
            {
                "property": "PSIGProxyHost",
                "value": "10.169.17.86"
            },
            {
                "property": "PollRetryCount",
                "value": "2"
            },
            {
                "property": "CandidateForCleanup",
                "value": "false"
            },
            {
                "property": "HTTPRetryCount",
                "value": "1"
            },
            {
                "property": "UdpBoundary",
                "value": "0"
            },
            {
                "property": "PSIGProxyPortNumber",
                "value": "8502"
            }
        ]
    },
    {
        "name": "vDCM2",
        "type": "DCM",
        "restApiHost": "10.169.17.23",
        "id": "8a299691-93b6-fcb3-0194-72eb08f375dd",
        "uiURL": "http://10.169.17.23:80",
        "subType": "NOT_APPLICABLE",
        "properties": [
            {
                "property": "URCSmxUDPPort",
                "value": ""
            },
            {
                "property": "ScsProxyMonitoringEnabled",
                "value": "false"
            },
            {
                "property": "UIPort",
                "value": "80"
            },
            {
                "property": "HTTPSPort",
                "value": "8443"
            },
            {
                "property": "AutoReApplyConfiguration",
                "value": "false"
            },
            {
                "property": "UIProtocol",
                "value": "http"
            },
            {
                "property": "SetUdpBoundary",
                "value": "0"
            },
            {
                "property": "SetUrcSmxUdpPort",
                "value": "0"
            },
            {
                "property": "HostID",
                "value": ""
            },
            {
                "property": "MessageMonitoringEnabled",
                "value": "true"
            },
            {
                "property": "ConfigureURC2",
                "value": "NotManaged"
            },
            {
                "property": "REST_Communication",
                "value": "true"
            },
            {
                "property": "EISProxyPortNumber",
                "value": "9000"
            },
            {
                "property": "VMFP_ABR_Present",
                "value": "false"
            },
            {
                "property": "URCSmxIPAddress",
                "value": ""
            },
            {
                "property": "PathSimFile",
                "value": ""
            },
            {
                "property": "IGMP_Mode",
                "value": "Unknown"
            },
            {
                "property": "HTTPTimeout",
                "value": "500"
            },
            {
                "property": "IIOPAccountName",
                "value": "guest"
            },
            {
                "property": "URCSmxCommunityName",
                "value": ""
            },
            {
                "property": "SubType",
                "value": "-1"
            },
            {
                "property": "SimulationMode",
                "value": "Off"
            },
            {
                "property": "CollectMetrics",
                "value": "NotManaged"
            },
            {
                "property": "IIOP_Communication",
                "value": "false"
            },
            {
                "property": "RestAPIProtocol",
                "value": "https"
            },
            {
                "property": "RestAPIHost",
                "value": "10.169.17.23"
            },
            {
                "property": "SetSystemName",
                "value": "Disabled"
            },
            {
                "property": "UIHost",
                "value": "10.169.17.23"
            },
            {
                "property": "EISProxyHost",
                "value": "10.169.17.23"
            },
            {
                "property": "IpStreamCreationMode",
                "value": "IP_UDP"
            },
            {
                "property": "PSIGProxyHost",
                "value": "10.169.17.23"
            },
            {
                "property": "PollRetryCount",
                "value": "2"
            },
            {
                "property": "CandidateForCleanup",
                "value": "false"
            },
            {
                "property": "HTTPRetryCount",
                "value": "1"
            },
            {
                "property": "UdpBoundary",
                "value": ""
            },
            {
                "property": "PSIGProxyPortNumber",
                "value": "8502"
            }
        ]
    },
    {
        "name": "vDCM3",
        "type": "DCM",
        "iiopHost": "string",
        "restApiHost": "10.169.17.25",
        "id": "8a299691-951d-e4fb-0195-223dd0e8626a",
        "uiURL": "http://string:80",
        "subType": "NOT_APPLICABLE",
        "properties": [
            {
                "property": "URCSmxUDPPort",
                "value": ""
            },
            {
                "property": "ScsProxyMonitoringEnabled",
                "value": "false"
            },
            {
                "property": "UIPort",
                "value": "80"
            },
            {
                "property": "HTTPSPort",
                "value": "8443"
            },
            {
                "property": "AutoReApplyConfiguration",
                "value": "false"
            },
            {
                "property": "UIProtocol",
                "value": "http"
            },
            {
                "property": "SetUdpBoundary",
                "value": "0"
            },
            {
                "property": "SetUrcSmxUdpPort",
                "value": "0"
            },
            {
                "property": "HostID",
                "value": ""
            },
            {
                "property": "MaxVSEperPool",
                "value": "0"
            },
            {
                "property": "MessageMonitoringEnabled",
                "value": "true"
            },
            {
                "property": "ConfigureURC2",
                "value": "NotManaged"
            },
            {
                "property": "REST_Communication",
                "value": "true"
            },
            {
                "property": "EISProxyPortNumber",
                "value": "9000"
            },
            {
                "property": "VMFP_ABR_Present",
                "value": "false"
            },
            {
                "property": "URCSmxIPAddress",
                "value": ""
            },
            {
                "property": "PollPort",
                "value": "80"
            },
            {
                "property": "PathSimFile",
                "value": " "
            },
            {
                "property": "IIOPPort",
                "value": "5003"
            },
            {
                "property": "IGMP_Mode",
                "value": "Unknown"
            },
            {
                "property": "HTTPTimeout",
                "value": "500"
            },
            {
                "property": "MaxNumberOfPools",
                "value": "0"
            },
            {
                "property": "IIOPAccountName",
                "value": "guest"
            },
            {
                "property": "URCSmxCommunityName",
                "value": ""
            },
            {
                "property": "SubType",
                "value": "-1"
            },
            {
                "property": "SimulationMode",
                "value": "Off"
            },
            {
                "property": "CollectMetrics",
                "value": "NotManaged"
            },
            {
                "property": "MaxNumberOfVSEs",
                "value": "0"
            },
            {
                "property": "IIOP_Communication",
                "value": "true"
            },
            {
                "property": "RestAPIProtocol",
                "value": "https"
            },
            {
                "property": "RestAPIHost",
                "value": "10.169.17.25"
            },
            {
                "property": "SetSystemName",
                "value": "Disabled"
            },
            {
                "property": "UIHost",
                "value": "string"
            },
            {
                "property": "EISProxyHost",
                "value": "string"
            },
            {
                "property": "IpStreamCreationMode",
                "value": "IP_UDP"
            },
            {
                "property": "PollTimeOut",
                "value": "500"
            },
            {
                "property": "PSIGProxyHost",
                "value": "string"
            },
            {
                "property": "PollRetryCount",
                "value": "2"
            },
            {
                "property": "CandidateForCleanup",
                "value": "false"
            },
            {
                "property": "HTTPRetryCount",
                "value": "1"
            },
            {
                "property": "IIOPHost",
                "value": "string"
            },
            {
                "property": "UdpBoundary",
                "value": ""
            },
            {
                "property": "PSIGProxyPortNumber",
                "value": "8502"
            }
        ]
    }
]
2025-04-02 14:54:10,567 - INFO - 127.0.0.1 - - [02/Apr/2025 14:54:10] "GET /list-resources HTTP/1.1" 200 -
2025-04-02 14:54:10,575 - INFO - Starting the get_sources process.
2025-04-02 14:54:10,575 - INFO - Sending GET request to URL: https://10.169.22.17:8443/vsm/sources
2025-04-02 14:54:11,995 - INFO - Request successful. Response status: 200
2025-04-02 14:54:11,995 - INFO - Response JSON: 
[
    {
        "sourceType": "SRT",
        "id": "b939f67b-a0a5-4a8c-8068-c7ad32de0da6",
        "name": "Video HD",
        "sid": 1,
        "tsType": "SERVICE",
        "tsStandard": "DVB",
        "channelId": "",
        "components": [
            {
                "componentType": "video",
                "pid": 2136,
                "streamType": 27,
                "frameRate": "23.98",
                "scanType": "INTERLACED",
                "includeInServiceProtectionPidList": false
            },
            {
                "componentType": "audio",
                "pid": 3156,
                "streamType": 4,
                "language": "ben",
                "sampleRate": "48",
                "includeInServiceProtectionPidList": false
            },
            {
                "componentType": "data",
                "pid": 2945,
                "streamType": 6,
                "descriptorTag": 89,
                "language": "ara",
                "includeInServiceProtectionPidList": false
            }
        ],
        "bandwidthLimit": {
            "mode": "Disabled"
        },
        "mode": "Listener",
        "receiveMode": "On",
        "ipSourceParams": {
            "receptionPort": 5000
        },
        "latency": 200,
        "timeBaseSelection": {
            "mode": "AutoRefPCR"
        },
        "securityParams": {
            "keyLength": "Disabled"
        },
        "defaultItfOrdinal": 0
    },
    {
        "sourceType": "SRT",
        "id": "242fc2e4-5c25-4fe6-8835-dba4ed131b04",
        "name": "EuropeHD",
        "sid": 1,
        "tsType": "SERVICE",
        "tsStandard": "DVB",
        "channelId": "",
        "components": [
            {
                "componentType": "video",
                "pid": 2934,
                "streamType": 27,
                "frameRate": "24",
                "scanType": "INTERLACED",
                "includeInServiceProtectionPidList": false
            }
        ],
        "bandwidthLimit": {
            "mode": "Disabled"
        },
        "mode": "Listener",
        "receiveMode": "On",
        "ipSourceParams": {
            "receptionPort": 5000
        },
        "latency": 200,
        "timeBaseSelection": {
            "mode": "AutoRefPCR"
        },
        "securityParams": {
            "keyLength": "Disabled"
        },
        "defaultItfOrdinal": 0
    }
]
2025-04-02 14:54:11,995 - INFO - 127.0.0.1 - - [02/Apr/2025 14:54:11] "GET /list-sources HTTP/1.1" 200 -
2025-04-02 14:55:15,591 - INFO -  * Detected change in 'C:\\Users\\nkalyani\\PycharmProjects\\FlaskBackend\\scripts\\put_lineup_config.py', reloading
