2025-04-02 11:19:08,871 - INFO - Finished the delete lineup config process.
2025-04-02 11:19:08,872 - INFO - Finished the delete lineup folders process.
2025-04-02 11:19:08,873 - INFO - Finished the delete pool process.
2025-04-02 11:19:08,874 - INFO - Finished the delete lineup process.
2025-04-02 11:19:08,875 - INFO - Finished the get lineup configs process.
2025-04-02 11:19:08,876 - INFO - Finished the get_lineup_folders process.
2025-04-02 11:19:08,876 - INFO - Finished the get_lineups process.
2025-04-02 11:19:08,877 - INFO - Finished the get_logs process.
2025-04-02 11:19:08,878 - INFO - Finished the pools process.
2025-04-02 11:19:08,878 - INFO - Finished the get_resources process.
2025-04-02 11:19:08,879 - INFO - Finished the get_sources process.
2025-04-02 11:19:08,879 - INFO - Finished the post_lineup_config process.
2025-04-02 11:19:08,880 - INFO - Finished the post_lineup_folders process.
2025-04-02 11:19:08,880 - INFO - Finished the post_lineups process.
2025-04-02 11:19:08,881 - INFO - Finished the post_pools process.
2025-04-02 11:19:08,881 - INFO - Finished the put_lineups process.
2025-04-02 11:19:08,882 - INFO - Finished the put_lineup_config process.
2025-04-02 11:19:08,882 - INFO - Finished the put_lineup_folders process.
2025-04-02 11:19:08,883 - INFO - Finished the put_pools process.
2025-04-02 11:19:08,920 - INFO - [31m[1mWARNING: This is a development server. Do not use it in a production deployment. Use a production WSGI server instead.[0m
 * Running on http://127.0.0.1:5000
2025-04-02 11:19:08,920 - INFO - [33mPress CTRL+C to quit[0m
2025-04-02 11:19:08,922 - INFO -  * Restarting with stat
2025-04-02 11:36:25,630 - INFO -  * Restarting with stat
2025-04-02 11:47:00,021 - INFO -  * Restarting with stat
2025-04-02 11:57:36,518 - INFO -  * Restarting with stat
2025-04-02 12:00:32,059 - INFO -  * Restarting with stat
2025-04-02 12:04:44,145 - INFO -  * Restarting with stat
2025-04-02 12:27:41,734 - INFO -  * Restarting with stat
2025-04-02 12:28:51,357 - INFO -  * Restarting with stat
2025-04-02 12:30:37,200 - INFO -  * Restarting with stat
2025-04-02 12:32:07,946 - INFO -  * Restarting with stat
2025-04-02 12:32:55,284 - INFO -  * Restarting with stat
2025-04-02 13:00:26,806 - INFO -  * Restarting with stat
2025-04-02 14:17:16,032 - INFO -  * Restarting with stat
2025-04-02 14:17:35,291 - INFO -  * Restarting with stat
2025-04-02 14:37:33,923 - INFO -  * Restarting with stat
2025-04-02 14:40:03,611 - INFO -  * Restarting with stat
2025-04-02 14:44:04,897 - INFO -  * Restarting with stat
