2025-03-28 16:56:26,328 - INFO - Finished the delete lineup folders process.
2025-03-28 16:56:26,329 - INFO - Finished the delete pool process.
2025-03-28 16:56:26,330 - INFO - Finished the delete lineup process.
2025-03-28 16:56:26,331 - INFO - Finished the get lineup configs process.
2025-03-28 16:56:26,337 - INFO - Finished the get_lineup_folders process.
2025-03-28 16:56:26,338 - INFO - Finished the get_lineups process.
2025-03-28 16:56:26,339 - INFO - Finished the get_logs process.
2025-03-28 16:56:26,339 - INFO - Finished the pools process.
2025-03-28 16:56:26,340 - INFO - Finished the get_resources process.
2025-03-28 16:56:26,341 - INFO - Finished the get_sources process.
2025-03-28 16:56:26,342 - INFO - Finished the post_lineup_config process.
2025-03-28 16:56:26,343 - INFO - Finished the post_lineup_folders process.
2025-03-28 16:56:26,344 - INFO - Finished the post_lineups process.
2025-03-28 16:56:26,344 - INFO - Finished the post_pools process.
2025-03-28 16:56:26,345 - INFO - Finished the put_lineups process.
2025-03-28 16:56:26,346 - INFO - Finished the put_lineup_folders process.
2025-03-28 16:56:26,346 - INFO - Finished the put_pools process.
2025-03-28 16:56:26,368 - WARNING -  * Debugger is active!
2025-03-28 16:56:26,369 - INFO -  * Debugger PIN: 627-281-010
2025-03-28 18:33:58,311 - INFO -  * Detected change in 'C:\\Users\\nkalyani\\PycharmProjects\\FlaskBackend\\scripts\\put_lineup_config.py', reloading
