2025-04-01 15:11:32,189 - INFO - Finished the delete lineup folders process.
2025-04-01 15:11:32,190 - INFO - Finished the delete pool process.
2025-04-01 15:11:32,191 - INFO - Finished the delete lineup process.
2025-04-01 15:11:32,193 - INFO - Finished the get lineup configs process.
2025-04-01 15:11:32,199 - INFO - Finished the get_lineup_folders process.
2025-04-01 15:11:32,200 - INFO - Finished the get_lineups process.
2025-04-01 15:11:32,201 - INFO - Finished the get_logs process.
2025-04-01 15:11:32,201 - INFO - Finished the pools process.
2025-04-01 15:11:32,202 - INFO - Finished the get_resources process.
2025-04-01 15:11:32,203 - INFO - Finished the get_sources process.
2025-04-01 15:11:32,204 - INFO - Finished the post_lineup_config process.
2025-04-01 15:11:32,204 - INFO - Finished the post_lineup_folders process.
2025-04-01 15:11:32,205 - INFO - Finished the post_lineups process.
2025-04-01 15:11:32,205 - INFO - Finished the post_pools process.
2025-04-01 15:11:32,206 - INFO - Finished the put_lineups process.
2025-04-01 15:11:32,207 - INFO - Finished the put_lineup_config process.
2025-04-01 15:11:32,207 - INFO - Finished the put_lineup_folders process.
2025-04-01 15:11:32,208 - INFO - Finished the put_pools process.
2025-04-01 15:11:32,235 - WARNING -  * Debugger is active!
2025-04-01 15:11:32,236 - INFO -  * Debugger PIN: 627-281-010
2025-04-01 15:11:59,732 - INFO -  * Detected change in 'C:\\Users\\nkalyani\\PycharmProjects\\FlaskBackend\\scripts\\delete_lineup_config.py', reloading
