2025-04-08 14:44:12,609 - INFO - Finished the delete lineup config process.
2025-04-08 14:44:12,611 - INFO - Finished the delete lineup folders process.
2025-04-08 14:44:12,613 - INFO - Finished the delete pool process.
2025-04-08 14:44:12,614 - INFO - Finished the delete lineup process.
2025-04-08 14:44:12,618 - INFO - Finished the get lineup configs process.
2025-04-08 14:44:12,619 - INFO - Finished the get lineup configs process.
2025-04-08 14:44:12,620 - INFO - Finished the get_lineup_folders process.
2025-04-08 14:44:12,621 - INFO - Finished the get_lineups process.
2025-04-08 14:44:12,621 - INFO - Finished the get_logs process.
2025-04-08 14:44:12,622 - INFO - Finished the pools process.
2025-04-08 14:44:12,623 - INFO - Finished the get_resources process.
2025-04-08 14:44:12,624 - INFO - Finished the get_sources process.
2025-04-08 14:44:12,624 - INFO - Finished the post_lineup_config process.
2025-04-08 14:44:12,625 - INFO - Finished the post_lineup_folders process.
2025-04-08 14:44:12,626 - INFO - Finished the post_lineups process.
2025-04-08 14:44:12,626 - INFO - Finished the post_pools process.
2025-04-08 14:44:12,627 - INFO - Finished the put_lineups process.
2025-04-08 14:44:12,627 - INFO - Finished the put_lineup_config process.
2025-04-08 14:44:12,628 - INFO - Finished the put_lineup_folders process.
2025-04-08 14:44:12,629 - INFO - Finished the put_pools process.
2025-04-08 14:44:12,682 - INFO - [31m[1mWARNING: This is a development server. Do not use it in a production deployment. Use a production WSGI server instead.[0m
 * Running on http://127.0.0.1:5000
2025-04-08 14:44:12,682 - INFO - [33mPress CTRL+C to quit[0m
2025-04-08 14:44:12,684 - INFO -  * Restarting with stat
