2025-05-20 14:12:08,865 - INFO - Finished the delete lineup config process.
2025-05-20 14:12:08,867 - INFO - Finished the delete lineup folders process.
2025-05-20 14:12:08,868 - INFO - Finished the delete pool process.
2025-05-20 14:12:08,870 - INFO - Finished the delete lineup process.
2025-05-20 14:12:08,879 - INFO - Finished the get lineup configs process.
2025-05-20 14:12:08,883 - INFO - Finished the get lineup configs process.
2025-05-20 14:12:08,884 - INFO - Finished the get_lineup_folders process.
2025-05-20 14:12:08,886 - INFO - Finished the get_lineups process.
2025-05-20 14:12:08,888 - INFO - Finished the get_logs process.
2025-05-20 14:12:08,890 - INFO - Finished the pools process.
2025-05-20 14:12:08,891 - INFO - Finished the get_resources process.
2025-05-20 14:12:08,893 - INFO - Finished the get_sources process.
2025-05-20 14:12:08,895 - INFO - Finished the post_lineup_config process.
2025-05-20 14:12:08,897 - INFO - Finished the post_lineup_folders process.
2025-05-20 14:12:08,899 - INFO - Finished the post_lineups process.
2025-05-20 14:12:08,901 - INFO - Finished the post_pools process.
2025-05-20 14:12:08,902 - INFO - Finished the put_lineups process.
2025-05-20 14:12:08,904 - INFO - Finished the put_lineup_config process.
2025-05-20 14:12:08,906 - INFO - Finished the put_lineup_folders process.
2025-05-20 14:12:08,908 - INFO - Finished the put_pools process.
2025-05-20 14:12:08,971 - WARNING -  * Debugger is active!
2025-05-20 14:12:08,976 - INFO -  * Debugger PIN: 627-281-010
2025-05-20 14:37:13,364 - INFO -  * Detected change in 'C:\\Users\\nkalyani\\PycharmProjects\\FlaskBackend\\scripts\\get_resources.py', reloading
