2025-04-01 15:12:00,430 - INFO - Finished the delete lineup folders process.
2025-04-01 15:12:00,431 - INFO - Finished the delete pool process.
2025-04-01 15:12:00,432 - INFO - Finished the delete lineup process.
2025-04-01 15:12:00,434 - INFO - Finished the get lineup configs process.
2025-04-01 15:12:00,435 - INFO - Finished the get_lineup_folders process.
2025-04-01 15:12:00,435 - INFO - Finished the get_lineups process.
2025-04-01 15:12:00,436 - INFO - Finished the get_logs process.
2025-04-01 15:12:00,437 - INFO - Finished the pools process.
2025-04-01 15:12:00,437 - INFO - Finished the get_resources process.
2025-04-01 15:12:00,437 - INFO - Finished the get_sources process.
2025-04-01 15:12:00,438 - INFO - Finished the post_lineup_config process.
2025-04-01 15:12:00,439 - INFO - Finished the post_lineup_folders process.
2025-04-01 15:12:00,439 - INFO - Finished the post_lineups process.
2025-04-01 15:12:00,440 - INFO - Finished the post_pools process.
2025-04-01 15:12:00,441 - INFO - Finished the put_lineups process.
2025-04-01 15:12:00,441 - INFO - Finished the put_lineup_config process.
2025-04-01 15:12:00,442 - INFO - Finished the put_lineup_folders process.
2025-04-01 15:12:00,443 - INFO - Finished the put_pools process.
2025-04-01 15:12:00,469 - WARNING -  * Debugger is active!
2025-04-01 15:12:00,471 - INFO -  * Debugger PIN: 627-281-010
2025-04-01 15:13:10,186 - INFO -  * Detected change in 'C:\\Users\\nkalyani\\PycharmProjects\\FlaskBackend\\scripts\\delete_lineup_config.py', reloading
