2025-03-28 14:30:08,856 - INFO - Finished the delete lineup folders process.
2025-03-28 14:30:08,857 - INFO - Finished the delete pool process.
2025-03-28 14:30:08,859 - INFO - Finished the delete lineup process.
2025-03-28 14:30:08,862 - INFO - Finished the get lineup configs process.
2025-03-28 14:30:08,864 - INFO - Finished the get_lineup_folders process.
2025-03-28 14:30:08,866 - INFO - Finished the get_lineups process.
2025-03-28 14:30:08,867 - INFO - Finished the get_logs process.
2025-03-28 14:30:08,869 - INFO - Finished the pools process.
2025-03-28 14:30:08,870 - INFO - Finished the get_resources process.
2025-03-28 14:30:08,873 - INFO - Finished the post_lineup_config process.
2025-03-28 14:30:08,874 - INFO - Finished the post_lineup_folders process.
2025-03-28 14:30:08,876 - INFO - Finished the post_lineups process.
2025-03-28 14:30:08,877 - INFO - Finished the post_pools process.
2025-03-28 14:30:08,879 - INFO - Finished the put_lineups process.
2025-03-28 14:30:08,880 - INFO - Finished the put_lineup_folders process.
2025-03-28 14:30:08,882 - INFO - Finished the put_pools process.
2025-03-28 14:30:08,939 - WARNING -  * Debugger is active!
2025-03-28 14:30:08,944 - INFO -  * Debugger PIN: 627-281-010
2025-03-28 14:30:11,466 - INFO - Starting the get_pools process.
2025-03-28 14:30:11,497 - INFO - Sending GET request to URL: https://10.169.22.17:8443/vsm/pools
2025-03-28 14:30:13,016 - INFO - Request successful. Response status: 200
2025-03-28 14:30:13,016 - INFO - Response JSON: 
[
    {
        "id": "435550d4-6daa-42c7-b8c2-ebb7a772b015",
        "name": "vDCM-Ex Pool",
        "resourceType": "DCM",
        "swVersion": {
            "majorVersion": 23,
            "minorVersion": 3,
            "buildVersion": 1
        },
        "protectionSettings": {
            "protectionScheme": "NONE",
            "resResStreamingScheme": "NOT_APPLICABLE",
            "failOverOnDeviceNotResponding": false,
            "failOverOnDeviceOperationalFailure": false,
            "failOverOnIpRouterConnectedPortsDown": false,
            "failOverOnInputTSLossOnNextStage": false,
            "channelFailOverOnSDIStreamLoss": false,
            "channelFailOverOnVideoInputFreeze": false,
            "automaticallyRecoverHealthyDevices": false,
            "ipRouterFailureDetectionDelay": 5,
            "manualSwitchOverDelay": 15,
            "minimumAutoSwitchOverDelay": 4000,
            "ipRouterPortControl": "NONE"
        },
        "xcodeCapacityStrategy": "NON_EXCLUSIVE",
        "allocationHints": {
            "deviceAllocationOrder": "LOAD_BALANCED",
            "outputPort": "FIRST_BOARD_FIRST_PORT"
        }
    },
    {
        "id": "7ba28bab-9cdd-4d60-8fe1-1719b6e9750f",
        "name": "SampleDCMpool",
        "resourceType": "DCM",
        "protectionSettings": {
            "protectionScheme": "NONE",
            "resResStreamingScheme": "NOT_APPLICABLE",
            "failOverOnDeviceNotResponding": false,
            "failOverOnDeviceOperationalFailure": false,
            "failOverOnIpRouterConnectedPortsDown": false,
            "failOverOnInputTSLossOnNextStage": false,
            "channelFailOverOnSDIStreamLoss": false,
            "channelFailOverOnVideoInputFreeze": false,
            "automaticallyRecoverHealthyDevices": false,
            "ipRouterFailureDetectionDelay": 5,
            "manualSwitchOverDelay": 15,
            "minimumAutoSwitchOverDelay": 4000,
            "ipRouterPortControl": "NONE"
        },
        "xcodeCapacityStrategy": "NON_EXCLUSIVE",
        "allocationHints": {
            "deviceAllocationOrder": "LOAD_BALANCED",
            "outputPort": "FIRST_BOARD_FIRST_PORT"
        }
    }
]
2025-03-28 14:30:13,018 - INFO - 127.0.0.1 - - [28/Mar/2025 14:30:13] "GET /list-pools HTTP/1.1" 200 -
2025-03-28 14:30:14,567 - INFO - Starting the get_lineup_folders process.
2025-03-28 14:30:14,568 - INFO - Sending GET request to URL: https://10.169.22.17:8443/vsm/lineups/folders
2025-03-28 14:30:16,016 - INFO - Request successful. Response status: 200
2025-03-28 14:30:16,016 - INFO - Response JSON: 
[
    {
        "id": "584d838d-a397-4323-a70a-62d40ad782d9",
        "name": "Main2"
    },
    {
        "id": "7f8f1ef6-3503-4923-89c7-be65e81c6aaf",
        "name": "Bloomberg"
    },
    {
        "id": "22bb7545-55b6-4c7b-bac9-bc20e9673973",
        "name": "Main"
    },
    {
        "parentFolderId": "22bb7545-55b6-4c7b-bac9-bc20e9673973",
        "id": "feb489ab-bdd4-4e0a-a2f5-15d0e3b57e8f",
        "name": "Try_del"
    }
]
2025-03-28 14:30:16,018 - INFO - 127.0.0.1 - - [28/Mar/2025 14:30:16] "GET /list-lineup-folders HTTP/1.1" 200 -
2025-03-28 14:30:16,024 - INFO - Starting the get_lineups process.
2025-03-28 14:30:16,026 - INFO - Sending GET request to URL: https://10.169.22.17:8443/vsm/lineups
2025-03-28 14:30:17,480 - INFO - Request successful. Response status: 200
2025-03-28 14:30:17,480 - INFO - Response JSON: 
[
    {
        "lineup": "DCON",
        "lineupId": "352bd50c-7231-45c7-a81e-b06cd9177c81",
        "lineupType": "VDCM_ABR",
        "configurations": [
            {
                "configuration": "DCON",
                "configurationId": "5a4c2549-452c-42fd-a6c0-cd2453b157ec",
                "configState": "INACTIVE",
                "configValidity": "VALID"
            }
        ]
    },
    {
        "lineup": "Video_lineup",
        "lineupId": "13bcd157-11e4-439e-972b-8d56a0a28f89",
        "parentFolderId": "22bb7545-55b6-4c7b-bac9-bc20e9673973",
        "lineupType": "VDCM_ABR",
        "configurations": []
    },
    {
        "lineup": "Live_lineup",
        "lineupId": "df584fe1-9b75-4520-a671-7e90158c6830",
        "parentFolderId": "22bb7545-55b6-4c7b-bac9-bc20e9673973",
        "lineupType": "VDCM_ABR",
        "configurations": []
    },
    {
        "lineup": "Ingress Lineup",
        "lineupId": "6f64bc65-b61e-45e3-9638-3cec2f0ee3c6",
        "parentFolderId": "7f8f1ef6-3503-4923-89c7-be65e81c6aaf",
        "lineupType": "SINGLE_STAGE_REST",
        "configurations": [
            {
                "configuration": "Ingest Config2",
                "configurationId": "6ca6b8d1-04b4-4037-a2c2-f78ee81733b9",
                "configState": "INACTIVE",
                "configValidity": "VALID",
                "configDescription": "Created by Postman"
            }
        ]
    },
    {
        "lineup": "Egress Lineup",
        "lineupId": "2b7439ce-d39b-4231-b588-2d64e20c6b91",
        "parentFolderId": "7f8f1ef6-3503-4923-89c7-be65e81c6aaf",
        "lineupType": "SINGLE_STAGE_REST",
        "configurations": [
            {
                "configuration": "Egress Config2",
                "configurationId": "c715871d-4cfc-4b27-8aeb-3a7af0bd1c61",
                "configState": "INACTIVE",
                "configValidity": "VALID"
            }
        ]
    }
]
2025-03-28 14:30:17,482 - INFO - 127.0.0.1 - - [28/Mar/2025 14:30:17] "GET /list-lineups HTTP/1.1" 200 -
2025-03-28 14:30:17,487 - INFO - Starting the get_resources process.
2025-03-28 14:30:17,488 - INFO - Sending GET request to URL: https://10.169.22.17:8443/vsm/resources
2025-03-28 14:30:18,960 - INFO - Request successful. Response status: 200
2025-03-28 14:30:18,960 - INFO - Response JSON: 
[
    {
        "name": "vDCM_Ex",
        "type": "DCM",
        "swVersion": "23.3.1",
        "restApiHost": "10.169.17.86",
        "id": "8a299691-93b6-fcb3-0194-2aace4a76041",
        "uiURL": "http://10.169.17.86:80",
        "subType": "SOFTWARE",
        "properties": [
            {
                "property": "URCSmxUDPPort",
                "value": "Not Applicable"
            },
            {
                "property": "ScsProxyMonitoringEnabled",
                "value": "true"
            },
            {
                "property": "UIPort",
                "value": "80"
            },
            {
                "property": "HTTPSPort",
                "value": "8443"
            },
            {
                "property": "AutoReApplyConfiguration",
                "value": "false"
            },
            {
                "property": "UIProtocol",
                "value": "http"
            },
            {
                "property": "SetUdpBoundary",
                "value": "0"
            },
            {
                "property": "SetUrcSmxUdpPort",
                "value": "0"
            },
            {
                "property": "HostID",
                "value": "0000FLM2051RMN3"
            },
            {
                "property": "MessageMonitoringEnabled",
                "value": "true"
            },
            {
                "property": "ConfigureURC2",
                "value": "NotManaged"
            },
            {
                "property": "REST_Communication",
                "value": "true"
            },
            {
                "property": "EISProxyPortNumber",
                "value": "9000"
            },
            {
                "property": "VMFP_ABR_Present",
                "value": "true"
            },
            {
                "property": "URCSmxIPAddress",
                "value": "Not Applicable"
            },
            {
                "property": "PathSimFile",
                "value": ""
            },
            {
                "property": "IGMP_Mode",
                "value": "Manual"
            },
            {
                "property": "HTTPTimeout",
                "value": "500"
            },
            {
                "property": "IIOPAccountName",
                "value": "admin"
            },
            {
                "property": "URCSmxCommunityName",
                "value": "Not Applicable"
            },
            {
                "property": "SubType",
                "value": "4"
            },
            {
                "property": "SimulationMode",
                "value": "Off"
            },
            {
                "property": "CollectMetrics",
                "value": "NotManaged"
            },
            {
                "property": "IIOP_Communication",
                "value": "false"
            },
            {
                "property": "RestAPIProtocol",
                "value": "https"
            },
            {
                "property": "RestAPIHost",
                "value": "10.169.17.86"
            },
            {
                "property": "SetSystemName",
                "value": "Disabled"
            },
            {
                "property": "UIHost",
                "value": "10.169.17.86"
            },
            {
                "property": "EISProxyHost",
                "value": "10.169.17.86"
            },
            {
                "property": "IpStreamCreationMode",
                "value": "IP_UDP"
            },
            {
                "property": "PSIGProxyHost",
                "value": "10.169.17.86"
            },
            {
                "property": "PollRetryCount",
                "value": "2"
            },
            {
                "property": "CandidateForCleanup",
                "value": "false"
            },
            {
                "property": "HTTPRetryCount",
                "value": "1"
            },
            {
                "property": "UdpBoundary",
                "value": "0"
            },
            {
                "property": "PSIGProxyPortNumber",
                "value": "8502"
            }
        ]
    },
    {
        "name": "vDCM2",
        "type": "DCM",
        "restApiHost": "10.169.17.23",
        "id": "8a299691-93b6-fcb3-0194-72eb08f375dd",
        "uiURL": "http://10.169.17.23:80",
        "subType": "NOT_APPLICABLE",
        "properties": [
            {
                "property": "URCSmxUDPPort",
                "value": ""
            },
            {
                "property": "ScsProxyMonitoringEnabled",
                "value": "false"
            },
            {
                "property": "UIPort",
                "value": "80"
            },
            {
                "property": "HTTPSPort",
                "value": "8443"
            },
            {
                "property": "AutoReApplyConfiguration",
                "value": "false"
            },
            {
                "property": "UIProtocol",
                "value": "http"
            },
            {
                "property": "SetUdpBoundary",
                "value": "0"
            },
            {
                "property": "SetUrcSmxUdpPort",
                "value": "0"
            },
            {
                "property": "HostID",
                "value": ""
            },
            {
                "property": "MessageMonitoringEnabled",
                "value": "true"
            },
            {
                "property": "ConfigureURC2",
                "value": "NotManaged"
            },
            {
                "property": "REST_Communication",
                "value": "true"
            },
            {
                "property": "EISProxyPortNumber",
                "value": "9000"
            },
            {
                "property": "VMFP_ABR_Present",
                "value": "false"
            },
            {
                "property": "URCSmxIPAddress",
                "value": ""
            },
            {
                "property": "PathSimFile",
                "value": ""
            },
            {
                "property": "IGMP_Mode",
                "value": "Unknown"
            },
            {
                "property": "HTTPTimeout",
                "value": "500"
            },
            {
                "property": "IIOPAccountName",
                "value": "guest"
            },
            {
                "property": "URCSmxCommunityName",
                "value": ""
            },
            {
                "property": "SubType",
                "value": "-1"
            },
            {
                "property": "SimulationMode",
                "value": "Off"
            },
            {
                "property": "CollectMetrics",
                "value": "NotManaged"
            },
            {
                "property": "IIOP_Communication",
                "value": "false"
            },
            {
                "property": "RestAPIProtocol",
                "value": "https"
            },
            {
                "property": "RestAPIHost",
                "value": "10.169.17.23"
            },
            {
                "property": "SetSystemName",
                "value": "Disabled"
            },
            {
                "property": "UIHost",
                "value": "10.169.17.23"
            },
            {
                "property": "EISProxyHost",
                "value": "10.169.17.23"
            },
            {
                "property": "IpStreamCreationMode",
                "value": "IP_UDP"
            },
            {
                "property": "PSIGProxyHost",
                "value": "10.169.17.23"
            },
            {
                "property": "PollRetryCount",
                "value": "2"
            },
            {
                "property": "CandidateForCleanup",
                "value": "false"
            },
            {
                "property": "HTTPRetryCount",
                "value": "1"
            },
            {
                "property": "UdpBoundary",
                "value": ""
            },
            {
                "property": "PSIGProxyPortNumber",
                "value": "8502"
            }
        ]
    },
    {
        "name": "vDCM3",
        "type": "DCM",
        "iiopHost": "string",
        "restApiHost": "10.169.17.25",
        "id": "8a299691-951d-e4fb-0195-223dd0e8626a",
        "uiURL": "http://string:80",
        "subType": "NOT_APPLICABLE",
        "properties": [
            {
                "property": "URCSmxUDPPort",
                "value": ""
            },
            {
                "property": "ScsProxyMonitoringEnabled",
                "value": "false"
            },
            {
                "property": "UIPort",
                "value": "80"
            },
            {
                "property": "HTTPSPort",
                "value": "8443"
            },
            {
                "property": "AutoReApplyConfiguration",
                "value": "false"
            },
            {
                "property": "UIProtocol",
                "value": "http"
            },
            {
                "property": "SetUdpBoundary",
                "value": "0"
            },
            {
                "property": "SetUrcSmxUdpPort",
                "value": "0"
            },
            {
                "property": "HostID",
                "value": ""
            },
            {
                "property": "MaxVSEperPool",
                "value": "0"
            },
            {
                "property": "MessageMonitoringEnabled",
                "value": "true"
            },
            {
                "property": "ConfigureURC2",
                "value": "NotManaged"
            },
            {
                "property": "REST_Communication",
                "value": "true"
            },
            {
                "property": "EISProxyPortNumber",
                "value": "9000"
            },
            {
                "property": "VMFP_ABR_Present",
                "value": "false"
            },
            {
                "property": "URCSmxIPAddress",
                "value": ""
            },
            {
                "property": "PollPort",
                "value": "80"
            },
            {
                "property": "PathSimFile",
                "value": " "
            },
            {
                "property": "IIOPPort",
                "value": "5003"
            },
            {
                "property": "IGMP_Mode",
                "value": "Unknown"
            },
            {
                "property": "HTTPTimeout",
                "value": "500"
            },
            {
                "property": "MaxNumberOfPools",
                "value": "0"
            },
            {
                "property": "IIOPAccountName",
                "value": "guest"
            },
            {
                "property": "URCSmxCommunityName",
                "value": ""
            },
            {
                "property": "SubType",
                "value": "-1"
            },
            {
                "property": "SimulationMode",
                "value": "Off"
            },
            {
                "property": "CollectMetrics",
                "value": "NotManaged"
            },
            {
                "property": "MaxNumberOfVSEs",
                "value": "0"
            },
            {
                "property": "IIOP_Communication",
                "value": "true"
            },
            {
                "property": "RestAPIProtocol",
                "value": "https"
            },
            {
                "property": "RestAPIHost",
                "value": "10.169.17.25"
            },
            {
                "property": "SetSystemName",
                "value": "Disabled"
            },
            {
                "property": "UIHost",
                "value": "string"
            },
            {
                "property": "EISProxyHost",
                "value": "string"
            },
            {
                "property": "IpStreamCreationMode",
                "value": "IP_UDP"
            },
            {
                "property": "PollTimeOut",
                "value": "500"
            },
            {
                "property": "PSIGProxyHost",
                "value": "string"
            },
            {
                "property": "PollRetryCount",
                "value": "2"
            },
            {
                "property": "CandidateForCleanup",
                "value": "false"
            },
            {
                "property": "HTTPRetryCount",
                "value": "1"
            },
            {
                "property": "IIOPHost",
                "value": "string"
            },
            {
                "property": "UdpBoundary",
                "value": ""
            },
            {
                "property": "PSIGProxyPortNumber",
                "value": "8502"
            }
        ]
    }
]
2025-03-28 14:30:18,961 - INFO - 127.0.0.1 - - [28/Mar/2025 14:30:18] "GET /list-resources HTTP/1.1" 200 -
2025-03-28 14:30:48,082 - INFO - Starting the get_lineup_folders process.
2025-03-28 14:30:48,084 - INFO - Sending GET request to URL: https://10.169.22.17:8443/vsm/lineups/folders
2025-03-28 14:30:51,722 - INFO - Request successful. Response status: 200
2025-03-28 14:30:51,723 - INFO - Response JSON: 
[
    {
        "id": "584d838d-a397-4323-a70a-62d40ad782d9",
        "name": "Main2"
    },
    {
        "id": "7f8f1ef6-3503-4923-89c7-be65e81c6aaf",
        "name": "Bloomberg"
    },
    {
        "id": "22bb7545-55b6-4c7b-bac9-bc20e9673973",
        "name": "Main"
    },
    {
        "parentFolderId": "22bb7545-55b6-4c7b-bac9-bc20e9673973",
        "id": "feb489ab-bdd4-4e0a-a2f5-15d0e3b57e8f",
        "name": "Try_del"
    }
]
2025-03-28 14:30:51,724 - INFO - 127.0.0.1 - - [28/Mar/2025 14:30:51] "GET /list-lineup-folders HTTP/1.1" 200 -
2025-03-28 14:30:51,734 - INFO - Starting the get_lineups process.
2025-03-28 14:30:51,735 - INFO - Sending GET request to URL: https://10.169.22.17:8443/vsm/lineups
2025-03-28 14:30:53,197 - INFO - Request successful. Response status: 200
2025-03-28 14:30:53,197 - INFO - Response JSON: 
[
    {
        "lineup": "DCON",
        "lineupId": "352bd50c-7231-45c7-a81e-b06cd9177c81",
        "lineupType": "VDCM_ABR",
        "configurations": [
            {
                "configuration": "DCON",
                "configurationId": "5a4c2549-452c-42fd-a6c0-cd2453b157ec",
                "configState": "INACTIVE",
                "configValidity": "VALID"
            }
        ]
    },
    {
        "lineup": "Video_lineup",
        "lineupId": "13bcd157-11e4-439e-972b-8d56a0a28f89",
        "parentFolderId": "22bb7545-55b6-4c7b-bac9-bc20e9673973",
        "lineupType": "VDCM_ABR",
        "configurations": []
    },
    {
        "lineup": "Live_lineup",
        "lineupId": "df584fe1-9b75-4520-a671-7e90158c6830",
        "parentFolderId": "22bb7545-55b6-4c7b-bac9-bc20e9673973",
        "lineupType": "VDCM_ABR",
        "configurations": []
    },
    {
        "lineup": "Ingress Lineup",
        "lineupId": "6f64bc65-b61e-45e3-9638-3cec2f0ee3c6",
        "parentFolderId": "7f8f1ef6-3503-4923-89c7-be65e81c6aaf",
        "lineupType": "SINGLE_STAGE_REST",
        "configurations": [
            {
                "configuration": "Ingest Config2",
                "configurationId": "6ca6b8d1-04b4-4037-a2c2-f78ee81733b9",
                "configState": "INACTIVE",
                "configValidity": "VALID",
                "configDescription": "Created by Postman"
            }
        ]
    },
    {
        "lineup": "Egress Lineup",
        "lineupId": "2b7439ce-d39b-4231-b588-2d64e20c6b91",
        "parentFolderId": "7f8f1ef6-3503-4923-89c7-be65e81c6aaf",
        "lineupType": "SINGLE_STAGE_REST",
        "configurations": [
            {
                "configuration": "Egress Config2",
                "configurationId": "c715871d-4cfc-4b27-8aeb-3a7af0bd1c61",
                "configState": "INACTIVE",
                "configValidity": "VALID"
            }
        ]
    }
]
2025-03-28 14:30:53,198 - INFO - 127.0.0.1 - - [28/Mar/2025 14:30:53] "GET /list-lineups HTTP/1.1" 200 -
2025-03-28 14:30:53,204 - INFO - Starting the get_resources process.
2025-03-28 14:30:53,204 - INFO - Sending GET request to URL: https://10.169.22.17:8443/vsm/resources
2025-03-28 14:30:54,626 - INFO - Request successful. Response status: 200
2025-03-28 14:30:54,626 - INFO - Response JSON: 
[
    {
        "name": "vDCM_Ex",
        "type": "DCM",
        "swVersion": "23.3.1",
        "restApiHost": "10.169.17.86",
        "id": "8a299691-93b6-fcb3-0194-2aace4a76041",
        "uiURL": "http://10.169.17.86:80",
        "subType": "SOFTWARE",
        "properties": [
            {
                "property": "URCSmxUDPPort",
                "value": "Not Applicable"
            },
            {
                "property": "ScsProxyMonitoringEnabled",
                "value": "true"
            },
            {
                "property": "UIPort",
                "value": "80"
            },
            {
                "property": "HTTPSPort",
                "value": "8443"
            },
            {
                "property": "AutoReApplyConfiguration",
                "value": "false"
            },
            {
                "property": "UIProtocol",
                "value": "http"
            },
            {
                "property": "SetUdpBoundary",
                "value": "0"
            },
            {
                "property": "SetUrcSmxUdpPort",
                "value": "0"
            },
            {
                "property": "HostID",
                "value": "0000FLM2051RMN3"
            },
            {
                "property": "MessageMonitoringEnabled",
                "value": "true"
            },
            {
                "property": "ConfigureURC2",
                "value": "NotManaged"
            },
            {
                "property": "REST_Communication",
                "value": "true"
            },
            {
                "property": "EISProxyPortNumber",
                "value": "9000"
            },
            {
                "property": "VMFP_ABR_Present",
                "value": "true"
            },
            {
                "property": "URCSmxIPAddress",
                "value": "Not Applicable"
            },
            {
                "property": "PathSimFile",
                "value": ""
            },
            {
                "property": "IGMP_Mode",
                "value": "Manual"
            },
            {
                "property": "HTTPTimeout",
                "value": "500"
            },
            {
                "property": "IIOPAccountName",
                "value": "admin"
            },
            {
                "property": "URCSmxCommunityName",
                "value": "Not Applicable"
            },
            {
                "property": "SubType",
                "value": "4"
            },
            {
                "property": "SimulationMode",
                "value": "Off"
            },
            {
                "property": "CollectMetrics",
                "value": "NotManaged"
            },
            {
                "property": "IIOP_Communication",
                "value": "false"
            },
            {
                "property": "RestAPIProtocol",
                "value": "https"
            },
            {
                "property": "RestAPIHost",
                "value": "10.169.17.86"
            },
            {
                "property": "SetSystemName",
                "value": "Disabled"
            },
            {
                "property": "UIHost",
                "value": "10.169.17.86"
            },
            {
                "property": "EISProxyHost",
                "value": "10.169.17.86"
            },
            {
                "property": "IpStreamCreationMode",
                "value": "IP_UDP"
            },
            {
                "property": "PSIGProxyHost",
                "value": "10.169.17.86"
            },
            {
                "property": "PollRetryCount",
                "value": "2"
            },
            {
                "property": "CandidateForCleanup",
                "value": "false"
            },
            {
                "property": "HTTPRetryCount",
                "value": "1"
            },
            {
                "property": "UdpBoundary",
                "value": "0"
            },
            {
                "property": "PSIGProxyPortNumber",
                "value": "8502"
            }
        ]
    },
    {
        "name": "vDCM2",
        "type": "DCM",
        "restApiHost": "10.169.17.23",
        "id": "8a299691-93b6-fcb3-0194-72eb08f375dd",
        "uiURL": "http://10.169.17.23:80",
        "subType": "NOT_APPLICABLE",
        "properties": [
            {
                "property": "URCSmxUDPPort",
                "value": ""
            },
            {
                "property": "ScsProxyMonitoringEnabled",
                "value": "false"
            },
            {
                "property": "UIPort",
                "value": "80"
            },
            {
                "property": "HTTPSPort",
                "value": "8443"
            },
            {
                "property": "AutoReApplyConfiguration",
                "value": "false"
            },
            {
                "property": "UIProtocol",
                "value": "http"
            },
            {
                "property": "SetUdpBoundary",
                "value": "0"
            },
            {
                "property": "SetUrcSmxUdpPort",
                "value": "0"
            },
            {
                "property": "HostID",
                "value": ""
            },
            {
                "property": "MessageMonitoringEnabled",
                "value": "true"
            },
            {
                "property": "ConfigureURC2",
                "value": "NotManaged"
            },
            {
                "property": "REST_Communication",
                "value": "true"
            },
            {
                "property": "EISProxyPortNumber",
                "value": "9000"
            },
            {
                "property": "VMFP_ABR_Present",
                "value": "false"
            },
            {
                "property": "URCSmxIPAddress",
                "value": ""
            },
            {
                "property": "PathSimFile",
                "value": ""
            },
            {
                "property": "IGMP_Mode",
                "value": "Unknown"
            },
            {
                "property": "HTTPTimeout",
                "value": "500"
            },
            {
                "property": "IIOPAccountName",
                "value": "guest"
            },
            {
                "property": "URCSmxCommunityName",
                "value": ""
            },
            {
                "property": "SubType",
                "value": "-1"
            },
            {
                "property": "SimulationMode",
                "value": "Off"
            },
            {
                "property": "CollectMetrics",
                "value": "NotManaged"
            },
            {
                "property": "IIOP_Communication",
                "value": "false"
            },
            {
                "property": "RestAPIProtocol",
                "value": "https"
            },
            {
                "property": "RestAPIHost",
                "value": "10.169.17.23"
            },
            {
                "property": "SetSystemName",
                "value": "Disabled"
            },
            {
                "property": "UIHost",
                "value": "10.169.17.23"
            },
            {
                "property": "EISProxyHost",
                "value": "10.169.17.23"
            },
            {
                "property": "IpStreamCreationMode",
                "value": "IP_UDP"
            },
            {
                "property": "PSIGProxyHost",
                "value": "10.169.17.23"
            },
            {
                "property": "PollRetryCount",
                "value": "2"
            },
            {
                "property": "CandidateForCleanup",
                "value": "false"
            },
            {
                "property": "HTTPRetryCount",
                "value": "1"
            },
            {
                "property": "UdpBoundary",
                "value": ""
            },
            {
                "property": "PSIGProxyPortNumber",
                "value": "8502"
            }
        ]
    },
    {
        "name": "vDCM3",
        "type": "DCM",
        "iiopHost": "string",
        "restApiHost": "10.169.17.25",
        "id": "8a299691-951d-e4fb-0195-223dd0e8626a",
        "uiURL": "http://string:80",
        "subType": "NOT_APPLICABLE",
        "properties": [
            {
                "property": "URCSmxUDPPort",
                "value": ""
            },
            {
                "property": "ScsProxyMonitoringEnabled",
                "value": "false"
            },
            {
                "property": "UIPort",
                "value": "80"
            },
            {
                "property": "HTTPSPort",
                "value": "8443"
            },
            {
                "property": "AutoReApplyConfiguration",
                "value": "false"
            },
            {
                "property": "UIProtocol",
                "value": "http"
            },
            {
                "property": "SetUdpBoundary",
                "value": "0"
            },
            {
                "property": "SetUrcSmxUdpPort",
                "value": "0"
            },
            {
                "property": "HostID",
                "value": ""
            },
            {
                "property": "MaxVSEperPool",
                "value": "0"
            },
            {
                "property": "MessageMonitoringEnabled",
                "value": "true"
            },
            {
                "property": "ConfigureURC2",
                "value": "NotManaged"
            },
            {
                "property": "REST_Communication",
                "value": "true"
            },
            {
                "property": "EISProxyPortNumber",
                "value": "9000"
            },
            {
                "property": "VMFP_ABR_Present",
                "value": "false"
            },
            {
                "property": "URCSmxIPAddress",
                "value": ""
            },
            {
                "property": "PollPort",
                "value": "80"
            },
            {
                "property": "PathSimFile",
                "value": " "
            },
            {
                "property": "IIOPPort",
                "value": "5003"
            },
            {
                "property": "IGMP_Mode",
                "value": "Unknown"
            },
            {
                "property": "HTTPTimeout",
                "value": "500"
            },
            {
                "property": "MaxNumberOfPools",
                "value": "0"
            },
            {
                "property": "IIOPAccountName",
                "value": "guest"
            },
            {
                "property": "URCSmxCommunityName",
                "value": ""
            },
            {
                "property": "SubType",
                "value": "-1"
            },
            {
                "property": "SimulationMode",
                "value": "Off"
            },
            {
                "property": "CollectMetrics",
                "value": "NotManaged"
            },
            {
                "property": "MaxNumberOfVSEs",
                "value": "0"
            },
            {
                "property": "IIOP_Communication",
                "value": "true"
            },
            {
                "property": "RestAPIProtocol",
                "value": "https"
            },
            {
                "property": "RestAPIHost",
                "value": "10.169.17.25"
            },
            {
                "property": "SetSystemName",
                "value": "Disabled"
            },
            {
                "property": "UIHost",
                "value": "string"
            },
            {
                "property": "EISProxyHost",
                "value": "string"
            },
            {
                "property": "IpStreamCreationMode",
                "value": "IP_UDP"
            },
            {
                "property": "PollTimeOut",
                "value": "500"
            },
            {
                "property": "PSIGProxyHost",
                "value": "string"
            },
            {
                "property": "PollRetryCount",
                "value": "2"
            },
            {
                "property": "CandidateForCleanup",
                "value": "false"
            },
            {
                "property": "HTTPRetryCount",
                "value": "1"
            },
            {
                "property": "IIOPHost",
                "value": "string"
            },
            {
                "property": "UdpBoundary",
                "value": ""
            },
            {
                "property": "PSIGProxyPortNumber",
                "value": "8502"
            }
        ]
    }
]
2025-03-28 14:30:54,628 - INFO - 127.0.0.1 - - [28/Mar/2025 14:30:54] "GET /list-resources HTTP/1.1" 200 -
2025-03-28 14:33:01,244 - INFO - Starting the get_lineup_folders process.
2025-03-28 14:33:01,246 - INFO - Sending GET request to URL: https://10.169.22.17:8443/vsm/lineups/folders
2025-03-28 14:33:02,715 - INFO - Request successful. Response status: 200
2025-03-28 14:33:02,715 - INFO - Response JSON: 
[
    {
        "id": "584d838d-a397-4323-a70a-62d40ad782d9",
        "name": "Main2"
    },
    {
        "id": "7f8f1ef6-3503-4923-89c7-be65e81c6aaf",
        "name": "Bloomberg"
    },
    {
        "id": "22bb7545-55b6-4c7b-bac9-bc20e9673973",
        "name": "Main"
    },
    {
        "parentFolderId": "22bb7545-55b6-4c7b-bac9-bc20e9673973",
        "id": "feb489ab-bdd4-4e0a-a2f5-15d0e3b57e8f",
        "name": "Try_del"
    }
]
2025-03-28 14:33:02,717 - INFO - 127.0.0.1 - - [28/Mar/2025 14:33:02] "GET /list-lineup-folders HTTP/1.1" 200 -
2025-03-28 14:33:02,724 - INFO - Starting the get_lineups process.
2025-03-28 14:33:02,725 - INFO - Sending GET request to URL: https://10.169.22.17:8443/vsm/lineups
2025-03-28 14:33:04,196 - INFO - Request successful. Response status: 200
2025-03-28 14:33:04,197 - INFO - Response JSON: 
[
    {
        "lineup": "DCON",
        "lineupId": "352bd50c-7231-45c7-a81e-b06cd9177c81",
        "lineupType": "VDCM_ABR",
        "configurations": [
            {
                "configuration": "DCON",
                "configurationId": "5a4c2549-452c-42fd-a6c0-cd2453b157ec",
                "configState": "INACTIVE",
                "configValidity": "VALID"
            }
        ]
    },
    {
        "lineup": "Video_lineup",
        "lineupId": "13bcd157-11e4-439e-972b-8d56a0a28f89",
        "parentFolderId": "22bb7545-55b6-4c7b-bac9-bc20e9673973",
        "lineupType": "VDCM_ABR",
        "configurations": []
    },
    {
        "lineup": "Live_lineup",
        "lineupId": "df584fe1-9b75-4520-a671-7e90158c6830",
        "parentFolderId": "22bb7545-55b6-4c7b-bac9-bc20e9673973",
        "lineupType": "VDCM_ABR",
        "configurations": []
    },
    {
        "lineup": "Ingress Lineup",
        "lineupId": "6f64bc65-b61e-45e3-9638-3cec2f0ee3c6",
        "parentFolderId": "7f8f1ef6-3503-4923-89c7-be65e81c6aaf",
        "lineupType": "SINGLE_STAGE_REST",
        "configurations": [
            {
                "configuration": "Ingest Config2",
                "configurationId": "6ca6b8d1-04b4-4037-a2c2-f78ee81733b9",
                "configState": "INACTIVE",
                "configValidity": "VALID",
                "configDescription": "Created by Postman"
            }
        ]
    },
    {
        "lineup": "Egress Lineup",
        "lineupId": "2b7439ce-d39b-4231-b588-2d64e20c6b91",
        "parentFolderId": "7f8f1ef6-3503-4923-89c7-be65e81c6aaf",
        "lineupType": "SINGLE_STAGE_REST",
        "configurations": [
            {
                "configuration": "Egress Config2",
                "configurationId": "c715871d-4cfc-4b27-8aeb-3a7af0bd1c61",
                "configState": "INACTIVE",
                "configValidity": "VALID"
            }
        ]
    }
]
2025-03-28 14:33:04,197 - INFO - 127.0.0.1 - - [28/Mar/2025 14:33:04] "GET /list-lineups HTTP/1.1" 200 -
2025-03-28 14:33:04,201 - INFO - Starting the get_resources process.
2025-03-28 14:33:04,202 - INFO - Sending GET request to URL: https://10.169.22.17:8443/vsm/resources
2025-03-28 14:33:05,682 - INFO - Request successful. Response status: 200
2025-03-28 14:33:05,683 - INFO - Response JSON: 
[
    {
        "name": "vDCM_Ex",
        "type": "DCM",
        "swVersion": "23.3.1",
        "restApiHost": "10.169.17.86",
        "id": "8a299691-93b6-fcb3-0194-2aace4a76041",
        "uiURL": "http://10.169.17.86:80",
        "subType": "SOFTWARE",
        "properties": [
            {
                "property": "URCSmxUDPPort",
                "value": "Not Applicable"
            },
            {
                "property": "ScsProxyMonitoringEnabled",
                "value": "true"
            },
            {
                "property": "UIPort",
                "value": "80"
            },
            {
                "property": "HTTPSPort",
                "value": "8443"
            },
            {
                "property": "AutoReApplyConfiguration",
                "value": "false"
            },
            {
                "property": "UIProtocol",
                "value": "http"
            },
            {
                "property": "SetUdpBoundary",
                "value": "0"
            },
            {
                "property": "SetUrcSmxUdpPort",
                "value": "0"
            },
            {
                "property": "HostID",
                "value": "0000FLM2051RMN3"
            },
            {
                "property": "MessageMonitoringEnabled",
                "value": "true"
            },
            {
                "property": "ConfigureURC2",
                "value": "NotManaged"
            },
            {
                "property": "REST_Communication",
                "value": "true"
            },
            {
                "property": "EISProxyPortNumber",
                "value": "9000"
            },
            {
                "property": "VMFP_ABR_Present",
                "value": "true"
            },
            {
                "property": "URCSmxIPAddress",
                "value": "Not Applicable"
            },
            {
                "property": "PathSimFile",
                "value": ""
            },
            {
                "property": "IGMP_Mode",
                "value": "Manual"
            },
            {
                "property": "HTTPTimeout",
                "value": "500"
            },
            {
                "property": "IIOPAccountName",
                "value": "admin"
            },
            {
                "property": "URCSmxCommunityName",
                "value": "Not Applicable"
            },
            {
                "property": "SubType",
                "value": "4"
            },
            {
                "property": "SimulationMode",
                "value": "Off"
            },
            {
                "property": "CollectMetrics",
                "value": "NotManaged"
            },
            {
                "property": "IIOP_Communication",
                "value": "false"
            },
            {
                "property": "RestAPIProtocol",
                "value": "https"
            },
            {
                "property": "RestAPIHost",
                "value": "10.169.17.86"
            },
            {
                "property": "SetSystemName",
                "value": "Disabled"
            },
            {
                "property": "UIHost",
                "value": "10.169.17.86"
            },
            {
                "property": "EISProxyHost",
                "value": "10.169.17.86"
            },
            {
                "property": "IpStreamCreationMode",
                "value": "IP_UDP"
            },
            {
                "property": "PSIGProxyHost",
                "value": "10.169.17.86"
            },
            {
                "property": "PollRetryCount",
                "value": "2"
            },
            {
                "property": "CandidateForCleanup",
                "value": "false"
            },
            {
                "property": "HTTPRetryCount",
                "value": "1"
            },
            {
                "property": "UdpBoundary",
                "value": "0"
            },
            {
                "property": "PSIGProxyPortNumber",
                "value": "8502"
            }
        ]
    },
    {
        "name": "vDCM2",
        "type": "DCM",
        "restApiHost": "10.169.17.23",
        "id": "8a299691-93b6-fcb3-0194-72eb08f375dd",
        "uiURL": "http://10.169.17.23:80",
        "subType": "NOT_APPLICABLE",
        "properties": [
            {
                "property": "URCSmxUDPPort",
                "value": ""
            },
            {
                "property": "ScsProxyMonitoringEnabled",
                "value": "false"
            },
            {
                "property": "UIPort",
                "value": "80"
            },
            {
                "property": "HTTPSPort",
                "value": "8443"
            },
            {
                "property": "AutoReApplyConfiguration",
                "value": "false"
            },
            {
                "property": "UIProtocol",
                "value": "http"
            },
            {
                "property": "SetUdpBoundary",
                "value": "0"
            },
            {
                "property": "SetUrcSmxUdpPort",
                "value": "0"
            },
            {
                "property": "HostID",
                "value": ""
            },
            {
                "property": "MessageMonitoringEnabled",
                "value": "true"
            },
            {
                "property": "ConfigureURC2",
                "value": "NotManaged"
            },
            {
                "property": "REST_Communication",
                "value": "true"
            },
            {
                "property": "EISProxyPortNumber",
                "value": "9000"
            },
            {
                "property": "VMFP_ABR_Present",
                "value": "false"
            },
            {
                "property": "URCSmxIPAddress",
                "value": ""
            },
            {
                "property": "PathSimFile",
                "value": ""
            },
            {
                "property": "IGMP_Mode",
                "value": "Unknown"
            },
            {
                "property": "HTTPTimeout",
                "value": "500"
            },
            {
                "property": "IIOPAccountName",
                "value": "guest"
            },
            {
                "property": "URCSmxCommunityName",
                "value": ""
            },
            {
                "property": "SubType",
                "value": "-1"
            },
            {
                "property": "SimulationMode",
                "value": "Off"
            },
            {
                "property": "CollectMetrics",
                "value": "NotManaged"
            },
            {
                "property": "IIOP_Communication",
                "value": "false"
            },
            {
                "property": "RestAPIProtocol",
                "value": "https"
            },
            {
                "property": "RestAPIHost",
                "value": "10.169.17.23"
            },
            {
                "property": "SetSystemName",
                "value": "Disabled"
            },
            {
                "property": "UIHost",
                "value": "10.169.17.23"
            },
            {
                "property": "EISProxyHost",
                "value": "10.169.17.23"
            },
            {
                "property": "IpStreamCreationMode",
                "value": "IP_UDP"
            },
            {
                "property": "PSIGProxyHost",
                "value": "10.169.17.23"
            },
            {
                "property": "PollRetryCount",
                "value": "2"
            },
            {
                "property": "CandidateForCleanup",
                "value": "false"
            },
            {
                "property": "HTTPRetryCount",
                "value": "1"
            },
            {
                "property": "UdpBoundary",
                "value": ""
            },
            {
                "property": "PSIGProxyPortNumber",
                "value": "8502"
            }
        ]
    },
    {
        "name": "vDCM3",
        "type": "DCM",
        "iiopHost": "string",
        "restApiHost": "10.169.17.25",
        "id": "8a299691-951d-e4fb-0195-223dd0e8626a",
        "uiURL": "http://string:80",
        "subType": "NOT_APPLICABLE",
        "properties": [
            {
                "property": "URCSmxUDPPort",
                "value": ""
            },
            {
                "property": "ScsProxyMonitoringEnabled",
                "value": "false"
            },
            {
                "property": "UIPort",
                "value": "80"
            },
            {
                "property": "HTTPSPort",
                "value": "8443"
            },
            {
                "property": "AutoReApplyConfiguration",
                "value": "false"
            },
            {
                "property": "UIProtocol",
                "value": "http"
            },
            {
                "property": "SetUdpBoundary",
                "value": "0"
            },
            {
                "property": "SetUrcSmxUdpPort",
                "value": "0"
            },
            {
                "property": "HostID",
                "value": ""
            },
            {
                "property": "MaxVSEperPool",
                "value": "0"
            },
            {
                "property": "MessageMonitoringEnabled",
                "value": "true"
            },
            {
                "property": "ConfigureURC2",
                "value": "NotManaged"
            },
            {
                "property": "REST_Communication",
                "value": "true"
            },
            {
                "property": "EISProxyPortNumber",
                "value": "9000"
            },
            {
                "property": "VMFP_ABR_Present",
                "value": "false"
            },
            {
                "property": "URCSmxIPAddress",
                "value": ""
            },
            {
                "property": "PollPort",
                "value": "80"
            },
            {
                "property": "PathSimFile",
                "value": " "
            },
            {
                "property": "IIOPPort",
                "value": "5003"
            },
            {
                "property": "IGMP_Mode",
                "value": "Unknown"
            },
            {
                "property": "HTTPTimeout",
                "value": "500"
            },
            {
                "property": "MaxNumberOfPools",
                "value": "0"
            },
            {
                "property": "IIOPAccountName",
                "value": "guest"
            },
            {
                "property": "URCSmxCommunityName",
                "value": ""
            },
            {
                "property": "SubType",
                "value": "-1"
            },
            {
                "property": "SimulationMode",
                "value": "Off"
            },
            {
                "property": "CollectMetrics",
                "value": "NotManaged"
            },
            {
                "property": "MaxNumberOfVSEs",
                "value": "0"
            },
            {
                "property": "IIOP_Communication",
                "value": "true"
            },
            {
                "property": "RestAPIProtocol",
                "value": "https"
            },
            {
                "property": "RestAPIHost",
                "value": "10.169.17.25"
            },
            {
                "property": "SetSystemName",
                "value": "Disabled"
            },
            {
                "property": "UIHost",
                "value": "string"
            },
            {
                "property": "EISProxyHost",
                "value": "string"
            },
            {
                "property": "IpStreamCreationMode",
                "value": "IP_UDP"
            },
            {
                "property": "PollTimeOut",
                "value": "500"
            },
            {
                "property": "PSIGProxyHost",
                "value": "string"
            },
            {
                "property": "PollRetryCount",
                "value": "2"
            },
            {
                "property": "CandidateForCleanup",
                "value": "false"
            },
            {
                "property": "HTTPRetryCount",
                "value": "1"
            },
            {
                "property": "IIOPHost",
                "value": "string"
            },
            {
                "property": "UdpBoundary",
                "value": ""
            },
            {
                "property": "PSIGProxyPortNumber",
                "value": "8502"
            }
        ]
    }
]
2025-03-28 14:33:05,683 - INFO - 127.0.0.1 - - [28/Mar/2025 14:33:05] "GET /list-resources HTTP/1.1" 200 -
2025-03-28 14:33:23,999 - INFO - Starting the get_lineup_folders process.
2025-03-28 14:33:24,000 - INFO - Sending GET request to URL: https://10.169.22.17:8443/vsm/lineups/folders
2025-03-28 14:33:25,396 - INFO - Request successful. Response status: 200
2025-03-28 14:33:25,396 - INFO - Response JSON: 
[
    {
        "id": "584d838d-a397-4323-a70a-62d40ad782d9",
        "name": "Main2"
    },
    {
        "id": "7f8f1ef6-3503-4923-89c7-be65e81c6aaf",
        "name": "Bloomberg"
    },
    {
        "id": "22bb7545-55b6-4c7b-bac9-bc20e9673973",
        "name": "Main"
    },
    {
        "parentFolderId": "22bb7545-55b6-4c7b-bac9-bc20e9673973",
        "id": "feb489ab-bdd4-4e0a-a2f5-15d0e3b57e8f",
        "name": "Try_del"
    }
]
2025-03-28 14:33:25,397 - INFO - 127.0.0.1 - - [28/Mar/2025 14:33:25] "GET /list-lineup-folders HTTP/1.1" 200 -
2025-03-28 14:33:25,404 - INFO - Starting the get_lineups process.
2025-03-28 14:33:25,405 - INFO - Sending GET request to URL: https://10.169.22.17:8443/vsm/lineups
2025-03-28 14:33:26,860 - INFO - Request successful. Response status: 200
2025-03-28 14:33:26,860 - INFO - Response JSON: 
[
    {
        "lineup": "DCON",
        "lineupId": "352bd50c-7231-45c7-a81e-b06cd9177c81",
        "lineupType": "VDCM_ABR",
        "configurations": [
            {
                "configuration": "DCON",
                "configurationId": "5a4c2549-452c-42fd-a6c0-cd2453b157ec",
                "configState": "INACTIVE",
                "configValidity": "VALID"
            }
        ]
    },
    {
        "lineup": "Video_lineup",
        "lineupId": "13bcd157-11e4-439e-972b-8d56a0a28f89",
        "parentFolderId": "22bb7545-55b6-4c7b-bac9-bc20e9673973",
        "lineupType": "VDCM_ABR",
        "configurations": []
    },
    {
        "lineup": "Live_lineup",
        "lineupId": "df584fe1-9b75-4520-a671-7e90158c6830",
        "parentFolderId": "22bb7545-55b6-4c7b-bac9-bc20e9673973",
        "lineupType": "VDCM_ABR",
        "configurations": []
    },
    {
        "lineup": "Ingress Lineup",
        "lineupId": "6f64bc65-b61e-45e3-9638-3cec2f0ee3c6",
        "parentFolderId": "7f8f1ef6-3503-4923-89c7-be65e81c6aaf",
        "lineupType": "SINGLE_STAGE_REST",
        "configurations": [
            {
                "configuration": "Ingest Config2",
                "configurationId": "6ca6b8d1-04b4-4037-a2c2-f78ee81733b9",
                "configState": "INACTIVE",
                "configValidity": "VALID",
                "configDescription": "Created by Postman"
            }
        ]
    },
    {
        "lineup": "Egress Lineup",
        "lineupId": "2b7439ce-d39b-4231-b588-2d64e20c6b91",
        "parentFolderId": "7f8f1ef6-3503-4923-89c7-be65e81c6aaf",
        "lineupType": "SINGLE_STAGE_REST",
        "configurations": [
            {
                "configuration": "Egress Config2",
                "configurationId": "c715871d-4cfc-4b27-8aeb-3a7af0bd1c61",
                "configState": "INACTIVE",
                "configValidity": "VALID"
            }
        ]
    }
]
2025-03-28 14:33:26,862 - INFO - 127.0.0.1 - - [28/Mar/2025 14:33:26] "GET /list-lineups HTTP/1.1" 200 -
2025-03-28 14:33:26,868 - INFO - Starting the get_resources process.
2025-03-28 14:33:26,869 - INFO - Sending GET request to URL: https://10.169.22.17:8443/vsm/resources
2025-03-28 14:33:28,343 - INFO - Request successful. Response status: 200
2025-03-28 14:33:28,344 - INFO - Response JSON: 
[
    {
        "name": "vDCM_Ex",
        "type": "DCM",
        "swVersion": "23.3.1",
        "restApiHost": "10.169.17.86",
        "id": "8a299691-93b6-fcb3-0194-2aace4a76041",
        "uiURL": "http://10.169.17.86:80",
        "subType": "SOFTWARE",
        "properties": [
            {
                "property": "URCSmxUDPPort",
                "value": "Not Applicable"
            },
            {
                "property": "ScsProxyMonitoringEnabled",
                "value": "true"
            },
            {
                "property": "UIPort",
                "value": "80"
            },
            {
                "property": "HTTPSPort",
                "value": "8443"
            },
            {
                "property": "AutoReApplyConfiguration",
                "value": "false"
            },
            {
                "property": "UIProtocol",
                "value": "http"
            },
            {
                "property": "SetUdpBoundary",
                "value": "0"
            },
            {
                "property": "SetUrcSmxUdpPort",
                "value": "0"
            },
            {
                "property": "HostID",
                "value": "0000FLM2051RMN3"
            },
            {
                "property": "MessageMonitoringEnabled",
                "value": "true"
            },
            {
                "property": "ConfigureURC2",
                "value": "NotManaged"
            },
            {
                "property": "REST_Communication",
                "value": "true"
            },
            {
                "property": "EISProxyPortNumber",
                "value": "9000"
            },
            {
                "property": "VMFP_ABR_Present",
                "value": "true"
            },
            {
                "property": "URCSmxIPAddress",
                "value": "Not Applicable"
            },
            {
                "property": "PathSimFile",
                "value": ""
            },
            {
                "property": "IGMP_Mode",
                "value": "Manual"
            },
            {
                "property": "HTTPTimeout",
                "value": "500"
            },
            {
                "property": "IIOPAccountName",
                "value": "admin"
            },
            {
                "property": "URCSmxCommunityName",
                "value": "Not Applicable"
            },
            {
                "property": "SubType",
                "value": "4"
            },
            {
                "property": "SimulationMode",
                "value": "Off"
            },
            {
                "property": "CollectMetrics",
                "value": "NotManaged"
            },
            {
                "property": "IIOP_Communication",
                "value": "false"
            },
            {
                "property": "RestAPIProtocol",
                "value": "https"
            },
            {
                "property": "RestAPIHost",
                "value": "10.169.17.86"
            },
            {
                "property": "SetSystemName",
                "value": "Disabled"
            },
            {
                "property": "UIHost",
                "value": "10.169.17.86"
            },
            {
                "property": "EISProxyHost",
                "value": "10.169.17.86"
            },
            {
                "property": "IpStreamCreationMode",
                "value": "IP_UDP"
            },
            {
                "property": "PSIGProxyHost",
                "value": "10.169.17.86"
            },
            {
                "property": "PollRetryCount",
                "value": "2"
            },
            {
                "property": "CandidateForCleanup",
                "value": "false"
            },
            {
                "property": "HTTPRetryCount",
                "value": "1"
            },
            {
                "property": "UdpBoundary",
                "value": "0"
            },
            {
                "property": "PSIGProxyPortNumber",
                "value": "8502"
            }
        ]
    },
    {
        "name": "vDCM2",
        "type": "DCM",
        "restApiHost": "10.169.17.23",
        "id": "8a299691-93b6-fcb3-0194-72eb08f375dd",
        "uiURL": "http://10.169.17.23:80",
        "subType": "NOT_APPLICABLE",
        "properties": [
            {
                "property": "URCSmxUDPPort",
                "value": ""
            },
            {
                "property": "ScsProxyMonitoringEnabled",
                "value": "false"
            },
            {
                "property": "UIPort",
                "value": "80"
            },
            {
                "property": "HTTPSPort",
                "value": "8443"
            },
            {
                "property": "AutoReApplyConfiguration",
                "value": "false"
            },
            {
                "property": "UIProtocol",
                "value": "http"
            },
            {
                "property": "SetUdpBoundary",
                "value": "0"
            },
            {
                "property": "SetUrcSmxUdpPort",
                "value": "0"
            },
            {
                "property": "HostID",
                "value": ""
            },
            {
                "property": "MessageMonitoringEnabled",
                "value": "true"
            },
            {
                "property": "ConfigureURC2",
                "value": "NotManaged"
            },
            {
                "property": "REST_Communication",
                "value": "true"
            },
            {
                "property": "EISProxyPortNumber",
                "value": "9000"
            },
            {
                "property": "VMFP_ABR_Present",
                "value": "false"
            },
            {
                "property": "URCSmxIPAddress",
                "value": ""
            },
            {
                "property": "PathSimFile",
                "value": ""
            },
            {
                "property": "IGMP_Mode",
                "value": "Unknown"
            },
            {
                "property": "HTTPTimeout",
                "value": "500"
            },
            {
                "property": "IIOPAccountName",
                "value": "guest"
            },
            {
                "property": "URCSmxCommunityName",
                "value": ""
            },
            {
                "property": "SubType",
                "value": "-1"
            },
            {
                "property": "SimulationMode",
                "value": "Off"
            },
            {
                "property": "CollectMetrics",
                "value": "NotManaged"
            },
            {
                "property": "IIOP_Communication",
                "value": "false"
            },
            {
                "property": "RestAPIProtocol",
                "value": "https"
            },
            {
                "property": "RestAPIHost",
                "value": "10.169.17.23"
            },
            {
                "property": "SetSystemName",
                "value": "Disabled"
            },
            {
                "property": "UIHost",
                "value": "10.169.17.23"
            },
            {
                "property": "EISProxyHost",
                "value": "10.169.17.23"
            },
            {
                "property": "IpStreamCreationMode",
                "value": "IP_UDP"
            },
            {
                "property": "PSIGProxyHost",
                "value": "10.169.17.23"
            },
            {
                "property": "PollRetryCount",
                "value": "2"
            },
            {
                "property": "CandidateForCleanup",
                "value": "false"
            },
            {
                "property": "HTTPRetryCount",
                "value": "1"
            },
            {
                "property": "UdpBoundary",
                "value": ""
            },
            {
                "property": "PSIGProxyPortNumber",
                "value": "8502"
            }
        ]
    },
    {
        "name": "vDCM3",
        "type": "DCM",
        "iiopHost": "string",
        "restApiHost": "10.169.17.25",
        "id": "8a299691-951d-e4fb-0195-223dd0e8626a",
        "uiURL": "http://string:80",
        "subType": "NOT_APPLICABLE",
        "properties": [
            {
                "property": "URCSmxUDPPort",
                "value": ""
            },
            {
                "property": "ScsProxyMonitoringEnabled",
                "value": "false"
            },
            {
                "property": "UIPort",
                "value": "80"
            },
            {
                "property": "HTTPSPort",
                "value": "8443"
            },
            {
                "property": "AutoReApplyConfiguration",
                "value": "false"
            },
            {
                "property": "UIProtocol",
                "value": "http"
            },
            {
                "property": "SetUdpBoundary",
                "value": "0"
            },
            {
                "property": "SetUrcSmxUdpPort",
                "value": "0"
            },
            {
                "property": "HostID",
                "value": ""
            },
            {
                "property": "MaxVSEperPool",
                "value": "0"
            },
            {
                "property": "MessageMonitoringEnabled",
                "value": "true"
            },
            {
                "property": "ConfigureURC2",
                "value": "NotManaged"
            },
            {
                "property": "REST_Communication",
                "value": "true"
            },
            {
                "property": "EISProxyPortNumber",
                "value": "9000"
            },
            {
                "property": "VMFP_ABR_Present",
                "value": "false"
            },
            {
                "property": "URCSmxIPAddress",
                "value": ""
            },
            {
                "property": "PollPort",
                "value": "80"
            },
            {
                "property": "PathSimFile",
                "value": " "
            },
            {
                "property": "IIOPPort",
                "value": "5003"
            },
            {
                "property": "IGMP_Mode",
                "value": "Unknown"
            },
            {
                "property": "HTTPTimeout",
                "value": "500"
            },
            {
                "property": "MaxNumberOfPools",
                "value": "0"
            },
            {
                "property": "IIOPAccountName",
                "value": "guest"
            },
            {
                "property": "URCSmxCommunityName",
                "value": ""
            },
            {
                "property": "SubType",
                "value": "-1"
            },
            {
                "property": "SimulationMode",
                "value": "Off"
            },
            {
                "property": "CollectMetrics",
                "value": "NotManaged"
            },
            {
                "property": "MaxNumberOfVSEs",
                "value": "0"
            },
            {
                "property": "IIOP_Communication",
                "value": "true"
            },
            {
                "property": "RestAPIProtocol",
                "value": "https"
            },
            {
                "property": "RestAPIHost",
                "value": "10.169.17.25"
            },
            {
                "property": "SetSystemName",
                "value": "Disabled"
            },
            {
                "property": "UIHost",
                "value": "string"
            },
            {
                "property": "EISProxyHost",
                "value": "string"
            },
            {
                "property": "IpStreamCreationMode",
                "value": "IP_UDP"
            },
            {
                "property": "PollTimeOut",
                "value": "500"
            },
            {
                "property": "PSIGProxyHost",
                "value": "string"
            },
            {
                "property": "PollRetryCount",
                "value": "2"
            },
            {
                "property": "CandidateForCleanup",
                "value": "false"
            },
            {
                "property": "HTTPRetryCount",
                "value": "1"
            },
            {
                "property": "IIOPHost",
                "value": "string"
            },
            {
                "property": "UdpBoundary",
                "value": ""
            },
            {
                "property": "PSIGProxyPortNumber",
                "value": "8502"
            }
        ]
    }
]
2025-03-28 14:33:28,346 - INFO - 127.0.0.1 - - [28/Mar/2025 14:33:28] "GET /list-resources HTTP/1.1" 200 -
2025-03-28 14:37:26,837 - INFO -  * Detected change in 'C:\\Users\\nkalyani\\PycharmProjects\\FlaskBackend\\scripts\\get_sources.py', reloading
