2025-04-02 15:38:26,278 - INFO - Finished the delete lineup config process.
2025-04-02 15:38:26,279 - INFO - Finished the delete lineup folders process.
2025-04-02 15:38:26,280 - INFO - Finished the delete pool process.
2025-04-02 15:38:26,281 - INFO - Finished the delete lineup process.
2025-04-02 15:38:26,284 - INFO - Finished the get lineup configs process.
2025-04-02 15:38:26,286 - INFO - Finished the get lineup configs process.
2025-04-02 15:38:26,286 - INFO - Finished the get_lineup_folders process.
2025-04-02 15:38:26,287 - INFO - Finished the get_lineups process.
2025-04-02 15:38:26,288 - INFO - Finished the get_logs process.
2025-04-02 15:38:26,289 - INFO - Finished the pools process.
2025-04-02 15:38:26,289 - INFO - Finished the get_resources process.
2025-04-02 15:38:26,290 - INFO - Finished the get_sources process.
2025-04-02 15:38:26,291 - INFO - Finished the post_lineup_config process.
2025-04-02 15:38:26,292 - INFO - Finished the post_lineup_folders process.
2025-04-02 15:38:26,292 - INFO - Finished the post_lineups process.
2025-04-02 15:38:26,293 - INFO - Finished the post_pools process.
2025-04-02 15:38:26,294 - INFO - Finished the put_lineups process.
2025-04-02 15:38:26,294 - INFO - Finished the put_lineup_config process.
2025-04-02 15:38:26,295 - INFO - Finished the put_lineup_folders process.
2025-04-02 15:38:26,297 - INFO - Finished the put_pools process.
2025-04-02 15:38:26,344 - INFO - [31m[1mWARNING: This is a development server. Do not use it in a production deployment. Use a production WSGI server instead.[0m
 * Running on http://127.0.0.1:5000
2025-04-02 15:38:26,344 - INFO - [33mPress CTRL+C to quit[0m
2025-04-02 15:38:26,346 - INFO -  * Restarting with stat
